
Showing logs for build [32msimonjamesrowe-model-master-rel-lcqsb-12[0m stage [32mfrom-build-pack[0m and container [32mcredential-initializer[0m
{"level":"info","ts":1612942590.4325857,"caller":"creds-init/main.go:44","msg":"Credentials initialized."}

Showing logs for build [32msimonjamesrowe-model-master-rel-lcqsb-12[0m stage [32mfrom-build-pack[0m and container [32mworking-dir-initializer[0m

Showing logs for build [32msimonjamesrowe-model-master-rel-lcqsb-12[0m stage [32mfrom-build-pack[0m and container [32mplace-tools[0m

Showing logs for build [32msimonjamesrowe-model-master-rel-lcqsb-12[0m stage [32mfrom-build-pack[0m and container [32mstep-git-source-simonjamesrowe-model-master-rel-lcqsb-b4hvg[0m
{"level":"info","ts":1612942597.330437,"caller":"git/git.go:105","msg":"Successfully cloned https://github.com/simonjamesrowe/model.git @ v0.0.12 in path /workspace/source"}
{"level":"warn","ts":1612942597.3305583,"caller":"git/git.go:152","msg":"Unexpected error: creating symlink: symlink /tekton/home/.ssh /****/.ssh: file exists"}
{"level":"info","ts":1612942597.3772774,"caller":"git/git.go:133","msg":"Successfully initialized and updated submodules in path /workspace/source"}

Showing logs for build [32msimonjamesrowe-model-master-rel-lcqsb-12[0m stage [32mfrom-build-pack[0m and container [32mstep-setup-builder-home[0m

Showing logs for build [32msimonjamesrowe-model-master-rel-lcqsb-12[0m stage [32mfrom-build-pack[0m and container [32mstep-git-merge[0m
Using SHAs from PULL_REFS=master:2cf6c49e7ff148cbb387ff1da014fea55f58a8a5
WARNING: no SHAs to merge, falling back to initial cloned commit

Showing logs for build [32msimonjamesrowe-model-master-rel-lcqsb-12[0m stage [32mfrom-build-pack[0m and container [32mstep-setup-jx-git-credentials[0m
Generated Git credentials file /workspace/xdg_config/git/credentials

Showing logs for build [32msimonjamesrowe-model-master-rel-lcqsb-12[0m stage [32mfrom-build-pack[0m and container [32mstep-build-gradle-build[0m
Initialized native services in: /****/.gradle/native
Removing 0 daemon stop events from registry
Starting a Gradle Daemon (subsequent builds will be faster)
Starting process 'Gradle build daemon'. Working directory: /****/.gradle/daemon/6.5.1 Command: /usr/lib/jvm/java-11-openjdk-11.0.9.11-2.el7_9.x86_64/bin/java --add-opens java.base/java.util=ALL-UNNAMED --add-opens java.base/java.lang=ALL-UNNAMED --add-opens java.base/java.lang.invoke=ALL-UNNAMED --add-opens java.prefs/java.util.prefs=ALL-UNNAMED -XX:MaxMetaspaceSize=256m -XX:+HeapDumpOnOutOfMemoryError -Xms256m -Xmx512m -Dfile.encoding=UTF-8 -Duser.country=US -Duser.language=en -Duser.variant -cp /opt/gradle/lib/gradle-launcher-6.5.1.jar org.gradle.launcher.daemon.bootstrap.GradleDaemon 6.5.1
Successfully started process 'Gradle build daemon'
An attempt to start the daemon took 2.544 secs.
The client will now receive all logging from the daemon (pid: 52). The daemon log file: /****/.gradle/daemon/6.5.1/daemon-52.out.log
Starting build in new daemon [memory: 519.0 MB]
Closing daemon's stdin at end of input.
The daemon will no longer process any standard input.
Using 1 worker leases.
Starting Build
Compiling initialization script '/home/jenkins/.gradle/init.gradle' using SubsetScriptTransformer.
Compiling initialization script '/home/jenkins/.gradle/init.gradle' using BuildScriptTransformer.
Generating /****/.gradle/caches/6.5.1/generated-gradle-jars/gradle-api-6.5.1.jar
w: /tmp/gradle-kotlin-dsl-extensions-6.5155947840776117582231174643127540608914jar/org/gradle/kotlin/dsl/GradleApiKotlinDslExtensions23.kt:40:47: 'VariantTransform' is deprecated. Deprecated in Java
w: /tmp/gradle-kotlin-dsl-extensions-6.5155947840776117582231174643127540608914jar/org/gradle/kotlin/dsl/GradleApiKotlinDslExtensions23.kt:40:153: 'ArtifactTransform' is deprecated. Deprecated in Java
w: /tmp/gradle-kotlin-dsl-extensions-6.5155947840776117582231174643127540608914jar/org/gradle/kotlin/dsl/GradleApiKotlinDslExtensions23.kt:50:47: 'VariantTransform' is deprecated. Deprecated in Java
w: /tmp/gradle-kotlin-dsl-extensions-6.5155947840776117582231174643127540608914jar/org/gradle/kotlin/dsl/GradleApiKotlinDslExtensions23.kt:50:153: 'ArtifactTransform' is deprecated. Deprecated in Java
w: /tmp/gradle-kotlin-dsl-extensions-6.5155947840776117582231174643127540608914jar/org/gradle/kotlin/dsl/GradleApiKotlinDslExtensions41.kt:50:5: 'local(Class<T!>!): T!' is deprecated. Deprecated in Java
w: /tmp/gradle-kotlin-dsl-extensions-6.5155947840776117582231174643127540608914jar/org/gradle/kotlin/dsl/GradleApiKotlinDslExtensions41.kt:60:5: 'local(Class<T!>!, Action<in T!>!): T!' is deprecated. Deprecated in Java
w: /tmp/gradle-kotlin-dsl-extensions-6.5155947840776117582231174643127540608914jar/org/gradle/kotlin/dsl/GradleApiKotlinDslExtensions48.kt:41:5: 'submit(Class<out Runnable!>!, Action<in WorkerConfiguration!>!): Unit' is deprecated. Deprecated in Java
w: /tmp/gradle-kotlin-dsl-extensions-6.5155947840776117582231174643127540608914jar/org/gradle/kotlin/dsl/GradleApiKotlinDslExtensions56.kt:39:151: 'GroovyMavenDeployer' is deprecated. Deprecated in Java
w: /tmp/gradle-kotlin-dsl-extensions-6.5155947840776117582231174643127540608914jar/org/gradle/kotlin/dsl/GradleApiKotlinDslExtensions56.kt:48:194: 'GroovyMavenDeployer' is deprecated. Deprecated in Java
w: /tmp/gradle-kotlin-dsl-extensions-6.5155947840776117582231174643127540608914jar/org/gradle/kotlin/dsl/GradleApiKotlinDslExtensions56.kt:48:248: 'GroovyMavenDeployer' is deprecated. Deprecated in Java
w: /tmp/gradle-kotlin-dsl-extensions-6.5155947840776117582231174643127540608914jar/org/gradle/kotlin/dsl/GradleApiKotlinDslExtensions56.kt:57:152: 'MavenResolver' is deprecated. Deprecated in Java
w: /tmp/gradle-kotlin-dsl-extensions-6.5155947840776117582231174643127540608914jar/org/gradle/kotlin/dsl/GradleApiKotlinDslExtensions56.kt:66:195: 'MavenResolver' is deprecated. Deprecated in Java
w: /tmp/gradle-kotlin-dsl-extensions-6.5155947840776117582231174643127540608914jar/org/gradle/kotlin/dsl/GradleApiKotlinDslExtensions56.kt:66:243: 'MavenResolver' is deprecated. Deprecated in Java
Settings evaluated using settings file '/workspace/source/settings.gradle.kts'.
Projects loaded. Root project using build file '/workspace/source/build.gradle.kts'.
Included projects: [**** project 'model']

> Configure project :
Evaluating **** project 'model' using build file '/workspace/source/build.gradle.kts'.
Downloading https://plugins.gradle.org/m2/org/springframework/boot/org.springframework.boot.gradle.plugin/2.4.1/org.springframework.boot.gradle.plugin-2.4.1.pom to /tmp/gradle_download12262954711566896294bin
Resource missing. [HTTP HEAD: https://plugins.gradle.org/m2/org/springframework/boot/org.springframework.boot.gradle.plugin/2.4.1/org.springframework.boot.gradle.plugin-2.4.1.jar]
Downloading https://plugins.gradle.org/m2/io/spring/dependency-management/io.spring.dependency-management.gradle.plugin/1.0.10.RELEASE/io.spring.dependency-management.gradle.plugin-1.0.10.RELEASE.pom to /tmp/gradle_download16176075249548236636bin
Resource missing. [HTTP HEAD: https://plugins.gradle.org/m2/io/spring/dependency-management/io.spring.dependency-management.gradle.plugin/1.0.10.RELEASE/io.spring.dependency-management.gradle.plugin-1.0.10.RELEASE.jar]
Downloading https://plugins.gradle.org/m2/org/jetbrains/kotlin/jvm/org.jetbrains.kotlin.jvm.gradle.plugin/1.4.21/org.jetbrains.kotlin.jvm.gradle.plugin-1.4.21.pom to /tmp/gradle_download7116008625241490297bin
Resource missing. [HTTP HEAD: https://plugins.gradle.org/m2/org/jetbrains/kotlin/jvm/org.jetbrains.kotlin.jvm.gradle.plugin/1.4.21/org.jetbrains.kotlin.jvm.gradle.plugin-1.4.21.jar]
Downloading https://plugins.gradle.org/m2/org/jetbrains/kotlin/plugin/spring/org.jetbrains.kotlin.plugin.spring.gradle.plugin/1.4.21/org.jetbrains.kotlin.plugin.spring.gradle.plugin-1.4.21.pom to /tmp/gradle_download7816489429407257175bin
Resource missing. [HTTP HEAD: https://plugins.gradle.org/m2/org/jetbrains/kotlin/plugin/spring/org.jetbrains.kotlin.plugin.spring.gradle.plugin/1.4.21/org.jetbrains.kotlin.plugin.spring.gradle.plugin-1.4.21.jar]
Downloading https://plugins.gradle.org/m2/org/springframework/boot/spring-boot-gradle-plugin/2.4.1/spring-boot-gradle-plugin-2.4.1.pom to /tmp/gradle_download16391070638147541139bin
Downloading https://plugins.gradle.org/m2/org/springframework/boot/spring-boot-gradle-plugin/2.4.1/spring-boot-gradle-plugin-2.4.1.module to /tmp/gradle_download10977822846008784625bin
Downloading https://plugins.gradle.org/m2/io/spring/gradle/dependency-management-plugin/1.0.10.RELEASE/dependency-management-plugin-1.0.10.RELEASE.pom to /tmp/gradle_download16881367566016308538bin
Downloading https://plugins.gradle.org/m2/org/jetbrains/kotlin/kotlin-gradle-plugin/1.4.21/kotlin-gradle-plugin-1.4.21.pom to /tmp/gradle_download9260456691811050022bin
Downloading https://plugins.gradle.org/m2/org/jetbrains/kotlin/kotlin-allopen/1.4.21/kotlin-allopen-1.4.21.pom to /tmp/gradle_download5372532297451481897bin
Downloading https://plugins.gradle.org/m2/org/springframework/boot/spring-boot-buildpack-platform/2.4.1/spring-boot-buildpack-platform-2.4.1.pom to /tmp/gradle_download2654383539201857280bin
Downloading https://plugins.gradle.org/m2/org/springframework/boot/spring-boot-buildpack-platform/2.4.1/spring-boot-buildpack-platform-2.4.1.module to /tmp/gradle_download11131500103518926994bin
Downloading https://plugins.gradle.org/m2/org/apache/commons/commons-compress/1.20/commons-compress-1.20.pom to /tmp/gradle_download8393379221171637946bin
Downloading https://plugins.gradle.org/m2/org/apache/commons/commons-parent/48/commons-parent-48.pom to /tmp/gradle_download14244500567225186507bin
Downloading https://plugins.gradle.org/m2/org/apache/apache/21/apache-21.pom to /tmp/gradle_download17752380501224263975bin
Downloading https://plugins.gradle.org/m2/org/springframework/spring-core/5.3.2/spring-core-5.3.2.pom to /tmp/gradle_download16514144203399141273bin
Downloading https://plugins.gradle.org/m2/org/springframework/spring-core/5.3.2/spring-core-5.3.2.module to /tmp/gradle_download15128630545179780174bin
Downloading https://plugins.gradle.org/m2/org/springframework/boot/spring-boot-loader-tools/2.4.1/spring-boot-loader-tools-2.4.1.pom to /tmp/gradle_download8023819514398932800bin
Downloading https://plugins.gradle.org/m2/org/springframework/boot/spring-boot-loader-tools/2.4.1/spring-boot-loader-tools-2.4.1.module to /tmp/gradle_download4401881113092039567bin
Downloading https://plugins.gradle.org/m2/org/jetbrains/kotlin/kotlin-gradle-plugin-api/1.4.21/kotlin-gradle-plugin-api-1.4.21.pom to /tmp/gradle_download10172942591504387939bin
Downloading https://plugins.gradle.org/m2/org/jetbrains/kotlin/kotlin-util-klib/1.4.21/kotlin-util-klib-1.4.21.pom to /tmp/gradle_download17341914627489521844bin
Downloading https://plugins.gradle.org/m2/com/google/code/gson/gson/2.8.6/gson-2.8.6.pom to /tmp/gradle_download12468292453370899704bin
Downloading https://plugins.gradle.org/m2/com/google/code/gson/gson-parent/2.8.6/gson-parent-2.8.6.pom to /tmp/gradle_download6564092330947835764bin
Downloading https://plugins.gradle.org/m2/org/sonatype/oss/oss-parent/7/oss-parent-7.pom to /tmp/gradle_download4542286546084916759bin
Downloading https://plugins.gradle.org/m2/de/undercouch/gradle-download-task/4.0.2/gradle-download-task-4.0.2.pom to /tmp/gradle_download9841853426495208858bin
Downloading https://plugins.gradle.org/m2/com/github/gundy/semver4j/0.16.4/semver4j-0.16.4.pom to /tmp/gradle_download3161638046854639751bin
Downloading https://plugins.gradle.org/m2/org/jetbrains/kotlin/kotlin-compiler-embeddable/1.4.21/kotlin-compiler-embeddable-1.4.21.pom to /tmp/gradle_download15794785066813996358bin
Downloading https://plugins.gradle.org/m2/org/jetbrains/kotlin/kotlin-annotation-processing-gradle/1.4.21/kotlin-annotation-processing-gradle-1.4.21.pom to /tmp/gradle_download6080646927938699526bin
Downloading https://plugins.gradle.org/m2/org/jetbrains/kotlin/kotlin-android-extensions/1.4.21/kotlin-android-extensions-1.4.21.pom to /tmp/gradle_download4156173975529717047bin
Downloading https://plugins.gradle.org/m2/org/jetbrains/kotlin/kotlin-compiler-runner/1.4.21/kotlin-compiler-runner-1.4.21.pom to /tmp/gradle_download16578921045998029633bin
Downloading https://plugins.gradle.org/m2/org/jetbrains/kotlin/kotlin-scripting-compiler-embeddable/1.4.21/kotlin-scripting-compiler-embeddable-1.4.21.pom to /tmp/gradle_download3005393365545318651bin
Downloading https://plugins.gradle.org/m2/org/jetbrains/kotlin/kotlin-scripting-compiler-impl-embeddable/1.4.21/kotlin-scripting-compiler-impl-embeddable-1.4.21.pom to /tmp/gradle_download14802155832144260464bin
Downloading https://plugins.gradle.org/m2/org/jetbrains/kotlin/kotlin-gradle-plugin-model/1.4.21/kotlin-gradle-plugin-model-1.4.21.pom to /tmp/gradle_download8934666840483705961bin
Downloading https://plugins.gradle.org/m2/org/jetbrains/kotlin/kotlin-stdlib/1.3.72/kotlin-stdlib-1.3.72.pom to /tmp/gradle_download15854831412821704852bin
Downloading https://plugins.gradle.org/m2/org/jetbrains/kotlin/kotlin-reflect/1.3.72/kotlin-reflect-1.3.72.pom to /tmp/gradle_download12347671665196091584bin
Downloading https://plugins.gradle.org/m2/com/fasterxml/jackson/core/jackson-databind/2.11.3/jackson-databind-2.11.3.pom to /tmp/gradle_download3390888273663793310bin
Downloading https://plugins.gradle.org/m2/com/fasterxml/jackson/jackson-base/2.11.3/jackson-base-2.11.3.pom to /tmp/gradle_download10241880011398441587bin
Downloading https://plugins.gradle.org/m2/com/fasterxml/jackson/jackson-bom/2.11.3/jackson-bom-2.11.3.pom to /tmp/gradle_download8015051079262336286bin
Downloading https://plugins.gradle.org/m2/com/fasterxml/jackson/jackson-parent/2.11/jackson-parent-2.11.pom to /tmp/gradle_download17254751649300409426bin
Downloading https://plugins.gradle.org/m2/com/fasterxml/oss-parent/38/oss-parent-38.pom to /tmp/gradle_download17370706514029722033bin
Downloading https://plugins.gradle.org/m2/net/java/dev/jna/jna-platform/5.5.0/jna-platform-5.5.0.pom to /tmp/gradle_download8537075270399760517bin
Downloading https://plugins.gradle.org/m2/org/apache/httpcomponents/httpclient/4.5.13/httpclient-4.5.13.pom to /tmp/gradle_download7331613292649173852bin
Downloading https://plugins.gradle.org/m2/org/apache/httpcomponents/httpcomponents-client/4.5.13/httpcomponents-client-4.5.13.pom to /tmp/gradle_download9031764274987101230bin
Downloading https://plugins.gradle.org/m2/org/apache/httpcomponents/httpcomponents-parent/11/httpcomponents-parent-11.pom to /tmp/gradle_download1313892251615298477bin
Downloading https://plugins.gradle.org/m2/com/fasterxml/jackson/module/jackson-module-parameter-names/2.11.3/jackson-module-parameter-names-2.11.3.pom to /tmp/gradle_download8020394536826889961bin
Downloading https://plugins.gradle.org/m2/com/fasterxml/jackson/module/jackson-modules-java8/2.11.3/jackson-modules-java8-2.11.3.pom to /tmp/gradle_download879453746808527527bin
Downloading https://plugins.gradle.org/m2/org/springframework/spring-jcl/5.3.2/spring-jcl-5.3.2.pom to /tmp/gradle_download6164540816874787960bin
Downloading https://plugins.gradle.org/m2/org/springframework/spring-jcl/5.3.2/spring-jcl-5.3.2.module to /tmp/gradle_download7771422784895634681bin
Downloading https://plugins.gradle.org/m2/org/jetbrains/kotlin/kotlin-util-io/1.4.21/kotlin-util-io-1.4.21.pom to /tmp/gradle_download10052184091621399243bin
Downloading https://plugins.gradle.org/m2/org/antlr/antlr4-runtime/4.5.2-1/antlr4-runtime-4.5.2-1.pom to /tmp/gradle_download7101323749588571054bin
Downloading https://plugins.gradle.org/m2/org/antlr/antlr4-master/4.5.2-1/antlr4-master-4.5.2-1.pom to /tmp/gradle_download6718523253225340686bin
Downloading https://plugins.gradle.org/m2/org/sonatype/oss/oss-parent/9/oss-parent-9.pom to /tmp/gradle_download18003255471798181458bin
Downloading https://plugins.gradle.org/m2/org/jetbrains/kotlin/kotlin-script-runtime/1.4.21/kotlin-script-runtime-1.4.21.pom to /tmp/gradle_download11452563488410065256bin
Downloading https://plugins.gradle.org/m2/org/jetbrains/intellij/deps/trove4j/1.0.20181211/trove4j-1.0.20181211.pom to /tmp/gradle_download8146585455986460650bin
Downloading https://plugins.gradle.org/m2/org/jetbrains/kotlin/kotlin-daemon-embeddable/1.4.21/kotlin-daemon-embeddable-1.4.21.pom to /tmp/gradle_download16378078687668322364bin
Downloading https://plugins.gradle.org/m2/org/jetbrains/kotlin/kotlin-build-common/1.4.21/kotlin-build-common-1.4.21.pom to /tmp/gradle_download13926532225917711695bin
Downloading https://plugins.gradle.org/m2/org/jetbrains/kotlinx/kotlinx-coroutines-core/1.3.7/kotlinx-coroutines-core-1.3.7.pom to /tmp/gradle_download4746672951237222293bin
Downloading https://plugins.gradle.org/m2/org/jetbrains/kotlin/kotlin-daemon-client/1.4.21/kotlin-daemon-client-1.4.21.pom to /tmp/gradle_download7205763140106538589bin
Downloading https://plugins.gradle.org/m2/org/jetbrains/kotlin/kotlin-scripting-common/1.4.21/kotlin-scripting-common-1.4.21.pom to /tmp/gradle_download15242678447350626694bin
Downloading https://plugins.gradle.org/m2/org/jetbrains/kotlin/kotlin-scripting-jvm/1.4.21/kotlin-scripting-jvm-1.4.21.pom to /tmp/gradle_download8016055229481281545bin
Downloading https://plugins.gradle.org/m2/org/jetbrains/kotlin/kotlin-stdlib-common/1.3.72/kotlin-stdlib-common-1.3.72.pom to /tmp/gradle_download11027256124452042711bin
Downloading https://plugins.gradle.org/m2/org/jetbrains/annotations/13.0/annotations-13.0.pom to /tmp/gradle_download10752660675407191430bin
Downloading https://plugins.gradle.org/m2/com/fasterxml/jackson/core/jackson-annotations/2.11.3/jackson-annotations-2.11.3.pom to /tmp/gradle_download3052029908525561935bin
Downloading https://plugins.gradle.org/m2/com/fasterxml/jackson/core/jackson-core/2.11.3/jackson-core-2.11.3.pom to /tmp/gradle_download5266313116191427426bin
Downloading https://plugins.gradle.org/m2/net/java/dev/jna/jna/5.5.0/jna-5.5.0.pom to /tmp/gradle_download734475109982777876bin
Downloading https://plugins.gradle.org/m2/org/apache/httpcomponents/httpcore/4.4.13/httpcore-4.4.13.pom to /tmp/gradle_download17852000515017071227bin
Downloading https://plugins.gradle.org/m2/org/apache/httpcomponents/httpcomponents-core/4.4.13/httpcomponents-core-4.4.13.pom to /tmp/gradle_download6433005006822161400bin
Downloading https://plugins.gradle.org/m2/commons-codec/commons-codec/1.11/commons-codec-1.11.pom to /tmp/gradle_download17279200954878144826bin
Downloading https://plugins.gradle.org/m2/org/apache/commons/commons-parent/42/commons-parent-42.pom to /tmp/gradle_download7791508146812220880bin
Downloading https://plugins.gradle.org/m2/org/apache/apache/18/apache-18.pom to /tmp/gradle_download15436094215887122009bin
Downloading https://plugins.gradle.org/m2/commons-logging/commons-logging/1.2/commons-logging-1.2.pom to /tmp/gradle_download810390014885700254bin
Downloading https://plugins.gradle.org/m2/org/apache/commons/commons-parent/34/commons-parent-34.pom to /tmp/gradle_download17139923224662051802bin
Downloading https://plugins.gradle.org/m2/org/apache/apache/13/apache-13.pom to /tmp/gradle_download11686560728054713645bin
Downloading https://plugins.gradle.org/m2/org/jetbrains/kotlin/kotlin-gradle-plugin/1.4.21/kotlin-gradle-plugin-1.4.21.jar to /tmp/gradle_download10803184564957769714bin
Downloading https://plugins.gradle.org/m2/org/jetbrains/kotlin/kotlin-gradle-plugin-api/1.4.21/kotlin-gradle-plugin-api-1.4.21.jar to /tmp/gradle_download10850882777227327084bin
Downloading https://plugins.gradle.org/m2/org/jetbrains/kotlin/kotlin-gradle-plugin-model/1.4.21/kotlin-gradle-plugin-model-1.4.21.jar to /tmp/gradle_download5636614857667890955bin
Downloading https://plugins.gradle.org/m2/org/jetbrains/kotlin/kotlin-util-klib/1.4.21/kotlin-util-klib-1.4.21.jar to /tmp/gradle_download18062586455282047334bin
Downloading https://plugins.gradle.org/m2/org/jetbrains/kotlin/kotlin-annotation-processing-gradle/1.4.21/kotlin-annotation-processing-gradle-1.4.21.jar to /tmp/gradle_download17011094720236953573bin
Downloading https://plugins.gradle.org/m2/org/jetbrains/kotlin/kotlin-android-extensions/1.4.21/kotlin-android-extensions-1.4.21.jar to /tmp/gradle_download14974769289359729702bin
Downloading https://plugins.gradle.org/m2/org/jetbrains/kotlin/kotlin-compiler-runner/1.4.21/kotlin-compiler-runner-1.4.21.jar to /tmp/gradle_download4074024320487448209bin
Downloading https://plugins.gradle.org/m2/org/jetbrains/kotlin/kotlin-compiler-embeddable/1.4.21/kotlin-compiler-embeddable-1.4.21.jar to /tmp/gradle_download8021515348542967086bin
Downloading https://plugins.gradle.org/m2/org/jetbrains/kotlin/kotlin-scripting-compiler-embeddable/1.4.21/kotlin-scripting-compiler-embeddable-1.4.21.jar to /tmp/gradle_download8416288869016077322bin
Downloading https://plugins.gradle.org/m2/org/jetbrains/kotlin/kotlin-scripting-compiler-impl-embeddable/1.4.21/kotlin-scripting-compiler-impl-embeddable-1.4.21.jar to /tmp/gradle_download12323657572012638494bin
Downloading https://plugins.gradle.org/m2/org/jetbrains/kotlin/kotlin-daemon-client/1.4.21/kotlin-daemon-client-1.4.21.jar to /tmp/gradle_download4756580354464628177bin
Downloading https://plugins.gradle.org/m2/org/jetbrains/kotlin/kotlin-reflect/1.3.72/kotlin-reflect-1.3.72.jar to /tmp/gradle_download185529442817175642bin
Downloading https://plugins.gradle.org/m2/org/jetbrains/kotlin/kotlin-util-io/1.4.21/kotlin-util-io-1.4.21.jar to /tmp/gradle_download17518609990427682234bin
Downloading https://plugins.gradle.org/m2/org/jetbrains/kotlin/kotlin-scripting-jvm/1.4.21/kotlin-scripting-jvm-1.4.21.jar to /tmp/gradle_download15489497576276720230bin
Downloading https://plugins.gradle.org/m2/org/jetbrains/kotlin/kotlin-scripting-common/1.4.21/kotlin-scripting-common-1.4.21.jar to /tmp/gradle_download1129491200436677305bin
Downloading https://plugins.gradle.org/m2/org/jetbrains/kotlinx/kotlinx-coroutines-core/1.3.7/kotlinx-coroutines-core-1.3.7.jar to /tmp/gradle_download12269241490107119257bin
Downloading https://plugins.gradle.org/m2/org/jetbrains/kotlin/kotlin-stdlib/1.3.72/kotlin-stdlib-1.3.72.jar to /tmp/gradle_download13321344772422924152bin
Downloading https://plugins.gradle.org/m2/org/jetbrains/kotlin/kotlin-stdlib-common/1.3.72/kotlin-stdlib-common-1.3.72.jar to /tmp/gradle_download3053532628290260650bin
Downloading https://plugins.gradle.org/m2/org/jetbrains/annotations/13.0/annotations-13.0.jar to /tmp/gradle_download9917365465739285557bin
Downloading https://plugins.gradle.org/m2/org/springframework/boot/spring-boot-gradle-plugin/2.4.1/spring-boot-gradle-plugin-2.4.1.jar to /tmp/gradle_download9319035807075523078bin
Downloading https://plugins.gradle.org/m2/io/spring/gradle/dependency-management-plugin/1.0.10.RELEASE/dependency-management-plugin-1.0.10.RELEASE.jar to /tmp/gradle_download11239819453261420515bin
Downloading https://plugins.gradle.org/m2/org/springframework/boot/spring-boot-buildpack-platform/2.4.1/spring-boot-buildpack-platform-2.4.1.jar to /tmp/gradle_download11398384971280994855bin
Downloading https://plugins.gradle.org/m2/org/springframework/boot/spring-boot-loader-tools/2.4.1/spring-boot-loader-tools-2.4.1.jar to /tmp/gradle_download2991205201258768540bin
Downloading https://plugins.gradle.org/m2/org/apache/commons/commons-compress/1.20/commons-compress-1.20.jar to /tmp/gradle_download1669500659645273703bin
Downloading https://plugins.gradle.org/m2/org/springframework/spring-core/5.3.2/spring-core-5.3.2.jar to /tmp/gradle_download15118281092070979526bin
Downloading https://plugins.gradle.org/m2/com/google/code/gson/gson/2.8.6/gson-2.8.6.jar to /tmp/gradle_download10754943449869197155bin
Downloading https://plugins.gradle.org/m2/de/undercouch/gradle-download-task/4.0.2/gradle-download-task-4.0.2.jar to /tmp/gradle_download3605829127453952284bin
Downloading https://plugins.gradle.org/m2/com/github/gundy/semver4j/0.16.4/semver4j-0.16.4.jar to /tmp/gradle_download920598056240858347bin
Downloading https://plugins.gradle.org/m2/com/fasterxml/jackson/module/jackson-module-parameter-names/2.11.3/jackson-module-parameter-names-2.11.3.jar to /tmp/gradle_download528852739771399672bin
Downloading https://plugins.gradle.org/m2/com/fasterxml/jackson/core/jackson-databind/2.11.3/jackson-databind-2.11.3.jar to /tmp/gradle_download17394206818870507477bin
Downloading https://plugins.gradle.org/m2/net/java/dev/jna/jna-platform/5.5.0/jna-platform-5.5.0.jar to /tmp/gradle_download17586189373841467143bin
Downloading https://plugins.gradle.org/m2/org/apache/httpcomponents/httpclient/4.5.13/httpclient-4.5.13.jar to /tmp/gradle_download9748198699073227876bin
Downloading https://plugins.gradle.org/m2/org/springframework/spring-jcl/5.3.2/spring-jcl-5.3.2.jar to /tmp/gradle_download11290796091468529369bin
Downloading https://plugins.gradle.org/m2/org/antlr/antlr4-runtime/4.5.2-1/antlr4-runtime-4.5.2-1.jar to /tmp/gradle_download2194568041334814714bin
Downloading https://plugins.gradle.org/m2/org/jetbrains/kotlin/kotlin-script-runtime/1.4.21/kotlin-script-runtime-1.4.21.jar to /tmp/gradle_download14476746873014141761bin
Downloading https://plugins.gradle.org/m2/org/jetbrains/kotlin/kotlin-daemon-embeddable/1.4.21/kotlin-daemon-embeddable-1.4.21.jar to /tmp/gradle_download7750825186521273193bin
Downloading https://plugins.gradle.org/m2/org/jetbrains/intellij/deps/trove4j/1.0.20181211/trove4j-1.0.20181211.jar to /tmp/gradle_download9315964010424553154bin
Downloading https://plugins.gradle.org/m2/org/jetbrains/kotlin/kotlin-build-common/1.4.21/kotlin-build-common-1.4.21.jar to /tmp/gradle_download6811493232694781048bin
Downloading https://plugins.gradle.org/m2/com/fasterxml/jackson/core/jackson-annotations/2.11.3/jackson-annotations-2.11.3.jar to /tmp/gradle_download4266003383563043173bin
Downloading https://plugins.gradle.org/m2/com/fasterxml/jackson/core/jackson-core/2.11.3/jackson-core-2.11.3.jar to /tmp/gradle_download7322361127206869289bin
Downloading https://plugins.gradle.org/m2/net/java/dev/jna/jna/5.5.0/jna-5.5.0.jar to /tmp/gradle_download8941253382613345437bin
Downloading https://plugins.gradle.org/m2/org/apache/httpcomponents/httpcore/4.4.13/httpcore-4.4.13.jar to /tmp/gradle_download9971714793223722306bin
Downloading https://plugins.gradle.org/m2/commons-logging/commons-logging/1.2/commons-logging-1.2.jar to /tmp/gradle_download9628041028889631310bin
Downloading https://plugins.gradle.org/m2/commons-codec/commons-codec/1.11/commons-codec-1.11.jar to /tmp/gradle_download12899186536101648709bin
Downloading https://plugins.gradle.org/m2/org/jetbrains/kotlin/kotlin-allopen/1.4.21/kotlin-allopen-1.4.21.jar to /tmp/gradle_download2208397956236512115bin
Applying dependency management to configuration 'bootArchives' in project 'model'
Applying dependency management to configuration 'kotlinCompilerClasspath' in project 'model'
Applying dependency management to configuration 'kotlinCompilerPluginClasspath' in project 'model'
Applying dependency management to configuration 'kotlinNativeCompilerPluginClasspath' in project 'model'
Applying dependency management to configuration 'kotlinKlibCommonizerClasspath' in project 'model'
Applying dependency management to configuration 'archives' in project 'model'
Applying dependency management to configuration 'default' in project 'model'
Applying dependency management to configuration 'compile' in project 'model'
Applying dependency management to configuration 'implementation' in project 'model'
Applying dependency management to configuration 'runtime' in project 'model'
Applying dependency management to configuration 'compileOnly' in project 'model'
Applying dependency management to configuration 'compileClasspath' in project 'model'
Applying dependency management to configuration 'annotationProcessor' in project 'model'
Applying dependency management to configuration 'runtimeOnly' in project 'model'
Applying dependency management to configuration 'runtimeClasspath' in project 'model'
Applying dependency management to configuration 'testCompile' in project 'model'
Applying dependency management to configuration 'testImplementation' in project 'model'
Applying dependency management to configuration 'testRuntime' in project 'model'
Applying dependency management to configuration 'testCompileOnly' in project 'model'
Applying dependency management to configuration 'testCompileClasspath' in project 'model'
Applying dependency management to configuration 'testAnnotationProcessor' in project 'model'
Applying dependency management to configuration 'testRuntimeOnly' in project 'model'
Applying dependency management to configuration 'testRuntimeClasspath' in project 'model'
Applying dependency management to configuration 'apiElements' in project 'model'
Applying dependency management to configuration 'runtimeElements' in project 'model'
Applying dependency management to configuration 'developmentOnly' in project 'model'
Applying dependency management to configuration 'productionRuntimeClasspath' in project 'model'
Applying dependency management to configuration 'api' in project 'model'
Applying dependency management to configuration 'apiDependenciesMetadata' in project 'model'
Applying dependency management to configuration 'implementationDependenciesMetadata' in project 'model'
Applying dependency management to configuration 'compileOnlyDependenciesMetadata' in project 'model'
Applying dependency management to configuration 'runtimeOnlyDependenciesMetadata' in project 'model'
Applying dependency management to configuration 'testApi' in project 'model'
Applying dependency management to configuration 'testApiDependenciesMetadata' in project 'model'
Applying dependency management to configuration 'testImplementationDependenciesMetadata' in project 'model'
Applying dependency management to configuration 'testCompileOnlyDependenciesMetadata' in project 'model'
Applying dependency management to configuration 'testRuntimeOnlyDependenciesMetadata' in project 'model'
Applying dependency management to configuration 'kotlinScriptDef' in project 'model'
kotlin scripting plugin: created the scripting discovery configuration: kotlinScriptDef
Applying dependency management to configuration 'kotlinScriptDefExtensions' in project 'model'
Applying dependency management to configuration 'testKotlinScriptDef' in project 'model'
kotlin scripting plugin: created the scripting discovery configuration: testKotlinScriptDef
Applying dependency management to configuration 'testKotlinScriptDefExtensions' in project 'model'
Applying dependency management to configuration 'sourceArtifacts' in project 'model'
w: Runtime JAR files in the classpath should have the same version. These files were found in the classpath:
    /opt/gradle/lib/kotlin-stdlib-1.3.72.jar (version 1.3)
    /opt/gradle/lib/kotlin-stdlib-common-1.3.72.jar (version 1.3)
    /opt/gradle/lib/kotlin-stdlib-jdk7-1.3.72.jar (version 1.3)
    /opt/gradle/lib/kotlin-stdlib-jdk8-1.3.72.jar (version 1.3)
    /opt/gradle/lib/kotlin-reflect-1.3.72.jar (version 1.3)
    /****/.gradle/caches/modules-2/files-2.1/org.jetbrains.kotlin/kotlin-reflect/1.3.72/86613e1a669a701b0c660bfd2af4f82a7ae11fca/kotlin-reflect-1.3.72.jar (version 1.3)
    /****/.gradle/caches/modules-2/files-2.1/org.jetbrains.kotlin/kotlin-stdlib/1.3.72/8032138f12c0180bc4e51fe139d4c52b46db6109/kotlin-stdlib-1.3.72.jar (version 1.3)
    /****/.gradle/caches/modules-2/files-2.1/org.jetbrains.kotlin/kotlin-stdlib-common/1.3.72/6ca8bee3d88957eaaaef077c41c908c9940492d8/kotlin-stdlib-common-1.3.72.jar (version 1.3)
    /****/.gradle/caches/modules-2/files-2.1/org.jetbrains.kotlin/kotlin-script-runtime/1.4.21/1247decba314790165b4fe94d09c45b09db6b07f/kotlin-script-runtime-1.4.21.jar (version 1.4)
w: Some runtime JAR files in the classpath have an incompatible version. Consider removing them from the classpath
Applying dependency management to configuration 'apiElements-published' in project 'model'
Applying dependency management to configuration 'runtimeElements-published' in project 'model'
All projects evaluated.
Selected primary task 'clean' from project :
Selected primary task 'build' from project :
Resolving global dependency management for project 'model'
Downloading http://nexus/repository/maven-group/org/springframework/boot/spring-boot-dependencies/2.4.1/spring-boot-dependencies-2.4.1.pom to /tmp/gradle_download15775631949252436421bin
Downloading http://nexus/repository/maven-group/com/datastax/oss/java-driver-bom/4.9.0/java-driver-bom-4.9.0.pom to /tmp/gradle_download8071447368150974699bin
Downloading http://nexus/repository/maven-group/io/dropwizard/metrics/metrics-bom/4.1.16/metrics-bom-4.1.16.pom to /tmp/gradle_download10409076687134724025bin
Downloading http://nexus/repository/maven-group/io/dropwizard/metrics/metrics-parent/4.1.16/metrics-parent-4.1.16.pom to /tmp/gradle_download16235298117437188354bin
Downloading http://nexus/repository/maven-group/org/codehaus/groovy/groovy-bom/2.5.14/groovy-bom-2.5.14.pom to /tmp/gradle_download2542874169039024075bin
Downloading http://nexus/repository/maven-group/org/infinispan/infinispan-bom/11.0.8.Final/infinispan-bom-11.0.8.Final.pom to /tmp/gradle_download13389500472349405778bin
Downloading http://nexus/repository/maven-group/org/infinispan/infinispan-build-configuration-parent/11.0.8.Final/infinispan-build-configuration-parent-11.0.8.Final.pom to /tmp/gradle_download11525735721860990720bin
Downloading http://nexus/repository/maven-group/org/jboss/jboss-parent/36/jboss-parent-36.pom to /tmp/gradle_download2013033831696896835bin
Found locally available resource with matching checksum: [http://nexus/repository/maven-group/com/fasterxml/jackson/jackson-bom/2.11.3/jackson-bom-2.11.3.pom, /****/.gradle/caches/modules-2/files-2.1/com.fasterxml.jackson/jackson-bom/2.11.3/8517ef9e21b0bf736581febb8f3fbdc49c139ac7/jackson-bom-2.11.3.pom]
Found locally available resource with matching checksum: [http://nexus/repository/maven-group/com/fasterxml/jackson/jackson-parent/2.11/jackson-parent-2.11.pom, /****/.gradle/caches/modules-2/files-2.1/com.fasterxml.jackson/jackson-parent/2.11/89f0f8a7f21a54125e0ae1f72e6cdd50b51c87f3/jackson-parent-2.11.pom]
Found locally available resource with matching checksum: [http://nexus/repository/maven-group/com/fasterxml/oss-parent/38/oss-parent-38.pom, /****/.gradle/caches/modules-2/files-2.1/com.fasterxml/oss-parent/38/ff6b9e9e40c23235f87a44b463995b47adca8dc9/oss-parent-38.pom]
Downloading http://nexus/repository/maven-group/org/glassfish/jersey/jersey-bom/2.32/jersey-bom-2.32.pom to /tmp/gradle_download18290015603753356235bin
Downloading http://nexus/repository/maven-group/org/eclipse/ee4j/project/1.0.6/project-1.0.6.pom to /tmp/gradle_download15110362318053459142bin
Downloading http://nexus/repository/maven-group/org/eclipse/jetty/jetty-bom/9.4.35.v20201120/jetty-bom-9.4.35.v20201120.pom to /tmp/gradle_download11592596124575002278bin
Downloading http://nexus/repository/maven-group/org/junit/junit-bom/5.7.0/junit-bom-5.7.0.pom to /tmp/gradle_download40847206816857339bin
Downloading http://nexus/repository/maven-group/org/junit/junit-bom/5.7.0/junit-bom-5.7.0.module to /tmp/gradle_download7041186950369406480bin
Downloading http://nexus/repository/maven-group/org/jetbrains/kotlin/kotlin-bom/1.4.21/kotlin-bom-1.4.21.pom to /tmp/gradle_download12218529087912219276bin
Downloading http://nexus/repository/maven-group/org/jetbrains/kotlinx/kotlinx-coroutines-bom/1.4.2/kotlinx-coroutines-bom-1.4.2.pom to /tmp/gradle_download11820195958466651435bin
Downloading http://nexus/repository/maven-group/org/apache/logging/log4j/log4j-bom/2.13.3/log4j-bom-2.13.3.pom to /tmp/gradle_download5667730521036949360bin
Downloading http://nexus/repository/maven-group/org/apache/logging/logging-parent/1/logging-parent-1.pom to /tmp/gradle_download1842820398375378662bin
Found locally available resource with matching checksum: [http://nexus/repository/maven-group/org/apache/apache/18/apache-18.pom, /****/.gradle/caches/modules-2/files-2.1/org.apache/apache/18/bd408bbea3840f2c7f914b29403e39a90f84fd5f/apache-18.pom]
Downloading http://nexus/repository/maven-group/io/micrometer/micrometer-bom/1.6.2/micrometer-bom-1.6.2.pom to /tmp/gradle_download4014695106812060616bin
Downloading http://nexus/repository/maven-group/io/netty/netty-bom/4.1.55.Final/netty-bom-4.1.55.Final.pom to /tmp/gradle_download7795833685473741696bin
Found locally available resource with matching checksum: [http://nexus/repository/maven-group/org/sonatype/oss/oss-parent/7/oss-parent-7.pom, /****/.gradle/caches/modules-2/files-2.1/org.sonatype.oss/oss-parent/7/46b8a785b60a2767095b8611613b58577e96d4c9/oss-parent-7.pom]
Downloading http://nexus/repository/maven-group/com/oracle/database/jdbc/ojdbc-bom/19.8.0.0/ojdbc-bom-19.8.0.0.pom to /tmp/gradle_download4810462866844710033bin
Downloading http://nexus/repository/maven-group/io/r2dbc/r2dbc-bom/Arabba-SR8/r2dbc-bom-Arabba-SR8.pom to /tmp/gradle_download15995922591358004931bin
Downloading http://nexus/repository/maven-group/io/projectreactor/reactor-bom/2020.0.2/reactor-bom-2020.0.2.pom to /tmp/gradle_download5615057611707757194bin
Downloading http://nexus/repository/maven-group/io/rsocket/rsocket-bom/1.1.0/rsocket-bom-1.1.0.pom to /tmp/gradle_download7086699623739864603bin
Downloading http://nexus/repository/maven-group/org/springframework/data/spring-data-bom/2020.0.2/spring-data-bom-2020.0.2.pom to /tmp/gradle_download254908842569655606bin
Downloading http://nexus/repository/maven-group/org/springframework/spring-framework-bom/5.3.2/spring-framework-bom-5.3.2.pom to /tmp/gradle_download5332142246264166971bin
Downloading http://nexus/repository/maven-group/org/springframework/spring-framework-bom/5.3.2/spring-framework-bom-5.3.2.module to /tmp/gradle_download16004453429623436191bin
Downloading http://nexus/repository/maven-group/org/springframework/integration/spring-integration-bom/5.4.2/spring-integration-bom-5.4.2.pom to /tmp/gradle_download346367636208700454bin
Downloading http://nexus/repository/maven-group/org/springframework/integration/spring-integration-bom/5.4.2/spring-integration-bom-5.4.2.module to /tmp/gradle_download13031995404148697879bin
Downloading http://nexus/repository/maven-group/org/springframework/security/spring-security-bom/5.4.2/spring-security-bom-5.4.2.pom to /tmp/gradle_download13722205909366561948bin
Downloading http://nexus/repository/maven-group/org/springframework/session/spring-session-bom/2020.0.1/spring-session-bom-2020.0.1.pom to /tmp/gradle_download10836854507673680232bin
Found locally available resource with matching checksum: [http://nexus/repository/maven-group/org/jetbrains/kotlin/kotlin-compiler-embeddable/1.4.21/kotlin-compiler-embeddable-1.4.21.pom, /****/.gradle/caches/modules-2/files-2.1/org.jetbrains.kotlin/kotlin-compiler-embeddable/1.4.21/98415def7f0dd025e39172d7ecf2b9594980e5a2/kotlin-compiler-embeddable-1.4.21.pom]
Downloading http://nexus/repository/maven-group/org/jetbrains/kotlin/kotlin-stdlib/1.4.21/kotlin-stdlib-1.4.21.pom to /tmp/gradle_download1787278201739997203bin
Downloading http://nexus/repository/maven-group/org/jetbrains/kotlin/kotlin-reflect/1.4.21/kotlin-reflect-1.4.21.pom to /tmp/gradle_download13476789130959488511bin
Found locally available resource with matching checksum: [http://nexus/repository/maven-group/org/jetbrains/kotlin/kotlin-daemon-embeddable/1.4.21/kotlin-daemon-embeddable-1.4.21.pom, /****/.gradle/caches/modules-2/files-2.1/org.jetbrains.kotlin/kotlin-daemon-embeddable/1.4.21/9c638d129c3879b265beef60cb0f9073b1ebbba9/kotlin-daemon-embeddable-1.4.21.pom]
Found locally available resource with matching checksum: [http://nexus/repository/maven-group/org/jetbrains/intellij/deps/trove4j/1.0.20181211/trove4j-1.0.20181211.pom, /****/.gradle/caches/modules-2/files-2.1/org.jetbrains.intellij.deps/trove4j/1.0.20181211/ad9cb821b804f05ed013ce89e3ec4d32d101bd79/trove4j-1.0.20181211.pom]
Found locally available resource with matching checksum: [http://nexus/repository/maven-group/org/jetbrains/kotlin/kotlin-script-runtime/1.4.21/kotlin-script-runtime-1.4.21.pom, /****/.gradle/caches/modules-2/files-2.1/org.jetbrains.kotlin/kotlin-script-runtime/1.4.21/3a45a64c975c8470c84901999cba61a1fe562d7e/kotlin-script-runtime-1.4.21.pom]
Downloading http://nexus/repository/maven-group/org/jetbrains/kotlin/kotlin-stdlib-common/1.4.21/kotlin-stdlib-common-1.4.21.pom to /tmp/gradle_download1055236910890457849bin
Found locally available resource with matching checksum: [http://nexus/repository/maven-group/org/jetbrains/annotations/13.0/annotations-13.0.pom, /****/.gradle/caches/modules-2/files-2.1/org.jetbrains/annotations/13.0/fa7d3d07cc80547e2d15bf4839d3267c637c642f/annotations-13.0.pom]
Excluding []
Found locally available resource with matching checksum: [http://nexus/repository/maven-group/org/jetbrains/kotlin/kotlin-compiler-embeddable/1.4.21/kotlin-compiler-embeddable-1.4.21.jar, /****/.gradle/caches/modules-2/files-2.1/org.jetbrains.kotlin/kotlin-compiler-embeddable/1.4.21/87db94500aaf883536ae8c8efdee76bdc839d582/kotlin-compiler-embeddable-1.4.21.jar]
Downloading http://nexus/repository/maven-group/org/jetbrains/kotlin/kotlin-reflect/1.4.21/kotlin-reflect-1.4.21.jar to /tmp/gradle_download13904644485365360385bin
Downloading http://nexus/repository/maven-group/org/jetbrains/kotlin/kotlin-stdlib/1.4.21/kotlin-stdlib-1.4.21.jar to /tmp/gradle_download12566220698495481531bin
Found locally available resource with matching checksum: [http://nexus/repository/maven-group/org/jetbrains/kotlin/kotlin-script-runtime/1.4.21/kotlin-script-runtime-1.4.21.jar, /****/.gradle/caches/modules-2/files-2.1/org.jetbrains.kotlin/kotlin-script-runtime/1.4.21/1247decba314790165b4fe94d09c45b09db6b07f/kotlin-script-runtime-1.4.21.jar]
Found locally available resource with matching checksum: [http://nexus/repository/maven-group/org/jetbrains/kotlin/kotlin-daemon-embeddable/1.4.21/kotlin-daemon-embeddable-1.4.21.jar, /****/.gradle/caches/modules-2/files-2.1/org.jetbrains.kotlin/kotlin-daemon-embeddable/1.4.21/bc95bcebdc871d45d9852b0c01abe9bec373bb52/kotlin-daemon-embeddable-1.4.21.jar]
Found locally available resource with matching checksum: [http://nexus/repository/maven-group/org/jetbrains/intellij/deps/trove4j/1.0.20181211/trove4j-1.0.20181211.jar, /****/.gradle/caches/modules-2/files-2.1/org.jetbrains.intellij.deps/trove4j/1.0.20181211/216c2e14b070f334479d800987affe4054cd563f/trove4j-1.0.20181211.jar]
Downloading http://nexus/repository/maven-group/org/jetbrains/kotlin/kotlin-stdlib-common/1.4.21/kotlin-stdlib-common-1.4.21.jar to /tmp/gradle_download16867916134819034983bin
Found locally available resource with matching checksum: [http://nexus/repository/maven-group/org/jetbrains/annotations/13.0/annotations-13.0.jar, /****/.gradle/caches/modules-2/files-2.1/org.jetbrains/annotations/13.0/919f0dfe192fb4e063e7dacadee7f8bb9a2672a9/annotations-13.0.jar]
Selected primary task 'publish' from project :
Tasks to be executed: [task ':clean', task ':compileKotlin', task ':compileJava', task ':processResources', task ':classes', task ':bootJarMainClassName', task ':bootJar', task ':inspectClassesForKotlinIC', task ':jar', task ':assemble', task ':compileTestKotlin', task ':compileTestJava', task ':processTestResources', task ':testClasses', task ':test', task ':check', task ':build', task ':generateMetadataFileForMavenPublication', task ':generatePomFileForMavenPublication', task ':publishMavenPublicationToMavenRepository', task ':publish']
Tasks that were excluded: []
:clean (Thread[Daemon worker,5,main]) started.

> Task :clean UP-TO-DATE
Caching disabled for task ':clean' because:
  Build cache is disabled
Task ':clean' is not up-to-date because:
  Task has not declared any outputs despite executing actions.
:clean (Thread[Daemon worker,5,main]) completed. Took 0.209 secs.
:compileKotlin (Thread[Daemon worker,5,main]) started.

> Task :compileKotlin
Found locally available resource with matching checksum: [http://nexus/repository/maven-group/org/jetbrains/kotlin/kotlin-scripting-compiler-embeddable/1.4.21/kotlin-scripting-compiler-embeddable-1.4.21.pom, /****/.gradle/caches/modules-2/files-2.1/org.jetbrains.kotlin/kotlin-scripting-compiler-embeddable/1.4.21/30b68e76cec6c51311c35f77c7a80caa919339ec/kotlin-scripting-compiler-embeddable-1.4.21.pom]
Downloading http://nexus/repository/maven-group/org/jetbrains/kotlin/kotlin-allopen/1.4.21/kotlin-allopen-1.4.21.pom to /tmp/gradle_download16207352230416663249bin
Found locally available resource with matching checksum: [http://nexus/repository/maven-group/org/jetbrains/kotlin/kotlin-scripting-compiler-impl-embeddable/1.4.21/kotlin-scripting-compiler-impl-embeddable-1.4.21.pom, /****/.gradle/caches/modules-2/files-2.1/org.jetbrains.kotlin/kotlin-scripting-compiler-impl-embeddable/1.4.21/f22a77380da9a776e9c8c6f6e1485fdb722224b4/kotlin-scripting-compiler-impl-embeddable-1.4.21.pom]
Found locally available resource with matching checksum: [http://nexus/repository/maven-group/org/jetbrains/kotlin/kotlin-gradle-plugin-api/1.4.21/kotlin-gradle-plugin-api-1.4.21.pom, /****/.gradle/caches/modules-2/files-2.1/org.jetbrains.kotlin/kotlin-gradle-plugin-api/1.4.21/c79278ae1dd84c4b319f6e6d79cbe2a1abf1a89a/kotlin-gradle-plugin-api-1.4.21.pom]
Found locally available resource with matching checksum: [http://nexus/repository/maven-group/org/jetbrains/kotlin/kotlin-gradle-plugin-model/1.4.21/kotlin-gradle-plugin-model-1.4.21.pom, /****/.gradle/caches/modules-2/files-2.1/org.jetbrains.kotlin/kotlin-gradle-plugin-model/1.4.21/355aae481f319baf64cfd8b3ab08557bce448ca6/kotlin-gradle-plugin-model-1.4.21.pom]
Found locally available resource with matching checksum: [http://nexus/repository/maven-group/org/jetbrains/kotlin/kotlin-scripting-common/1.4.21/kotlin-scripting-common-1.4.21.pom, /****/.gradle/caches/modules-2/files-2.1/org.jetbrains.kotlin/kotlin-scripting-common/1.4.21/3c51073a9f3fdda25f02767e808ae823f03c786/kotlin-scripting-common-1.4.21.pom]
Downloading http://nexus/repository/maven-group/org/jetbrains/kotlinx/kotlinx-coroutines-core/1.4.2/kotlinx-coroutines-core-1.4.2.pom to /tmp/gradle_download3305145689576710215bin
Downloading http://nexus/repository/maven-group/org/jetbrains/kotlinx/kotlinx-coroutines-core/1.4.2/kotlinx-coroutines-core-1.4.2.module to /tmp/gradle_download11873979092196602830bin
Found locally available resource with matching checksum: [http://nexus/repository/maven-group/org/jetbrains/kotlin/kotlin-scripting-jvm/1.4.21/kotlin-scripting-jvm-1.4.21.pom, /****/.gradle/caches/modules-2/files-2.1/org.jetbrains.kotlin/kotlin-scripting-jvm/1.4.21/95d428231db168e805b72c1384365633fedc6dba/kotlin-scripting-jvm-1.4.21.pom]
Downloading http://nexus/repository/maven-group/org/jetbrains/kotlinx/kotlinx-coroutines-core-jvm/1.4.2/kotlinx-coroutines-core-jvm-1.4.2.pom to /tmp/gradle_download588104422279656787bin
Downloading http://nexus/repository/maven-group/org/jetbrains/kotlinx/kotlinx-coroutines-core-jvm/1.4.2/kotlinx-coroutines-core-jvm-1.4.2.module to /tmp/gradle_download14056099852558390942bin
Excluding []
Found locally available resource with matching checksum: [http://nexus/repository/maven-group/org/jetbrains/kotlin/kotlin-scripting-compiler-embeddable/1.4.21/kotlin-scripting-compiler-embeddable-1.4.21.jar, /****/.gradle/caches/modules-2/files-2.1/org.jetbrains.kotlin/kotlin-scripting-compiler-embeddable/1.4.21/18ea0b88e5cf079243ef416232ed3af5c20a9374/kotlin-scripting-compiler-embeddable-1.4.21.jar]
Found locally available resource with matching checksum: [http://nexus/repository/maven-group/org/jetbrains/kotlin/kotlin-allopen/1.4.21/kotlin-allopen-1.4.21.jar, /****/.gradle/caches/modules-2/files-2.1/org.jetbrains.kotlin/kotlin-allopen/1.4.21/48394bb11aac52745b099040dda1647f64170dee/kotlin-allopen-1.4.21.jar]
Found locally available resource with matching checksum: [http://nexus/repository/maven-group/org/jetbrains/kotlin/kotlin-scripting-compiler-impl-embeddable/1.4.21/kotlin-scripting-compiler-impl-embeddable-1.4.21.jar, /****/.gradle/caches/modules-2/files-2.1/org.jetbrains.kotlin/kotlin-scripting-compiler-impl-embeddable/1.4.21/64cb0627049ec5b8c5d029355b45174904ace2e7/kotlin-scripting-compiler-impl-embeddable-1.4.21.jar]
Found locally available resource with matching checksum: [http://nexus/repository/maven-group/org/jetbrains/kotlin/kotlin-gradle-plugin-api/1.4.21/kotlin-gradle-plugin-api-1.4.21.jar, /****/.gradle/caches/modules-2/files-2.1/org.jetbrains.kotlin/kotlin-gradle-plugin-api/1.4.21/7beb6a97e87d40bb577f12e6c13c325eef5c4d7b/kotlin-gradle-plugin-api-1.4.21.jar]
Found locally available resource with matching checksum: [http://nexus/repository/maven-group/org/jetbrains/kotlin/kotlin-gradle-plugin-model/1.4.21/kotlin-gradle-plugin-model-1.4.21.jar, /****/.gradle/caches/modules-2/files-2.1/org.jetbrains.kotlin/kotlin-gradle-plugin-model/1.4.21/f5ab13238de3ae2bf8d3343cdab3f9ea6fe24a76/kotlin-gradle-plugin-model-1.4.21.jar]
Found locally available resource with matching checksum: [http://nexus/repository/maven-group/org/jetbrains/kotlin/kotlin-scripting-jvm/1.4.21/kotlin-scripting-jvm-1.4.21.jar, /****/.gradle/caches/modules-2/files-2.1/org.jetbrains.kotlin/kotlin-scripting-jvm/1.4.21/59ecfba69264d8b2fa7687e0f1fa41e4a82301d2/kotlin-scripting-jvm-1.4.21.jar]
Found locally available resource with matching checksum: [http://nexus/repository/maven-group/org/jetbrains/kotlin/kotlin-scripting-common/1.4.21/kotlin-scripting-common-1.4.21.jar, /****/.gradle/caches/modules-2/files-2.1/org.jetbrains.kotlin/kotlin-scripting-common/1.4.21/eb47ff9717becf5bcd1bb7ef5cb92fc3c8aa97e1/kotlin-scripting-common-1.4.21.jar]
Downloading http://nexus/repository/maven-group/org/jetbrains/kotlinx/kotlinx-coroutines-core-jvm/1.4.2/kotlinx-coroutines-core-jvm-1.4.2.jar to /tmp/gradle_download15350611630231731048bin
Downloading http://nexus/repository/maven-group/org/springframework/kafka/spring-kafka/2.6.4/spring-kafka-2.6.4.pom to /tmp/gradle_download17277927643564831327bin
Downloading http://nexus/repository/maven-group/org/springframework/kafka/spring-kafka/2.6.4/spring-kafka-2.6.4.module to /tmp/gradle_download11072637520980090107bin
Downloading http://nexus/repository/maven-group/org/springframework/boot/spring-boot-starter-json/2.4.1/spring-boot-starter-json-2.4.1.pom to /tmp/gradle_download13827066923851437973bin
Downloading http://nexus/repository/maven-group/org/springframework/boot/spring-boot-starter-json/2.4.1/spring-boot-starter-json-2.4.1.module to /tmp/gradle_download6086719555769996442bin
Downloading http://nexus/repository/maven-group/com/fasterxml/jackson/module/jackson-module-kotlin/2.11.3/jackson-module-kotlin-2.11.3.pom to /tmp/gradle_download6727862266587069144bin
Found locally available resource with matching checksum: [http://nexus/repository/maven-group/com/fasterxml/jackson/jackson-base/2.11.3/jackson-base-2.11.3.pom, /****/.gradle/caches/modules-2/files-2.1/com.fasterxml.jackson/jackson-base/2.11.3/c43569c2dd5e74036ca1bf965f0e8e79fce26653/jackson-base-2.11.3.pom]
Downloading http://nexus/repository/maven-group/org/jetbrains/kotlin/kotlin-stdlib-jdk8/1.4.21/kotlin-stdlib-jdk8-1.4.21.pom to /tmp/gradle_download15307398954103246853bin
Downloading http://nexus/repository/maven-group/org/springframework/spring-context/5.3.2/spring-context-5.3.2.pom to /tmp/gradle_download5413516099544597717bin
Downloading http://nexus/repository/maven-group/org/springframework/spring-context/5.3.2/spring-context-5.3.2.module to /tmp/gradle_download18236310854315807960bin
Downloading http://nexus/repository/maven-group/org/springframework/spring-tx/5.3.2/spring-tx-5.3.2.pom to /tmp/gradle_download9088065125124644660bin
Downloading http://nexus/repository/maven-group/org/springframework/spring-tx/5.3.2/spring-tx-5.3.2.module to /tmp/gradle_download17591547361890555433bin
Downloading http://nexus/repository/maven-group/org/springframework/retry/spring-retry/1.3.0/spring-retry-1.3.0.pom to /tmp/gradle_download12858200720288559971bin
Downloading http://nexus/repository/maven-group/org/springframework/spring-framework-bom/4.3.22.RELEASE/spring-framework-bom-4.3.22.RELEASE.pom to /tmp/gradle_download5176376219630776481bin
Downloading http://nexus/repository/maven-group/org/apache/kafka/kafka-clients/2.6.0/kafka-clients-2.6.0.pom to /tmp/gradle_download16902482282414292923bin
Downloading http://nexus/repository/maven-group/org/springframework/spring-messaging/5.3.2/spring-messaging-5.3.2.pom to /tmp/gradle_download6518521062623628340bin
Downloading http://nexus/repository/maven-group/org/springframework/spring-messaging/5.3.2/spring-messaging-5.3.2.module to /tmp/gradle_download8160072888282279272bin
Downloading http://nexus/repository/maven-group/org/jetbrains/kotlin/kotlin-stdlib-jdk7/1.4.21/kotlin-stdlib-jdk7-1.4.21.pom to /tmp/gradle_download6662285561668999641bin
Downloading http://nexus/repository/maven-group/org/springframework/boot/spring-boot-starter/2.4.1/spring-boot-starter-2.4.1.pom to /tmp/gradle_download5936933314035670163bin
Downloading http://nexus/repository/maven-group/org/springframework/boot/spring-boot-starter/2.4.1/spring-boot-starter-2.4.1.module to /tmp/gradle_download6422384347207498203bin
Found locally available resource with matching checksum: [http://nexus/repository/maven-group/com/fasterxml/jackson/core/jackson-databind/2.11.3/jackson-databind-2.11.3.pom, /****/.gradle/caches/modules-2/files-2.1/com.fasterxml.jackson.core/jackson-databind/2.11.3/3580c45b6e5f2400516c9f9cf65f008b2e882f1b/jackson-databind-2.11.3.pom]
Downloading http://nexus/repository/maven-group/com/fasterxml/jackson/datatype/jackson-datatype-jdk8/2.11.3/jackson-datatype-jdk8-2.11.3.pom to /tmp/gradle_download9751782120170266384bin
Found locally available resource with matching checksum: [http://nexus/repository/maven-group/com/fasterxml/jackson/module/jackson-modules-java8/2.11.3/jackson-modules-java8-2.11.3.pom, /****/.gradle/caches/modules-2/files-2.1/com.fasterxml.jackson.module/jackson-modules-java8/2.11.3/a6cb916ac351b40262ee08284ee6578a9ee942ef/jackson-modules-java8-2.11.3.pom]
Downloading http://nexus/repository/maven-group/com/fasterxml/jackson/datatype/jackson-datatype-jsr310/2.11.3/jackson-datatype-jsr310-2.11.3.pom to /tmp/gradle_download4226897154908869061bin
Found locally available resource with matching checksum: [http://nexus/repository/maven-group/com/fasterxml/jackson/module/jackson-module-parameter-names/2.11.3/jackson-module-parameter-names-2.11.3.pom, /****/.gradle/caches/modules-2/files-2.1/com.fasterxml.jackson.module/jackson-module-parameter-names/2.11.3/677ba5b4eeeef2cb5147b74144ee09e9db965a4a/jackson-module-parameter-names-2.11.3.pom]
Downloading http://nexus/repository/maven-group/org/springframework/spring-web/5.3.2/spring-web-5.3.2.pom to /tmp/gradle_download17563519302289090849bin
Downloading http://nexus/repository/maven-group/org/springframework/spring-web/5.3.2/spring-web-5.3.2.module to /tmp/gradle_download2767857228090435007bin
Found locally available resource with matching checksum: [http://nexus/repository/maven-group/com/fasterxml/jackson/core/jackson-annotations/2.11.3/jackson-annotations-2.11.3.pom, /****/.gradle/caches/modules-2/files-2.1/com.fasterxml.jackson.core/jackson-annotations/2.11.3/e9d6277a71b2d70d2f8bca72cb6379123ece8dda/jackson-annotations-2.11.3.pom]
Downloading http://nexus/repository/maven-group/org/springframework/spring-aop/5.3.2/spring-aop-5.3.2.pom to /tmp/gradle_download16889450346850725347bin
Downloading http://nexus/repository/maven-group/org/springframework/spring-aop/5.3.2/spring-aop-5.3.2.module to /tmp/gradle_download7997336377951425646bin
Found locally available resource with matching checksum: [http://nexus/repository/maven-group/org/springframework/spring-core/5.3.2/spring-core-5.3.2.pom, /****/.gradle/caches/modules-2/files-2.1/org.springframework/spring-core/5.3.2/85f264de7415ef8c9c54f578b62f62eec8c64038/spring-core-5.3.2.pom]
Found locally available resource with matching checksum: [http://nexus/repository/maven-group/org/springframework/spring-core/5.3.2/spring-core-5.3.2.module, /****/.gradle/caches/modules-2/files-2.1/org.springframework/spring-core/5.3.2/2887f8aa3238792f87e7cbcd05bfb55a3329a4f4/spring-core-5.3.2.module]
Downloading http://nexus/repository/maven-group/org/springframework/spring-expression/5.3.2/spring-expression-5.3.2.pom to /tmp/gradle_download7357794723014553209bin
Downloading http://nexus/repository/maven-group/org/springframework/spring-expression/5.3.2/spring-expression-5.3.2.module to /tmp/gradle_download11416541067798716342bin
Downloading http://nexus/repository/maven-group/org/springframework/spring-beans/5.3.2/spring-beans-5.3.2.pom to /tmp/gradle_download16489018224057951124bin
Downloading http://nexus/repository/maven-group/org/springframework/spring-beans/5.3.2/spring-beans-5.3.2.module to /tmp/gradle_download8029848170477992472bin
Downloading http://nexus/repository/maven-group/com/github/luben/zstd-jni/1.4.4-7/zstd-jni-1.4.4-7.pom to /tmp/gradle_download15567071009855736953bin
Downloading http://nexus/repository/maven-group/org/xerial/snappy/snappy-java/1.1.7.3/snappy-java-1.1.7.3.pom to /tmp/gradle_download14639830914753822369bin
Downloading http://nexus/repository/maven-group/org/slf4j/slf4j-api/1.7.30/slf4j-api-1.7.30.pom to /tmp/gradle_download16679662935008732171bin
Downloading http://nexus/repository/maven-group/org/slf4j/slf4j-parent/1.7.30/slf4j-parent-1.7.30.pom to /tmp/gradle_download7128645391741364823bin
Downloading http://nexus/repository/maven-group/org/lz4/lz4-java/1.7.1/lz4-java-1.7.1.pom to /tmp/gradle_download420108937402539995bin
Downloading http://nexus/repository/maven-group/org/springframework/boot/spring-boot/2.4.1/spring-boot-2.4.1.pom to /tmp/gradle_download2545027136919749591bin
Downloading http://nexus/repository/maven-group/org/springframework/boot/spring-boot/2.4.1/spring-boot-2.4.1.module to /tmp/gradle_download4521762506753326252bin
Downloading http://nexus/repository/maven-group/org/springframework/boot/spring-boot-starter-logging/2.4.1/spring-boot-starter-logging-2.4.1.pom to /tmp/gradle_download12797322600643484865bin
Downloading http://nexus/repository/maven-group/org/springframework/boot/spring-boot-starter-logging/2.4.1/spring-boot-starter-logging-2.4.1.module to /tmp/gradle_download9963987708397874932bin
Downloading http://nexus/repository/maven-group/jakarta/annotation/jakarta.annotation-api/1.3.5/jakarta.annotation-api-1.3.5.pom to /tmp/gradle_download1838201147658679515bin
Downloading http://nexus/repository/maven-group/jakarta/annotation/ca-parent/1.3.5/ca-parent-1.3.5.pom to /tmp/gradle_download16861375789320704872bin
Downloading http://nexus/repository/maven-group/org/eclipse/ee4j/project/1.0.5/project-1.0.5.pom to /tmp/gradle_download17393224022918974324bin
Cache entries evicted. In-memory cache of /workspace/source/.gradle/checksums/sha1-checksums.bin: Size{364} MaxSize{400}, CacheStats{hitCount=176, missCount=364, loadSuccessCount=365, loadExceptionCount=0, totalLoadTime=315945235, evictionCount=1} 
Performance may suffer from in-memory cache misses. Increase max heap size of Gradle build process to reduce cache misses.
Downloading http://nexus/repository/maven-group/org/yaml/snakeyaml/1.27/snakeyaml-1.27.pom to /tmp/gradle_download9301541843447500545bin
Downloading http://nexus/repository/maven-group/org/springframework/boot/spring-boot-autoconfigure/2.4.1/spring-boot-autoconfigure-2.4.1.pom to /tmp/gradle_download1943294962750307029bin
Downloading http://nexus/repository/maven-group/org/springframework/boot/spring-boot-autoconfigure/2.4.1/spring-boot-autoconfigure-2.4.1.module to /tmp/gradle_download482157817959762439bin
Found locally available resource with matching checksum: [http://nexus/repository/maven-group/com/fasterxml/jackson/core/jackson-core/2.11.3/jackson-core-2.11.3.pom, /****/.gradle/caches/modules-2/files-2.1/com.fasterxml.jackson.core/jackson-core/2.11.3/7cbce59647c9f408b01a0d7f9a266ab801dc8a6e/jackson-core-2.11.3.pom]
Found locally available resource with matching checksum: [http://nexus/repository/maven-group/org/springframework/spring-jcl/5.3.2/spring-jcl-5.3.2.pom, /****/.gradle/caches/modules-2/files-2.1/org.springframework/spring-jcl/5.3.2/b8d47cf2cd92a2c586a08edefddc1092cd16fe47/spring-jcl-5.3.2.pom]
Found locally available resource with matching checksum: [http://nexus/repository/maven-group/org/springframework/spring-jcl/5.3.2/spring-jcl-5.3.2.module, /****/.gradle/caches/modules-2/files-2.1/org.springframework/spring-jcl/5.3.2/877770a15f965829792a3f2f4e73be1619a0e295/spring-jcl-5.3.2.module]
Downloading http://nexus/repository/maven-group/ch/qos/logback/logback-classic/1.2.3/logback-classic-1.2.3.pom to /tmp/gradle_download10443036735108737301bin
Downloading http://nexus/repository/maven-group/ch/qos/logback/logback-parent/1.2.3/logback-parent-1.2.3.pom to /tmp/gradle_download12200260823078245548bin
Downloading http://nexus/repository/maven-group/org/slf4j/jul-to-slf4j/1.7.30/jul-to-slf4j-1.7.30.pom to /tmp/gradle_download10687872004245359883bin
Downloading http://nexus/repository/maven-group/org/apache/logging/log4j/log4j-to-slf4j/2.13.3/log4j-to-slf4j-2.13.3.pom to /tmp/gradle_download7964757516085481112bin
Downloading http://nexus/repository/maven-group/org/apache/logging/log4j/log4j/2.13.3/log4j-2.13.3.pom to /tmp/gradle_download15370842754173264659bin
Found locally available resource with matching checksum: [http://nexus/repository/maven-group/org/apache/apache/21/apache-21.pom, /****/.gradle/caches/modules-2/files-2.1/org.apache/apache/21/649b700a1b2b4a1d87e7ae8e3f47bfe101b2a4a5/apache-21.pom]
Downloading http://nexus/repository/maven-group/ch/qos/logback/logback-core/1.2.3/logback-core-1.2.3.pom to /tmp/gradle_download147255767809676357bin
Downloading http://nexus/repository/maven-group/org/apache/logging/log4j/log4j-api/2.13.3/log4j-api-2.13.3.pom to /tmp/gradle_download197588814023017748bin
Excluding []
Downloading http://nexus/repository/maven-group/org/springframework/boot/spring-boot-starter-json/2.4.1/spring-boot-starter-json-2.4.1.jar to /tmp/gradle_download17159490729499807480bin
Downloading http://nexus/repository/maven-group/com/fasterxml/jackson/module/jackson-module-kotlin/2.11.3/jackson-module-kotlin-2.11.3.jar to /tmp/gradle_download14394859552559978332bin
Downloading http://nexus/repository/maven-group/org/springframework/kafka/spring-kafka/2.6.4/spring-kafka-2.6.4.jar to /tmp/gradle_download4014668663357499845bin
Downloading http://nexus/repository/maven-group/org/jetbrains/kotlin/kotlin-stdlib-jdk8/1.4.21/kotlin-stdlib-jdk8-1.4.21.jar to /tmp/gradle_download625834415884397263bin
Downloading http://nexus/repository/maven-group/org/springframework/boot/spring-boot-starter/2.4.1/spring-boot-starter-2.4.1.jar to /tmp/gradle_download4953257468415602771bin
Downloading http://nexus/repository/maven-group/org/springframework/spring-web/5.3.2/spring-web-5.3.2.jar to /tmp/gradle_download7173816742761333097bin
Downloading http://nexus/repository/maven-group/com/fasterxml/jackson/datatype/jackson-datatype-jdk8/2.11.3/jackson-datatype-jdk8-2.11.3.jar to /tmp/gradle_download6565130864084263617bin
Downloading http://nexus/repository/maven-group/com/fasterxml/jackson/datatype/jackson-datatype-jsr310/2.11.3/jackson-datatype-jsr310-2.11.3.jar to /tmp/gradle_download6074167115435576780bin
Found locally available resource with matching checksum: [http://nexus/repository/maven-group/com/fasterxml/jackson/module/jackson-module-parameter-names/2.11.3/jackson-module-parameter-names-2.11.3.jar, /****/.gradle/caches/modules-2/files-2.1/com.fasterxml.jackson.module/jackson-module-parameter-names/2.11.3/ab66d5c5b8008161ae89be8a3d98efff9ef1b915/jackson-module-parameter-names-2.11.3.jar]
Found locally available resource with matching checksum: [http://nexus/repository/maven-group/com/fasterxml/jackson/core/jackson-databind/2.11.3/jackson-databind-2.11.3.jar, /****/.gradle/caches/modules-2/files-2.1/com.fasterxml.jackson.core/jackson-databind/2.11.3/4f7b27416934dc929bb6c2d2c5fe521829e6a4ec/jackson-databind-2.11.3.jar]
Found locally available resource with matching checksum: [http://nexus/repository/maven-group/com/fasterxml/jackson/core/jackson-annotations/2.11.3/jackson-annotations-2.11.3.jar, /****/.gradle/caches/modules-2/files-2.1/com.fasterxml.jackson.core/jackson-annotations/2.11.3/25d4e9c777e7a8805c4a000a8629d3009c779c9b/jackson-annotations-2.11.3.jar]
Downloading http://nexus/repository/maven-group/org/springframework/boot/spring-boot-autoconfigure/2.4.1/spring-boot-autoconfigure-2.4.1.jar to /tmp/gradle_download5160898329511101886bin
Downloading http://nexus/repository/maven-group/org/springframework/boot/spring-boot/2.4.1/spring-boot-2.4.1.jar to /tmp/gradle_download16838439595793892345bin
Downloading http://nexus/repository/maven-group/org/springframework/spring-context/5.3.2/spring-context-5.3.2.jar to /tmp/gradle_download12534802621510251628bin
Downloading http://nexus/repository/maven-group/org/springframework/spring-messaging/5.3.2/spring-messaging-5.3.2.jar to /tmp/gradle_download900076499736551289bin
Downloading http://nexus/repository/maven-group/org/springframework/spring-tx/5.3.2/spring-tx-5.3.2.jar to /tmp/gradle_download11487690796417798698bin
Downloading http://nexus/repository/maven-group/org/springframework/retry/spring-retry/1.3.0/spring-retry-1.3.0.jar to /tmp/gradle_download7725312293763846402bin
Downloading http://nexus/repository/maven-group/org/apache/kafka/kafka-clients/2.6.0/kafka-clients-2.6.0.jar to /tmp/gradle_download6582063181612329088bin
Downloading http://nexus/repository/maven-group/org/jetbrains/kotlin/kotlin-stdlib-jdk7/1.4.21/kotlin-stdlib-jdk7-1.4.21.jar to /tmp/gradle_download3255776222395851498bin
Downloading http://nexus/repository/maven-group/org/springframework/boot/spring-boot-starter-logging/2.4.1/spring-boot-starter-logging-2.4.1.jar to /tmp/gradle_download3545952980026333509bin
Downloading http://nexus/repository/maven-group/jakarta/annotation/jakarta.annotation-api/1.3.5/jakarta.annotation-api-1.3.5.jar to /tmp/gradle_download5141977580702107731bin
Downloading http://nexus/repository/maven-group/org/springframework/spring-aop/5.3.2/spring-aop-5.3.2.jar to /tmp/gradle_download18240780372203413102bin
Downloading http://nexus/repository/maven-group/org/springframework/spring-beans/5.3.2/spring-beans-5.3.2.jar to /tmp/gradle_download817512154933727161bin
Downloading http://nexus/repository/maven-group/org/springframework/spring-expression/5.3.2/spring-expression-5.3.2.jar to /tmp/gradle_download18222936861562430036bin
Found locally available resource with matching checksum: [http://nexus/repository/maven-group/org/springframework/spring-core/5.3.2/spring-core-5.3.2.jar, /****/.gradle/caches/modules-2/files-2.1/org.springframework/spring-core/5.3.2/152489ed8223a6ad19065a3cd1ee6b9e20c0b82f/spring-core-5.3.2.jar]
Downloading http://nexus/repository/maven-group/org/yaml/snakeyaml/1.27/snakeyaml-1.27.jar to /tmp/gradle_download8491525978608373449bin
Found locally available resource with matching checksum: [http://nexus/repository/maven-group/com/fasterxml/jackson/core/jackson-core/2.11.3/jackson-core-2.11.3.jar, /****/.gradle/caches/modules-2/files-2.1/com.fasterxml.jackson.core/jackson-core/2.11.3/c2351800432bdbdd8284c3f5a7f0782a352aa84a/jackson-core-2.11.3.jar]
Downloading http://nexus/repository/maven-group/com/github/luben/zstd-jni/1.4.4-7/zstd-jni-1.4.4-7.jar to /tmp/gradle_download14660778611435534398bin
Downloading http://nexus/repository/maven-group/org/lz4/lz4-java/1.7.1/lz4-java-1.7.1.jar to /tmp/gradle_download17835483678279306680bin
Downloading http://nexus/repository/maven-group/org/xerial/snappy/snappy-java/1.1.7.3/snappy-java-1.1.7.3.jar to /tmp/gradle_download1105212759123308868bin
Downloading http://nexus/repository/maven-group/ch/qos/logback/logback-classic/1.2.3/logback-classic-1.2.3.jar to /tmp/gradle_download11332017211984850144bin
Downloading http://nexus/repository/maven-group/org/apache/logging/log4j/log4j-to-slf4j/2.13.3/log4j-to-slf4j-2.13.3.jar to /tmp/gradle_download8702867228512225535bin
Downloading http://nexus/repository/maven-group/org/slf4j/jul-to-slf4j/1.7.30/jul-to-slf4j-1.7.30.jar to /tmp/gradle_download2391807657204702580bin
Downloading http://nexus/repository/maven-group/org/slf4j/slf4j-api/1.7.30/slf4j-api-1.7.30.jar to /tmp/gradle_download4945079339481884881bin
Found locally available resource with matching checksum: [http://nexus/repository/maven-group/org/springframework/spring-jcl/5.3.2/spring-jcl-5.3.2.jar, /****/.gradle/caches/modules-2/files-2.1/org.springframework/spring-jcl/5.3.2/5a9fc63ea825fe0de40cefd6d4985490ceabefbb/spring-jcl-5.3.2.jar]
Downloading http://nexus/repository/maven-group/ch/qos/logback/logback-core/1.2.3/logback-core-1.2.3.jar to /tmp/gradle_download17164036534259034421bin
Downloading http://nexus/repository/maven-group/org/apache/logging/log4j/log4j-api/2.13.3/log4j-api-2.13.3.jar to /tmp/gradle_download11284054453638806424bin
Caching disabled for task ':compileKotlin' because:
  Build cache is disabled
Task ':compileKotlin' is not up-to-date because:
  No history is available.
The input changes require a full rebuild for incremental task ':compileKotlin'.
file or directory '/workspace/source/src/main/java', not found
file or directory '/workspace/source/src/main/java', not found
file or directory '/workspace/source/src/main/java', not found
file or directory '/workspace/source/src/main/java', not found
Using Kotlin/JVM incremental compilation
i: starting the daemon as: /usr/lib/jvm/java-11-openjdk-11.0.9.11-2.el7_9.x86_64/bin/java -cp /****/.gradle/caches/modules-2/files-2.1/org.jetbrains.kotlin/kotlin-compiler-embeddable/1.4.21/87db94500aaf883536ae8c8efdee76bdc839d582/kotlin-compiler-embeddable-1.4.21.jar:/****/.gradle/caches/modules-2/files-2.1/org.jetbrains.kotlin/kotlin-reflect/1.4.21/748f681f4e3edbe9285ff46710c79049c70f4dfa/kotlin-reflect-1.4.21.jar:/****/.gradle/caches/modules-2/files-2.1/org.jetbrains.kotlin/kotlin-stdlib/1.4.21/4a668382d7c38688d3490afde93b6a113ed46698/kotlin-stdlib-1.4.21.jar:/****/.gradle/caches/modules-2/files-2.1/org.jetbrains.kotlin/kotlin-script-runtime/1.4.21/1247decba314790165b4fe94d09c45b09db6b07f/kotlin-script-runtime-1.4.21.jar:/****/.gradle/caches/modules-2/files-2.1/org.jetbrains.kotlin/kotlin-daemon-embeddable/1.4.21/bc95bcebdc871d45d9852b0c01abe9bec373bb52/kotlin-daemon-embeddable-1.4.21.jar:/****/.gradle/caches/modules-2/files-2.1/org.jetbrains.intellij.deps/trove4j/1.0.20181211/216c2e14b070f334479d800987affe4054cd563f/trove4j-1.0.20181211.jar:/****/.gradle/caches/modules-2/files-2.1/org.jetbrains.kotlin/kotlin-stdlib-common/1.4.21/7f48a062aa4b53215998780f7c245a4276828e1d/kotlin-stdlib-common-1.4.21.jar:/****/.gradle/caches/modules-2/files-2.1/org.jetbrains/annotations/13.0/919f0dfe192fb4e063e7dacadee7f8bb9a2672a9/annotations-13.0.jar -Djava.awt.headless=true -Djava.rmi.server.hostname=127.0.0.1 -Xmx512m -XX:MaxMetaspaceSize=256m -Dkotlin.environment.keepalive -ea org.jetbrains.kotlin.daemon.KotlinCompileDaemon --daemon-runFilesPath /****/.kotlin/daemon --daemon-autoshutdownIdleSeconds=7200 --daemon-compilerClasspath /****/.gradle/caches/modules-2/files-2.1/org.jetbrains.kotlin/kotlin-compiler-embeddable/1.4.21/87db94500aaf883536ae8c8efdee76bdc839d582/kotlin-compiler-embeddable-1.4.21.jar:/****/.gradle/caches/modules-2/files-2.1/org.jetbrains.kotlin/kotlin-reflect/1.4.21/748f681f4e3edbe9285ff46710c79049c70f4dfa/kotlin-reflect-1.4.21.jar:/****/.gradle/caches/modules-2/files-2.1/org.jetbrains.kotlin/kotlin-stdlib/1.4.21/4a668382d7c38688d3490afde93b6a113ed46698/kotlin-stdlib-1.4.21.jar:/****/.gradle/caches/modules-2/files-2.1/org.jetbrains.kotlin/kotlin-script-runtime/1.4.21/1247decba314790165b4fe94d09c45b09db6b07f/kotlin-script-runtime-1.4.21.jar:/****/.gradle/caches/modules-2/files-2.1/org.jetbrains.kotlin/kotlin-daemon-embeddable/1.4.21/bc95bcebdc871d45d9852b0c01abe9bec373bb52/kotlin-daemon-embeddable-1.4.21.jar:/****/.gradle/caches/modules-2/files-2.1/org.jetbrains.intellij.deps/trove4j/1.0.20181211/216c2e14b070f334479d800987affe4054cd563f/trove4j-1.0.20181211.jar:/****/.gradle/caches/modules-2/files-2.1/org.jetbrains.kotlin/kotlin-stdlib-common/1.4.21/7f48a062aa4b53215998780f7c245a4276828e1d/kotlin-stdlib-common-1.4.21.jar:/****/.gradle/caches/modules-2/files-2.1/org.jetbrains/annotations/13.0/919f0dfe192fb4e063e7dacadee7f8bb9a2672a9/annotations-13.0.jar
i: Received the message signalling that the daemon is ready
i: new daemon started, trying to find it
i: found daemon on port 17699 (110 ms old), trying to connect
i: connected to the daemon
Options for KOTLIN DAEMON: IncrementalCompilationOptions(super=CompilationOptions(compilerMode=INCREMENTAL_COMPILER, targetPlatform=JVM, reportCategories=[0], reportSeverity=2, requestedCompilationResults=[0]kotlinScriptExtensions=[kt, kts, java]), areFileChangesKnown=false, modifiedFiles=null, deletedFiles=null, workingDir=/workspace/source/build/kotlin/compileKotlin, multiModuleICSettings=MultiModuleICSettings(buildHistoryFile=/workspace/source/build/kotlin/compileKotlin/build-history.bin, useModuleDetection=false), usePreciseJavaTracking=trueoutputFiles=[/workspace/source/build/classes/kotlin/main, /workspace/source/build/kotlin/compileKotlin])
:compileKotlin (Thread[Daemon worker,5,main]) completed. Took 25.491 secs.
:compileJava (Thread[Daemon worker,5,main]) started.

> Task :compileJava NO-SOURCE
file or directory '/workspace/source/src/main/java', not found
Skipping task ':compileJava' as it has no source files and no previous output files.
:compileJava (Thread[Daemon worker,5,main]) completed. Took 0.017 secs.
:processResources (Thread[Daemon worker,5,main]) started.

> Task :processResources
Caching disabled for task ':processResources' because:
  Build cache is disabled
Task ':processResources' is not up-to-date because:
  No history is available.
:processResources (Thread[Daemon worker,5,main]) completed. Took 0.192 secs.
:classes (Thread[Daemon worker,5,main]) started.

> Task :classes
Skipping task ':classes' as it has no actions.
:classes (Thread[Daemon worker,5,main]) completed. Took 0.002 secs.
:bootJarMainClassName (Thread[Daemon worker,5,main]) started.

> Task :bootJarMainClassName
Excluding []
Excluding []
Excluding []
Caching disabled for task ':bootJarMainClassName' because:
  Build cache is disabled
Task ':bootJarMainClassName' is not up-to-date because:
  No history is available.
:bootJarMainClassName (Thread[Daemon worker,5,main]) completed. Took 0.707 secs.
:bootJar (Thread[Daemon worker,5,main]) started.

> Task :bootJar SKIPPED
Skipping task ':bootJar' as task onlyIf is false.
:bootJar (Thread[Daemon worker,5,main]) completed. Took 0.0 secs.
:inspectClassesForKotlinIC (Thread[Daemon worker,5,main]) started.

> Task :inspectClassesForKotlinIC
Caching disabled for task ':inspectClassesForKotlinIC' because:
  Build cache is disabled
Task ':inspectClassesForKotlinIC' is not up-to-date because:
  No history is available.
file or directory '/workspace/source/build/classes/java/main', not found
:inspectClassesForKotlinIC (Thread[Daemon worker,5,main]) completed. Took 0.072 secs.
:jar (Thread[Daemon worker,5,main]) started.

> Task :jar
file or directory '/workspace/source/build/classes/java/main', not found
Caching disabled for task ':jar' because:
  Build cache is disabled
Task ':jar' is not up-to-date because:
  No history is available.
file or directory '/workspace/source/build/classes/java/main', not found
:jar (Thread[Daemon worker,5,main]) completed. Took 0.097 secs.
:assemble (Thread[Daemon worker,5,main]) started.

> Task :assemble
Skipping task ':assemble' as it has no actions.
:assemble (Thread[Daemon worker,5,main]) completed. Took 0.0 secs.
:compileTestKotlin (Thread[Daemon worker,5,main]) started.

> Task :compileTestKotlin NO-SOURCE
file or directory '/workspace/source/src/test/kotlin', not found
file or directory '/workspace/source/src/test/java', not found
Skipping task ':compileTestKotlin' as it has no source files and no previous output files.
:compileTestKotlin (Thread[Daemon worker,5,main]) completed. Took 0.003 secs.
:compileTestJava (Thread[Daemon worker,5,main]) started.

> Task :compileTestJava NO-SOURCE
file or directory '/workspace/source/src/test/java', not found
Skipping task ':compileTestJava' as it has no source files and no previous output files.
:compileTestJava (Thread[Daemon worker,5,main]) completed. Took 0.005 secs.
:processTestResources (Thread[Daemon worker,5,main]) started.

> Task :processTestResources NO-SOURCE
file or directory '/workspace/source/src/test/resources', not found
Skipping task ':processTestResources' as it has no source files and no previous output files.
:processTestResources (Thread[Daemon worker,5,main]) completed. Took 0.001 secs.
:testClasses (Thread[Daemon worker,5,main]) started.

> Task :testClasses UP-TO-DATE
Skipping task ':testClasses' as it has no actions.
:testClasses (Thread[Daemon worker,5,main]) completed. Took 0.0 secs.
:test (Thread[Daemon worker,5,main]) started.

> Task :test NO-SOURCE
file or directory '/workspace/source/build/classes/java/test', not found
file or directory '/workspace/source/build/classes/kotlin/test', not found
Skipping task ':test' as it has no source files and no previous output files.
:test (Thread[Daemon worker,5,main]) completed. Took 0.005 secs.
:check (Thread[Daemon worker,5,main]) started.

> Task :check UP-TO-DATE
Skipping task ':check' as it has no actions.
:check (Thread[Daemon worker,5,main]) completed. Took 0.0 secs.
:build (Thread[Daemon worker,5,main]) started.

> Task :build
Skipping task ':build' as it has no actions.
:build (Thread[Daemon worker,5,main]) completed. Took 0.0 secs.
:generateMetadataFileForMavenPublication (Thread[Daemon worker,5,main]) started.

> Task :generateMetadataFileForMavenPublication
Caching disabled for task ':generateMetadataFileForMavenPublication' because:
  Build cache is disabled
Task ':generateMetadataFileForMavenPublication' is not up-to-date because:
  Task.upToDateWhen is false.
Cache entries evicted. In-memory cache of /workspace/source/.gradle/checksums/sha1-checksums.bin: Size{397} MaxSize{400}, CacheStats{hitCount=206, missCount=437, loadSuccessCount=438, loadExceptionCount=0, totalLoadTime=422156115, evictionCount=41} 
Performance may suffer from in-memory cache misses. Increase max heap size of Gradle build process to reduce cache misses.
:generateMetadataFileForMavenPublication (Thread[Daemon worker,5,main]) completed. Took 0.105 secs.
:generatePomFileForMavenPublication (Thread[Daemon worker,5,main]) started.

> Task :generatePomFileForMavenPublication
Caching disabled for task ':generatePomFileForMavenPublication' because:
  Build cache is disabled
Task ':generatePomFileForMavenPublication' is not up-to-date because:
  Task.upToDateWhen is false.
:generatePomFileForMavenPublication (Thread[Daemon worker,5,main]) completed. Took 0.982 secs.
:publishMavenPublicationToMavenRepository (Thread[Daemon worker,5,main]) started.

> Task :publishMavenPublicationToMavenRepository
Caching disabled for task ':publishMavenPublicationToMavenRepository' because:
  Build cache is disabled
Task ':publishMavenPublicationToMavenRepository' is not up-to-date because:
  Task has not declared any outputs despite executing actions.
Publishing to repository 'maven' (http://nexus/repository/maven-releases/)
Uploading model-0.0.12.jar to /repository/maven-releases/com/simonjamesrowe/model/0.0.12/model-0.0.12.jar
Uploading model-0.0.12.pom to /repository/maven-releases/com/simonjamesrowe/model/0.0.12/model-0.0.12.pom
Uploading model-0.0.12.module to /repository/maven-releases/com/simonjamesrowe/model/0.0.12/model-0.0.12.module
Uploading maven-metadata.xml to /repository/maven-releases/com/simonjamesrowe/model/maven-metadata.xml
Cannot upload checksum for module-maven-metadata.xml. Remote repository doesn't support sha-256. Error: Could not PUT 'http://nexus/repository/maven-releases/com/simonjamesrowe/model/maven-metadata.xml.sha256'. Received status code 400 from server: Bad Request
Cannot upload checksum for module-maven-metadata.xml. Remote repository doesn't support sha-512. Error: Could not PUT 'http://nexus/repository/maven-releases/com/simonjamesrowe/model/maven-metadata.xml.sha512'. Received status code 400 from server: Bad Request
:publishMavenPublicationToMavenRepository (Thread[Daemon worker,5,main]) completed. Took 0.618 secs.
:publish (Thread[Daemon worker,5,main]) started.

> Task :publish
Skipping task ':publish' as it has no actions.
:publish (Thread[Daemon worker,5,main]) completed. Took 0.0 secs.

Deprecated Gradle features were used in this build, making it incompatible with Gradle 7.0.
Use '--warning-mode all' to show the individual deprecation warnings.
See https://docs.gradle.org/6.5.1/userguide/command_line_interface.html#sec:command_line_warnings

BUILD SUCCESSFUL in 2m 15s
9 actionable tasks: 8 executed, 1 up-to-date
