
Showing logs for build [32msimonjamesrowe-model-master-rel-qvd7b-15[0m stage [32mfrom-build-pack[0m and container [32mcredential-initializer[0m
{"level":"info","ts":1614029276.9727397,"caller":"creds-init/main.go:44","msg":"Credentials initialized."}

Showing logs for build [32msimonjamesrowe-model-master-rel-qvd7b-15[0m stage [32mfrom-build-pack[0m and container [32mworking-dir-initializer[0m

Showing logs for build [32msimonjamesrowe-model-master-rel-qvd7b-15[0m stage [32mfrom-build-pack[0m and container [32mplace-tools[0m

Showing logs for build [32msimonjamesrowe-model-master-rel-qvd7b-15[0m stage [32mfrom-build-pack[0m and container [32mstep-git-source-simonjamesrowe-model-master-rel-qvd7b-8t8wk[0m
{"level":"info","ts":1614029283.5888436,"caller":"git/git.go:105","msg":"Successfully cloned https://github.com/simonjamesrowe/model.git @ v0.0.15 in path /workspace/source"}
{"level":"warn","ts":1614029283.5890326,"caller":"git/git.go:152","msg":"Unexpected error: creating symlink: symlink /tekton/home/.ssh /****/.ssh: file exists"}
{"level":"info","ts":1614029283.6445665,"caller":"git/git.go:133","msg":"Successfully initialized and updated submodules in path /workspace/source"}

Showing logs for build [32msimonjamesrowe-model-master-rel-qvd7b-15[0m stage [32mfrom-build-pack[0m and container [32mstep-setup-builder-home[0m

Showing logs for build [32msimonjamesrowe-model-master-rel-qvd7b-15[0m stage [32mfrom-build-pack[0m and container [32mstep-git-merge[0m
Using SHAs from PULL_REFS=master:e676d86d860621f0b4d7bc38db27eb1dff94833e
WARNING: no SHAs to merge, falling back to initial cloned commit

Showing logs for build [32msimonjamesrowe-model-master-rel-qvd7b-15[0m stage [32mfrom-build-pack[0m and container [32mstep-setup-jx-git-credentials[0m
Generated Git credentials file /workspace/xdg_config/git/credentials

Showing logs for build [32msimonjamesrowe-model-master-rel-qvd7b-15[0m stage [32mfrom-build-pack[0m and container [32mstep-build-gradle-build[0m
Initialized native services in: /****/.gradle/native
Removing 0 daemon stop events from registry
Starting a Gradle Daemon (subsequent builds will be faster)
Starting process 'Gradle build daemon'. Working directory: /****/.gradle/daemon/6.5.1 Command: /usr/lib/jvm/java-11-openjdk-11.0.9.11-2.el7_9.x86_64/bin/java --add-opens java.base/java.util=ALL-UNNAMED --add-opens java.base/java.lang=ALL-UNNAMED --add-opens java.base/java.lang.invoke=ALL-UNNAMED --add-opens java.prefs/java.util.prefs=ALL-UNNAMED -XX:MaxMetaspaceSize=256m -XX:+HeapDumpOnOutOfMemoryError -Xms256m -Xmx512m -Dfile.encoding=UTF-8 -Duser.country=US -Duser.language=en -Duser.variant -cp /opt/gradle/lib/gradle-launcher-6.5.1.jar org.gradle.launcher.daemon.bootstrap.GradleDaemon 6.5.1
Successfully started process 'Gradle build daemon'
An attempt to start the daemon took 2.896 secs.
The client will now receive all logging from the daemon (pid: 51). The daemon log file: /****/.gradle/daemon/6.5.1/daemon-51.out.log
Starting build in new daemon [memory: 519.0 MB]
Closing daemon's stdin at end of input.
The daemon will no longer process any standard input.
Using 1 worker leases.
Starting Build
Compiling initialization script '/home/jenkins/.gradle/init.gradle' using SubsetScriptTransformer.
Compiling initialization script '/home/jenkins/.gradle/init.gradle' using BuildScriptTransformer.
Generating /****/.gradle/caches/6.5.1/generated-gradle-jars/gradle-api-6.5.1.jar
w: /tmp/gradle-kotlin-dsl-extensions-6.5520757035632540700216805219326020804225jar/org/gradle/kotlin/dsl/GradleApiKotlinDslExtensions23.kt:40:47: 'VariantTransform' is deprecated. Deprecated in Java
w: /tmp/gradle-kotlin-dsl-extensions-6.5520757035632540700216805219326020804225jar/org/gradle/kotlin/dsl/GradleApiKotlinDslExtensions23.kt:40:153: 'ArtifactTransform' is deprecated. Deprecated in Java
w: /tmp/gradle-kotlin-dsl-extensions-6.5520757035632540700216805219326020804225jar/org/gradle/kotlin/dsl/GradleApiKotlinDslExtensions23.kt:50:47: 'VariantTransform' is deprecated. Deprecated in Java
w: /tmp/gradle-kotlin-dsl-extensions-6.5520757035632540700216805219326020804225jar/org/gradle/kotlin/dsl/GradleApiKotlinDslExtensions23.kt:50:153: 'ArtifactTransform' is deprecated. Deprecated in Java
w: /tmp/gradle-kotlin-dsl-extensions-6.5520757035632540700216805219326020804225jar/org/gradle/kotlin/dsl/GradleApiKotlinDslExtensions41.kt:50:5: 'local(Class<T!>!): T!' is deprecated. Deprecated in Java
w: /tmp/gradle-kotlin-dsl-extensions-6.5520757035632540700216805219326020804225jar/org/gradle/kotlin/dsl/GradleApiKotlinDslExtensions41.kt:60:5: 'local(Class<T!>!, Action<in T!>!): T!' is deprecated. Deprecated in Java
w: /tmp/gradle-kotlin-dsl-extensions-6.5520757035632540700216805219326020804225jar/org/gradle/kotlin/dsl/GradleApiKotlinDslExtensions48.kt:41:5: 'submit(Class<out Runnable!>!, Action<in WorkerConfiguration!>!): Unit' is deprecated. Deprecated in Java
w: /tmp/gradle-kotlin-dsl-extensions-6.5520757035632540700216805219326020804225jar/org/gradle/kotlin/dsl/GradleApiKotlinDslExtensions56.kt:39:151: 'GroovyMavenDeployer' is deprecated. Deprecated in Java
w: /tmp/gradle-kotlin-dsl-extensions-6.5520757035632540700216805219326020804225jar/org/gradle/kotlin/dsl/GradleApiKotlinDslExtensions56.kt:48:194: 'GroovyMavenDeployer' is deprecated. Deprecated in Java
w: /tmp/gradle-kotlin-dsl-extensions-6.5520757035632540700216805219326020804225jar/org/gradle/kotlin/dsl/GradleApiKotlinDslExtensions56.kt:48:248: 'GroovyMavenDeployer' is deprecated. Deprecated in Java
w: /tmp/gradle-kotlin-dsl-extensions-6.5520757035632540700216805219326020804225jar/org/gradle/kotlin/dsl/GradleApiKotlinDslExtensions56.kt:57:152: 'MavenResolver' is deprecated. Deprecated in Java
w: /tmp/gradle-kotlin-dsl-extensions-6.5520757035632540700216805219326020804225jar/org/gradle/kotlin/dsl/GradleApiKotlinDslExtensions56.kt:66:195: 'MavenResolver' is deprecated. Deprecated in Java
w: /tmp/gradle-kotlin-dsl-extensions-6.5520757035632540700216805219326020804225jar/org/gradle/kotlin/dsl/GradleApiKotlinDslExtensions56.kt:66:243: 'MavenResolver' is deprecated. Deprecated in Java
Settings evaluated using settings file '/workspace/source/settings.gradle.kts'.
Projects loaded. Root project using build file '/workspace/source/build.gradle.kts'.
Included projects: [**** project 'model']

> Configure project :
Evaluating **** project 'model' using build file '/workspace/source/build.gradle.kts'.
Downloading https://plugins.gradle.org/m2/org/springframework/boot/org.springframework.boot.gradle.plugin/2.4.1/org.springframework.boot.gradle.plugin-2.4.1.pom to /tmp/gradle_download2654842131688757373bin
Resource missing. [HTTP HEAD: https://plugins.gradle.org/m2/org/springframework/boot/org.springframework.boot.gradle.plugin/2.4.1/org.springframework.boot.gradle.plugin-2.4.1.jar]
Downloading https://plugins.gradle.org/m2/io/spring/dependency-management/io.spring.dependency-management.gradle.plugin/1.0.10.RELEASE/io.spring.dependency-management.gradle.plugin-1.0.10.RELEASE.pom to /tmp/gradle_download16571058093269025050bin
Resource missing. [HTTP HEAD: https://plugins.gradle.org/m2/io/spring/dependency-management/io.spring.dependency-management.gradle.plugin/1.0.10.RELEASE/io.spring.dependency-management.gradle.plugin-1.0.10.RELEASE.jar]
Downloading https://plugins.gradle.org/m2/org/jetbrains/kotlin/jvm/org.jetbrains.kotlin.jvm.gradle.plugin/1.4.21/org.jetbrains.kotlin.jvm.gradle.plugin-1.4.21.pom to /tmp/gradle_download7729383206871610661bin
Resource missing. [HTTP HEAD: https://plugins.gradle.org/m2/org/jetbrains/kotlin/jvm/org.jetbrains.kotlin.jvm.gradle.plugin/1.4.21/org.jetbrains.kotlin.jvm.gradle.plugin-1.4.21.jar]
Downloading https://plugins.gradle.org/m2/org/jetbrains/kotlin/plugin/spring/org.jetbrains.kotlin.plugin.spring.gradle.plugin/1.4.21/org.jetbrains.kotlin.plugin.spring.gradle.plugin-1.4.21.pom to /tmp/gradle_download3639726053261339076bin
Resource missing. [HTTP HEAD: https://plugins.gradle.org/m2/org/jetbrains/kotlin/plugin/spring/org.jetbrains.kotlin.plugin.spring.gradle.plugin/1.4.21/org.jetbrains.kotlin.plugin.spring.gradle.plugin-1.4.21.jar]
Downloading https://plugins.gradle.org/m2/org/springframework/boot/spring-boot-gradle-plugin/2.4.1/spring-boot-gradle-plugin-2.4.1.pom to /tmp/gradle_download618638785648291222bin
Downloading https://plugins.gradle.org/m2/org/springframework/boot/spring-boot-gradle-plugin/2.4.1/spring-boot-gradle-plugin-2.4.1.module to /tmp/gradle_download15079151491681010132bin
Downloading https://plugins.gradle.org/m2/io/spring/gradle/dependency-management-plugin/1.0.10.RELEASE/dependency-management-plugin-1.0.10.RELEASE.pom to /tmp/gradle_download12654340993905966164bin
Downloading https://plugins.gradle.org/m2/org/jetbrains/kotlin/kotlin-gradle-plugin/1.4.21/kotlin-gradle-plugin-1.4.21.pom to /tmp/gradle_download10009443549610971772bin
Downloading https://plugins.gradle.org/m2/org/jetbrains/kotlin/kotlin-allopen/1.4.21/kotlin-allopen-1.4.21.pom to /tmp/gradle_download4014525431529905384bin
Downloading https://plugins.gradle.org/m2/org/springframework/boot/spring-boot-buildpack-platform/2.4.1/spring-boot-buildpack-platform-2.4.1.pom to /tmp/gradle_download10171735348192959928bin
Downloading https://plugins.gradle.org/m2/org/springframework/boot/spring-boot-buildpack-platform/2.4.1/spring-boot-buildpack-platform-2.4.1.module to /tmp/gradle_download492424622781651564bin
Downloading https://plugins.gradle.org/m2/org/apache/commons/commons-compress/1.20/commons-compress-1.20.pom to /tmp/gradle_download10889965324368310313bin
Downloading https://plugins.gradle.org/m2/org/apache/commons/commons-parent/48/commons-parent-48.pom to /tmp/gradle_download5531207938981520508bin
Downloading https://plugins.gradle.org/m2/org/apache/apache/21/apache-21.pom to /tmp/gradle_download9001305272749087962bin
Downloading https://plugins.gradle.org/m2/org/springframework/spring-core/5.3.2/spring-core-5.3.2.pom to /tmp/gradle_download12438811570653398390bin
Downloading https://plugins.gradle.org/m2/org/springframework/spring-core/5.3.2/spring-core-5.3.2.module to /tmp/gradle_download451400923522637026bin
Downloading https://plugins.gradle.org/m2/org/springframework/boot/spring-boot-loader-tools/2.4.1/spring-boot-loader-tools-2.4.1.pom to /tmp/gradle_download4783439929878613458bin
Downloading https://plugins.gradle.org/m2/org/springframework/boot/spring-boot-loader-tools/2.4.1/spring-boot-loader-tools-2.4.1.module to /tmp/gradle_download18424594083603061509bin
Downloading https://plugins.gradle.org/m2/org/jetbrains/kotlin/kotlin-gradle-plugin-api/1.4.21/kotlin-gradle-plugin-api-1.4.21.pom to /tmp/gradle_download9183277967546268665bin
Downloading https://plugins.gradle.org/m2/org/jetbrains/kotlin/kotlin-util-klib/1.4.21/kotlin-util-klib-1.4.21.pom to /tmp/gradle_download6570044237272325740bin
Downloading https://plugins.gradle.org/m2/com/google/code/gson/gson/2.8.6/gson-2.8.6.pom to /tmp/gradle_download12636598412834708682bin
Downloading https://plugins.gradle.org/m2/com/google/code/gson/gson-parent/2.8.6/gson-parent-2.8.6.pom to /tmp/gradle_download14288343032224578315bin
Downloading https://plugins.gradle.org/m2/org/sonatype/oss/oss-parent/7/oss-parent-7.pom to /tmp/gradle_download4006600151812774313bin
Downloading https://plugins.gradle.org/m2/de/undercouch/gradle-download-task/4.0.2/gradle-download-task-4.0.2.pom to /tmp/gradle_download9867694313833664361bin
Downloading https://plugins.gradle.org/m2/com/github/gundy/semver4j/0.16.4/semver4j-0.16.4.pom to /tmp/gradle_download12657329141600779779bin
Downloading https://plugins.gradle.org/m2/org/jetbrains/kotlin/kotlin-compiler-embeddable/1.4.21/kotlin-compiler-embeddable-1.4.21.pom to /tmp/gradle_download12560036330418665678bin
Downloading https://plugins.gradle.org/m2/org/jetbrains/kotlin/kotlin-annotation-processing-gradle/1.4.21/kotlin-annotation-processing-gradle-1.4.21.pom to /tmp/gradle_download3236051201624360952bin
Downloading https://plugins.gradle.org/m2/org/jetbrains/kotlin/kotlin-android-extensions/1.4.21/kotlin-android-extensions-1.4.21.pom to /tmp/gradle_download7383660899955893920bin
Downloading https://plugins.gradle.org/m2/org/jetbrains/kotlin/kotlin-compiler-runner/1.4.21/kotlin-compiler-runner-1.4.21.pom to /tmp/gradle_download12739114775096832810bin
Downloading https://plugins.gradle.org/m2/org/jetbrains/kotlin/kotlin-scripting-compiler-embeddable/1.4.21/kotlin-scripting-compiler-embeddable-1.4.21.pom to /tmp/gradle_download12347591386760757685bin
Downloading https://plugins.gradle.org/m2/org/jetbrains/kotlin/kotlin-scripting-compiler-impl-embeddable/1.4.21/kotlin-scripting-compiler-impl-embeddable-1.4.21.pom to /tmp/gradle_download1944646006284981994bin
Downloading https://plugins.gradle.org/m2/org/jetbrains/kotlin/kotlin-gradle-plugin-model/1.4.21/kotlin-gradle-plugin-model-1.4.21.pom to /tmp/gradle_download6136640746755278463bin
Downloading https://plugins.gradle.org/m2/org/jetbrains/kotlin/kotlin-stdlib/1.3.72/kotlin-stdlib-1.3.72.pom to /tmp/gradle_download18201155879030794268bin
Downloading https://plugins.gradle.org/m2/org/jetbrains/kotlin/kotlin-reflect/1.3.72/kotlin-reflect-1.3.72.pom to /tmp/gradle_download7035893595399767818bin
Downloading https://plugins.gradle.org/m2/com/fasterxml/jackson/core/jackson-databind/2.11.3/jackson-databind-2.11.3.pom to /tmp/gradle_download4336558705133705285bin
Downloading https://plugins.gradle.org/m2/com/fasterxml/jackson/jackson-base/2.11.3/jackson-base-2.11.3.pom to /tmp/gradle_download4814612223817286310bin
Downloading https://plugins.gradle.org/m2/com/fasterxml/jackson/jackson-bom/2.11.3/jackson-bom-2.11.3.pom to /tmp/gradle_download5720382389322055626bin
Downloading https://plugins.gradle.org/m2/com/fasterxml/jackson/jackson-parent/2.11/jackson-parent-2.11.pom to /tmp/gradle_download11126496012294779637bin
Downloading https://plugins.gradle.org/m2/com/fasterxml/oss-parent/38/oss-parent-38.pom to /tmp/gradle_download15133272428298491027bin
Downloading https://plugins.gradle.org/m2/net/java/dev/jna/jna-platform/5.5.0/jna-platform-5.5.0.pom to /tmp/gradle_download2883392358258525009bin
Downloading https://plugins.gradle.org/m2/org/apache/httpcomponents/httpclient/4.5.13/httpclient-4.5.13.pom to /tmp/gradle_download7046686228211990125bin
Downloading https://plugins.gradle.org/m2/org/apache/httpcomponents/httpcomponents-client/4.5.13/httpcomponents-client-4.5.13.pom to /tmp/gradle_download4071026339386821660bin
Downloading https://plugins.gradle.org/m2/org/apache/httpcomponents/httpcomponents-parent/11/httpcomponents-parent-11.pom to /tmp/gradle_download5330334066268484041bin
Downloading https://plugins.gradle.org/m2/com/fasterxml/jackson/module/jackson-module-parameter-names/2.11.3/jackson-module-parameter-names-2.11.3.pom to /tmp/gradle_download8621403108239487327bin
Downloading https://plugins.gradle.org/m2/com/fasterxml/jackson/module/jackson-modules-java8/2.11.3/jackson-modules-java8-2.11.3.pom to /tmp/gradle_download821529725161911195bin
Downloading https://plugins.gradle.org/m2/org/springframework/spring-jcl/5.3.2/spring-jcl-5.3.2.pom to /tmp/gradle_download1125121696736235379bin
Downloading https://plugins.gradle.org/m2/org/springframework/spring-jcl/5.3.2/spring-jcl-5.3.2.module to /tmp/gradle_download9173385954853987918bin
Downloading https://plugins.gradle.org/m2/org/jetbrains/kotlin/kotlin-util-io/1.4.21/kotlin-util-io-1.4.21.pom to /tmp/gradle_download6006766927722282066bin
Downloading https://plugins.gradle.org/m2/org/antlr/antlr4-runtime/4.5.2-1/antlr4-runtime-4.5.2-1.pom to /tmp/gradle_download16908570044164876943bin
Downloading https://plugins.gradle.org/m2/org/antlr/antlr4-master/4.5.2-1/antlr4-master-4.5.2-1.pom to /tmp/gradle_download10800560055172005960bin
Downloading https://plugins.gradle.org/m2/org/sonatype/oss/oss-parent/9/oss-parent-9.pom to /tmp/gradle_download17457039866139374920bin
Downloading https://plugins.gradle.org/m2/org/jetbrains/kotlin/kotlin-script-runtime/1.4.21/kotlin-script-runtime-1.4.21.pom to /tmp/gradle_download10969531552121905032bin
Downloading https://plugins.gradle.org/m2/org/jetbrains/intellij/deps/trove4j/1.0.20181211/trove4j-1.0.20181211.pom to /tmp/gradle_download9341430078028985306bin
Downloading https://plugins.gradle.org/m2/org/jetbrains/kotlin/kotlin-daemon-embeddable/1.4.21/kotlin-daemon-embeddable-1.4.21.pom to /tmp/gradle_download8769973608818239936bin
Downloading https://plugins.gradle.org/m2/org/jetbrains/kotlin/kotlin-build-common/1.4.21/kotlin-build-common-1.4.21.pom to /tmp/gradle_download13559030905908247207bin
Downloading https://plugins.gradle.org/m2/org/jetbrains/kotlinx/kotlinx-coroutines-core/1.3.7/kotlinx-coroutines-core-1.3.7.pom to /tmp/gradle_download9353317521209065653bin
Downloading https://plugins.gradle.org/m2/org/jetbrains/kotlin/kotlin-daemon-client/1.4.21/kotlin-daemon-client-1.4.21.pom to /tmp/gradle_download13726598697915991605bin
Downloading https://plugins.gradle.org/m2/org/jetbrains/kotlin/kotlin-scripting-common/1.4.21/kotlin-scripting-common-1.4.21.pom to /tmp/gradle_download7418048435313753330bin
Downloading https://plugins.gradle.org/m2/org/jetbrains/kotlin/kotlin-scripting-jvm/1.4.21/kotlin-scripting-jvm-1.4.21.pom to /tmp/gradle_download11599308009828432250bin
Downloading https://plugins.gradle.org/m2/org/jetbrains/kotlin/kotlin-stdlib-common/1.3.72/kotlin-stdlib-common-1.3.72.pom to /tmp/gradle_download6751263668176681725bin
Downloading https://plugins.gradle.org/m2/org/jetbrains/annotations/13.0/annotations-13.0.pom to /tmp/gradle_download5728958343253168371bin
Downloading https://plugins.gradle.org/m2/com/fasterxml/jackson/core/jackson-annotations/2.11.3/jackson-annotations-2.11.3.pom to /tmp/gradle_download2120510252522881001bin
Downloading https://plugins.gradle.org/m2/com/fasterxml/jackson/core/jackson-core/2.11.3/jackson-core-2.11.3.pom to /tmp/gradle_download18062719380759323217bin
Downloading https://plugins.gradle.org/m2/net/java/dev/jna/jna/5.5.0/jna-5.5.0.pom to /tmp/gradle_download6875604068728971608bin
Downloading https://plugins.gradle.org/m2/org/apache/httpcomponents/httpcore/4.4.13/httpcore-4.4.13.pom to /tmp/gradle_download12540724707640014159bin
Downloading https://plugins.gradle.org/m2/org/apache/httpcomponents/httpcomponents-core/4.4.13/httpcomponents-core-4.4.13.pom to /tmp/gradle_download12531139405175960293bin
Downloading https://plugins.gradle.org/m2/commons-codec/commons-codec/1.11/commons-codec-1.11.pom to /tmp/gradle_download11816771085867735313bin
Downloading https://plugins.gradle.org/m2/org/apache/commons/commons-parent/42/commons-parent-42.pom to /tmp/gradle_download1575390981477655111bin
Downloading https://plugins.gradle.org/m2/org/apache/apache/18/apache-18.pom to /tmp/gradle_download13438903194935965829bin
Downloading https://plugins.gradle.org/m2/commons-logging/commons-logging/1.2/commons-logging-1.2.pom to /tmp/gradle_download396281504458397039bin
Downloading https://plugins.gradle.org/m2/org/apache/commons/commons-parent/34/commons-parent-34.pom to /tmp/gradle_download18342736019191578674bin
Downloading https://plugins.gradle.org/m2/org/apache/apache/13/apache-13.pom to /tmp/gradle_download14352478917272956801bin
Downloading https://plugins.gradle.org/m2/org/jetbrains/kotlin/kotlin-gradle-plugin/1.4.21/kotlin-gradle-plugin-1.4.21.jar to /tmp/gradle_download5861448203345281285bin
Downloading https://plugins.gradle.org/m2/org/jetbrains/kotlin/kotlin-gradle-plugin-api/1.4.21/kotlin-gradle-plugin-api-1.4.21.jar to /tmp/gradle_download13769156941766875913bin
Downloading https://plugins.gradle.org/m2/org/jetbrains/kotlin/kotlin-gradle-plugin-model/1.4.21/kotlin-gradle-plugin-model-1.4.21.jar to /tmp/gradle_download6848681941498864730bin
Downloading https://plugins.gradle.org/m2/org/jetbrains/kotlin/kotlin-util-klib/1.4.21/kotlin-util-klib-1.4.21.jar to /tmp/gradle_download11545668949493596270bin
Downloading https://plugins.gradle.org/m2/org/jetbrains/kotlin/kotlin-annotation-processing-gradle/1.4.21/kotlin-annotation-processing-gradle-1.4.21.jar to /tmp/gradle_download2387474479148290687bin
Downloading https://plugins.gradle.org/m2/org/jetbrains/kotlin/kotlin-android-extensions/1.4.21/kotlin-android-extensions-1.4.21.jar to /tmp/gradle_download879877751530903331bin
Downloading https://plugins.gradle.org/m2/org/jetbrains/kotlin/kotlin-compiler-runner/1.4.21/kotlin-compiler-runner-1.4.21.jar to /tmp/gradle_download10368969210299544763bin
Downloading https://plugins.gradle.org/m2/org/jetbrains/kotlin/kotlin-compiler-embeddable/1.4.21/kotlin-compiler-embeddable-1.4.21.jar to /tmp/gradle_download11459242292967891788bin
Downloading https://plugins.gradle.org/m2/org/jetbrains/kotlin/kotlin-scripting-compiler-embeddable/1.4.21/kotlin-scripting-compiler-embeddable-1.4.21.jar to /tmp/gradle_download6693719361132633553bin
Downloading https://plugins.gradle.org/m2/org/jetbrains/kotlin/kotlin-scripting-compiler-impl-embeddable/1.4.21/kotlin-scripting-compiler-impl-embeddable-1.4.21.jar to /tmp/gradle_download10244098953732687938bin
Downloading https://plugins.gradle.org/m2/org/jetbrains/kotlin/kotlin-daemon-client/1.4.21/kotlin-daemon-client-1.4.21.jar to /tmp/gradle_download13281180685191918046bin
Downloading https://plugins.gradle.org/m2/org/jetbrains/kotlin/kotlin-reflect/1.3.72/kotlin-reflect-1.3.72.jar to /tmp/gradle_download2924733002998343033bin
Downloading https://plugins.gradle.org/m2/org/jetbrains/kotlin/kotlin-util-io/1.4.21/kotlin-util-io-1.4.21.jar to /tmp/gradle_download15065275359383290307bin
Downloading https://plugins.gradle.org/m2/org/jetbrains/kotlin/kotlin-scripting-jvm/1.4.21/kotlin-scripting-jvm-1.4.21.jar to /tmp/gradle_download3559568142602975513bin
Downloading https://plugins.gradle.org/m2/org/jetbrains/kotlin/kotlin-scripting-common/1.4.21/kotlin-scripting-common-1.4.21.jar to /tmp/gradle_download16462225731697989439bin
Downloading https://plugins.gradle.org/m2/org/jetbrains/kotlinx/kotlinx-coroutines-core/1.3.7/kotlinx-coroutines-core-1.3.7.jar to /tmp/gradle_download18236156917322782255bin
Downloading https://plugins.gradle.org/m2/org/jetbrains/kotlin/kotlin-stdlib/1.3.72/kotlin-stdlib-1.3.72.jar to /tmp/gradle_download14742281288219957321bin
Downloading https://plugins.gradle.org/m2/org/jetbrains/kotlin/kotlin-stdlib-common/1.3.72/kotlin-stdlib-common-1.3.72.jar to /tmp/gradle_download6969419895910018232bin
Downloading https://plugins.gradle.org/m2/org/jetbrains/annotations/13.0/annotations-13.0.jar to /tmp/gradle_download4325905234918964425bin
Downloading https://plugins.gradle.org/m2/org/springframework/boot/spring-boot-gradle-plugin/2.4.1/spring-boot-gradle-plugin-2.4.1.jar to /tmp/gradle_download2448987920976996283bin
Downloading https://plugins.gradle.org/m2/io/spring/gradle/dependency-management-plugin/1.0.10.RELEASE/dependency-management-plugin-1.0.10.RELEASE.jar to /tmp/gradle_download11949722569956989607bin
Downloading https://plugins.gradle.org/m2/org/springframework/boot/spring-boot-buildpack-platform/2.4.1/spring-boot-buildpack-platform-2.4.1.jar to /tmp/gradle_download7779777969649627282bin
Downloading https://plugins.gradle.org/m2/org/springframework/boot/spring-boot-loader-tools/2.4.1/spring-boot-loader-tools-2.4.1.jar to /tmp/gradle_download17459238999735566302bin
Downloading https://plugins.gradle.org/m2/org/apache/commons/commons-compress/1.20/commons-compress-1.20.jar to /tmp/gradle_download4989094793210042399bin
Downloading https://plugins.gradle.org/m2/org/springframework/spring-core/5.3.2/spring-core-5.3.2.jar to /tmp/gradle_download13171649011402911964bin
Downloading https://plugins.gradle.org/m2/com/google/code/gson/gson/2.8.6/gson-2.8.6.jar to /tmp/gradle_download16984375103379660019bin
Downloading https://plugins.gradle.org/m2/de/undercouch/gradle-download-task/4.0.2/gradle-download-task-4.0.2.jar to /tmp/gradle_download17217234677060378493bin
Downloading https://plugins.gradle.org/m2/com/github/gundy/semver4j/0.16.4/semver4j-0.16.4.jar to /tmp/gradle_download2973583632641579239bin
Downloading https://plugins.gradle.org/m2/com/fasterxml/jackson/module/jackson-module-parameter-names/2.11.3/jackson-module-parameter-names-2.11.3.jar to /tmp/gradle_download5235240635901394710bin
Downloading https://plugins.gradle.org/m2/com/fasterxml/jackson/core/jackson-databind/2.11.3/jackson-databind-2.11.3.jar to /tmp/gradle_download4850733432387376454bin
Downloading https://plugins.gradle.org/m2/net/java/dev/jna/jna-platform/5.5.0/jna-platform-5.5.0.jar to /tmp/gradle_download11698851965920613219bin
Downloading https://plugins.gradle.org/m2/org/apache/httpcomponents/httpclient/4.5.13/httpclient-4.5.13.jar to /tmp/gradle_download13346142062504709175bin
Downloading https://plugins.gradle.org/m2/org/springframework/spring-jcl/5.3.2/spring-jcl-5.3.2.jar to /tmp/gradle_download2507733128748944824bin
Downloading https://plugins.gradle.org/m2/org/antlr/antlr4-runtime/4.5.2-1/antlr4-runtime-4.5.2-1.jar to /tmp/gradle_download6407322079118900669bin
Downloading https://plugins.gradle.org/m2/org/jetbrains/kotlin/kotlin-script-runtime/1.4.21/kotlin-script-runtime-1.4.21.jar to /tmp/gradle_download4661745966171089163bin
Downloading https://plugins.gradle.org/m2/org/jetbrains/kotlin/kotlin-daemon-embeddable/1.4.21/kotlin-daemon-embeddable-1.4.21.jar to /tmp/gradle_download13317298141035180941bin
Downloading https://plugins.gradle.org/m2/org/jetbrains/intellij/deps/trove4j/1.0.20181211/trove4j-1.0.20181211.jar to /tmp/gradle_download2934721724967230350bin
Downloading https://plugins.gradle.org/m2/org/jetbrains/kotlin/kotlin-build-common/1.4.21/kotlin-build-common-1.4.21.jar to /tmp/gradle_download2639590263737656688bin
Downloading https://plugins.gradle.org/m2/com/fasterxml/jackson/core/jackson-annotations/2.11.3/jackson-annotations-2.11.3.jar to /tmp/gradle_download14335182326464026981bin
Downloading https://plugins.gradle.org/m2/com/fasterxml/jackson/core/jackson-core/2.11.3/jackson-core-2.11.3.jar to /tmp/gradle_download15012205669992316016bin
Downloading https://plugins.gradle.org/m2/net/java/dev/jna/jna/5.5.0/jna-5.5.0.jar to /tmp/gradle_download18335189834799826050bin
Downloading https://plugins.gradle.org/m2/org/apache/httpcomponents/httpcore/4.4.13/httpcore-4.4.13.jar to /tmp/gradle_download7896035936553194325bin
Downloading https://plugins.gradle.org/m2/commons-logging/commons-logging/1.2/commons-logging-1.2.jar to /tmp/gradle_download13658874881700432293bin
Downloading https://plugins.gradle.org/m2/commons-codec/commons-codec/1.11/commons-codec-1.11.jar to /tmp/gradle_download12234619835212474898bin
Downloading https://plugins.gradle.org/m2/org/jetbrains/kotlin/kotlin-allopen/1.4.21/kotlin-allopen-1.4.21.jar to /tmp/gradle_download18422379853554467196bin
Applying dependency management to configuration 'bootArchives' in project 'model'
Applying dependency management to configuration 'kotlinCompilerClasspath' in project 'model'
Applying dependency management to configuration 'kotlinCompilerPluginClasspath' in project 'model'
Applying dependency management to configuration 'kotlinNativeCompilerPluginClasspath' in project 'model'
Applying dependency management to configuration 'kotlinKlibCommonizerClasspath' in project 'model'
Applying dependency management to configuration 'archives' in project 'model'
Applying dependency management to configuration 'default' in project 'model'
Applying dependency management to configuration 'compile' in project 'model'
Applying dependency management to configuration 'implementation' in project 'model'
Applying dependency management to configuration 'runtime' in project 'model'
Applying dependency management to configuration 'compileOnly' in project 'model'
Applying dependency management to configuration 'compileClasspath' in project 'model'
Applying dependency management to configuration 'annotationProcessor' in project 'model'
Applying dependency management to configuration 'runtimeOnly' in project 'model'
Applying dependency management to configuration 'runtimeClasspath' in project 'model'
Applying dependency management to configuration 'testCompile' in project 'model'
Applying dependency management to configuration 'testImplementation' in project 'model'
Applying dependency management to configuration 'testRuntime' in project 'model'
Applying dependency management to configuration 'testCompileOnly' in project 'model'
Applying dependency management to configuration 'testCompileClasspath' in project 'model'
Applying dependency management to configuration 'testAnnotationProcessor' in project 'model'
Applying dependency management to configuration 'testRuntimeOnly' in project 'model'
Applying dependency management to configuration 'testRuntimeClasspath' in project 'model'
Applying dependency management to configuration 'apiElements' in project 'model'
Applying dependency management to configuration 'runtimeElements' in project 'model'
Applying dependency management to configuration 'developmentOnly' in project 'model'
Applying dependency management to configuration 'productionRuntimeClasspath' in project 'model'
Applying dependency management to configuration 'api' in project 'model'
Applying dependency management to configuration 'apiDependenciesMetadata' in project 'model'
Applying dependency management to configuration 'implementationDependenciesMetadata' in project 'model'
Applying dependency management to configuration 'compileOnlyDependenciesMetadata' in project 'model'
Applying dependency management to configuration 'runtimeOnlyDependenciesMetadata' in project 'model'
Applying dependency management to configuration 'testApi' in project 'model'
Applying dependency management to configuration 'testApiDependenciesMetadata' in project 'model'
Applying dependency management to configuration 'testImplementationDependenciesMetadata' in project 'model'
Applying dependency management to configuration 'testCompileOnlyDependenciesMetadata' in project 'model'
Applying dependency management to configuration 'testRuntimeOnlyDependenciesMetadata' in project 'model'
Applying dependency management to configuration 'kotlinScriptDef' in project 'model'
kotlin scripting plugin: created the scripting discovery configuration: kotlinScriptDef
Applying dependency management to configuration 'kotlinScriptDefExtensions' in project 'model'
Applying dependency management to configuration 'testKotlinScriptDef' in project 'model'
kotlin scripting plugin: created the scripting discovery configuration: testKotlinScriptDef
Applying dependency management to configuration 'testKotlinScriptDefExtensions' in project 'model'
Applying dependency management to configuration 'sourceArtifacts' in project 'model'
w: Runtime JAR files in the classpath should have the same version. These files were found in the classpath:
    /opt/gradle/lib/kotlin-stdlib-1.3.72.jar (version 1.3)
    /opt/gradle/lib/kotlin-stdlib-common-1.3.72.jar (version 1.3)
    /opt/gradle/lib/kotlin-stdlib-jdk7-1.3.72.jar (version 1.3)
    /opt/gradle/lib/kotlin-stdlib-jdk8-1.3.72.jar (version 1.3)
    /opt/gradle/lib/kotlin-reflect-1.3.72.jar (version 1.3)
    /****/.gradle/caches/modules-2/files-2.1/org.jetbrains.kotlin/kotlin-reflect/1.3.72/86613e1a669a701b0c660bfd2af4f82a7ae11fca/kotlin-reflect-1.3.72.jar (version 1.3)
    /****/.gradle/caches/modules-2/files-2.1/org.jetbrains.kotlin/kotlin-stdlib/1.3.72/8032138f12c0180bc4e51fe139d4c52b46db6109/kotlin-stdlib-1.3.72.jar (version 1.3)
    /****/.gradle/caches/modules-2/files-2.1/org.jetbrains.kotlin/kotlin-stdlib-common/1.3.72/6ca8bee3d88957eaaaef077c41c908c9940492d8/kotlin-stdlib-common-1.3.72.jar (version 1.3)
    /****/.gradle/caches/modules-2/files-2.1/org.jetbrains.kotlin/kotlin-script-runtime/1.4.21/1247decba314790165b4fe94d09c45b09db6b07f/kotlin-script-runtime-1.4.21.jar (version 1.4)
w: Some runtime JAR files in the classpath have an incompatible version. Consider removing them from the classpath
Applying dependency management to configuration 'apiElements-published' in project 'model'
Applying dependency management to configuration 'runtimeElements-published' in project 'model'
All projects evaluated.
Selected primary task 'clean' from project :
Selected primary task 'build' from project :
Resolving global dependency management for project 'model'
Downloading http://nexus/repository/maven-group/org/springframework/boot/spring-boot-dependencies/2.4.1/spring-boot-dependencies-2.4.1.pom to /tmp/gradle_download15330150162540350848bin
Downloading http://nexus/repository/maven-group/com/datastax/oss/java-driver-bom/4.9.0/java-driver-bom-4.9.0.pom to /tmp/gradle_download10699268387545184719bin
Downloading http://nexus/repository/maven-group/io/dropwizard/metrics/metrics-bom/4.1.16/metrics-bom-4.1.16.pom to /tmp/gradle_download10396973055485251959bin
Downloading http://nexus/repository/maven-group/io/dropwizard/metrics/metrics-parent/4.1.16/metrics-parent-4.1.16.pom to /tmp/gradle_download1004287477492387479bin
Downloading http://nexus/repository/maven-group/org/codehaus/groovy/groovy-bom/2.5.14/groovy-bom-2.5.14.pom to /tmp/gradle_download12227576933005731745bin
Downloading http://nexus/repository/maven-group/org/infinispan/infinispan-bom/11.0.8.Final/infinispan-bom-11.0.8.Final.pom to /tmp/gradle_download14584769507179054434bin
Downloading http://nexus/repository/maven-group/org/infinispan/infinispan-build-configuration-parent/11.0.8.Final/infinispan-build-configuration-parent-11.0.8.Final.pom to /tmp/gradle_download12010347971196544510bin
Downloading http://nexus/repository/maven-group/org/jboss/jboss-parent/36/jboss-parent-36.pom to /tmp/gradle_download10884275064846703766bin
Found locally available resource with matching checksum: [http://nexus/repository/maven-group/com/fasterxml/jackson/jackson-bom/2.11.3/jackson-bom-2.11.3.pom, /****/.gradle/caches/modules-2/files-2.1/com.fasterxml.jackson/jackson-bom/2.11.3/8517ef9e21b0bf736581febb8f3fbdc49c139ac7/jackson-bom-2.11.3.pom]
Found locally available resource with matching checksum: [http://nexus/repository/maven-group/com/fasterxml/jackson/jackson-parent/2.11/jackson-parent-2.11.pom, /****/.gradle/caches/modules-2/files-2.1/com.fasterxml.jackson/jackson-parent/2.11/89f0f8a7f21a54125e0ae1f72e6cdd50b51c87f3/jackson-parent-2.11.pom]
Found locally available resource with matching checksum: [http://nexus/repository/maven-group/com/fasterxml/oss-parent/38/oss-parent-38.pom, /****/.gradle/caches/modules-2/files-2.1/com.fasterxml/oss-parent/38/ff6b9e9e40c23235f87a44b463995b47adca8dc9/oss-parent-38.pom]
Downloading http://nexus/repository/maven-group/org/glassfish/jersey/jersey-bom/2.32/jersey-bom-2.32.pom to /tmp/gradle_download15302486288386862028bin
Downloading http://nexus/repository/maven-group/org/eclipse/ee4j/project/1.0.6/project-1.0.6.pom to /tmp/gradle_download8900662466268754600bin
Downloading http://nexus/repository/maven-group/org/eclipse/jetty/jetty-bom/9.4.35.v20201120/jetty-bom-9.4.35.v20201120.pom to /tmp/gradle_download12985427515585756334bin
Downloading http://nexus/repository/maven-group/org/junit/junit-bom/5.7.0/junit-bom-5.7.0.pom to /tmp/gradle_download8886597571226612882bin
Downloading http://nexus/repository/maven-group/org/junit/junit-bom/5.7.0/junit-bom-5.7.0.module to /tmp/gradle_download805124477330269080bin
Downloading http://nexus/repository/maven-group/org/jetbrains/kotlin/kotlin-bom/1.4.21/kotlin-bom-1.4.21.pom to /tmp/gradle_download2245516161448917580bin
Downloading http://nexus/repository/maven-group/org/jetbrains/kotlinx/kotlinx-coroutines-bom/1.4.2/kotlinx-coroutines-bom-1.4.2.pom to /tmp/gradle_download3647414198468060511bin
Downloading http://nexus/repository/maven-group/org/apache/logging/log4j/log4j-bom/2.13.3/log4j-bom-2.13.3.pom to /tmp/gradle_download11225693233673156641bin
Downloading http://nexus/repository/maven-group/org/apache/logging/logging-parent/1/logging-parent-1.pom to /tmp/gradle_download17195091582400722346bin
Found locally available resource with matching checksum: [http://nexus/repository/maven-group/org/apache/apache/18/apache-18.pom, /****/.gradle/caches/modules-2/files-2.1/org.apache/apache/18/bd408bbea3840f2c7f914b29403e39a90f84fd5f/apache-18.pom]
Downloading http://nexus/repository/maven-group/io/micrometer/micrometer-bom/1.6.2/micrometer-bom-1.6.2.pom to /tmp/gradle_download9331216755736555135bin
Downloading http://nexus/repository/maven-group/io/netty/netty-bom/4.1.55.Final/netty-bom-4.1.55.Final.pom to /tmp/gradle_download11417879802159525708bin
Found locally available resource with matching checksum: [http://nexus/repository/maven-group/org/sonatype/oss/oss-parent/7/oss-parent-7.pom, /****/.gradle/caches/modules-2/files-2.1/org.sonatype.oss/oss-parent/7/46b8a785b60a2767095b8611613b58577e96d4c9/oss-parent-7.pom]
Downloading http://nexus/repository/maven-group/com/oracle/database/jdbc/ojdbc-bom/19.8.0.0/ojdbc-bom-19.8.0.0.pom to /tmp/gradle_download13951951070661505522bin
Downloading http://nexus/repository/maven-group/io/r2dbc/r2dbc-bom/Arabba-SR8/r2dbc-bom-Arabba-SR8.pom to /tmp/gradle_download11300483593616500350bin
Downloading http://nexus/repository/maven-group/io/projectreactor/reactor-bom/2020.0.2/reactor-bom-2020.0.2.pom to /tmp/gradle_download12686215002468901922bin
Downloading http://nexus/repository/maven-group/io/rsocket/rsocket-bom/1.1.0/rsocket-bom-1.1.0.pom to /tmp/gradle_download18176542036287164949bin
Downloading http://nexus/repository/maven-group/org/springframework/data/spring-data-bom/2020.0.2/spring-data-bom-2020.0.2.pom to /tmp/gradle_download2029098104395713503bin
Downloading http://nexus/repository/maven-group/org/springframework/spring-framework-bom/5.3.2/spring-framework-bom-5.3.2.pom to /tmp/gradle_download5963429027522285023bin
Downloading http://nexus/repository/maven-group/org/springframework/spring-framework-bom/5.3.2/spring-framework-bom-5.3.2.module to /tmp/gradle_download15350198957144120396bin
Downloading http://nexus/repository/maven-group/org/springframework/integration/spring-integration-bom/5.4.2/spring-integration-bom-5.4.2.pom to /tmp/gradle_download7293873985567859883bin
Downloading http://nexus/repository/maven-group/org/springframework/integration/spring-integration-bom/5.4.2/spring-integration-bom-5.4.2.module to /tmp/gradle_download4448274104629903263bin
Downloading http://nexus/repository/maven-group/org/springframework/security/spring-security-bom/5.4.2/spring-security-bom-5.4.2.pom to /tmp/gradle_download14894778123528637605bin
Downloading http://nexus/repository/maven-group/org/springframework/session/spring-session-bom/2020.0.1/spring-session-bom-2020.0.1.pom to /tmp/gradle_download11129105670736383101bin
Found locally available resource with matching checksum: [http://nexus/repository/maven-group/org/jetbrains/kotlin/kotlin-compiler-embeddable/1.4.21/kotlin-compiler-embeddable-1.4.21.pom, /****/.gradle/caches/modules-2/files-2.1/org.jetbrains.kotlin/kotlin-compiler-embeddable/1.4.21/98415def7f0dd025e39172d7ecf2b9594980e5a2/kotlin-compiler-embeddable-1.4.21.pom]
Downloading http://nexus/repository/maven-group/org/jetbrains/kotlin/kotlin-stdlib/1.4.21/kotlin-stdlib-1.4.21.pom to /tmp/gradle_download13415090906632230562bin
Downloading http://nexus/repository/maven-group/org/jetbrains/kotlin/kotlin-reflect/1.4.21/kotlin-reflect-1.4.21.pom to /tmp/gradle_download7395566744444024195bin
Found locally available resource with matching checksum: [http://nexus/repository/maven-group/org/jetbrains/kotlin/kotlin-daemon-embeddable/1.4.21/kotlin-daemon-embeddable-1.4.21.pom, /****/.gradle/caches/modules-2/files-2.1/org.jetbrains.kotlin/kotlin-daemon-embeddable/1.4.21/9c638d129c3879b265beef60cb0f9073b1ebbba9/kotlin-daemon-embeddable-1.4.21.pom]
Found locally available resource with matching checksum: [http://nexus/repository/maven-group/org/jetbrains/intellij/deps/trove4j/1.0.20181211/trove4j-1.0.20181211.pom, /****/.gradle/caches/modules-2/files-2.1/org.jetbrains.intellij.deps/trove4j/1.0.20181211/ad9cb821b804f05ed013ce89e3ec4d32d101bd79/trove4j-1.0.20181211.pom]
Found locally available resource with matching checksum: [http://nexus/repository/maven-group/org/jetbrains/kotlin/kotlin-script-runtime/1.4.21/kotlin-script-runtime-1.4.21.pom, /****/.gradle/caches/modules-2/files-2.1/org.jetbrains.kotlin/kotlin-script-runtime/1.4.21/3a45a64c975c8470c84901999cba61a1fe562d7e/kotlin-script-runtime-1.4.21.pom]
Downloading http://nexus/repository/maven-group/org/jetbrains/kotlin/kotlin-stdlib-common/1.4.21/kotlin-stdlib-common-1.4.21.pom to /tmp/gradle_download14259202250414355210bin
Found locally available resource with matching checksum: [http://nexus/repository/maven-group/org/jetbrains/annotations/13.0/annotations-13.0.pom, /****/.gradle/caches/modules-2/files-2.1/org.jetbrains/annotations/13.0/fa7d3d07cc80547e2d15bf4839d3267c637c642f/annotations-13.0.pom]
Excluding []
Found locally available resource with matching checksum: [http://nexus/repository/maven-group/org/jetbrains/kotlin/kotlin-compiler-embeddable/1.4.21/kotlin-compiler-embeddable-1.4.21.jar, /****/.gradle/caches/modules-2/files-2.1/org.jetbrains.kotlin/kotlin-compiler-embeddable/1.4.21/87db94500aaf883536ae8c8efdee76bdc839d582/kotlin-compiler-embeddable-1.4.21.jar]
Downloading http://nexus/repository/maven-group/org/jetbrains/kotlin/kotlin-reflect/1.4.21/kotlin-reflect-1.4.21.jar to /tmp/gradle_download2139250143689956691bin
Downloading http://nexus/repository/maven-group/org/jetbrains/kotlin/kotlin-stdlib/1.4.21/kotlin-stdlib-1.4.21.jar to /tmp/gradle_download15933791864827253957bin
Found locally available resource with matching checksum: [http://nexus/repository/maven-group/org/jetbrains/kotlin/kotlin-script-runtime/1.4.21/kotlin-script-runtime-1.4.21.jar, /****/.gradle/caches/modules-2/files-2.1/org.jetbrains.kotlin/kotlin-script-runtime/1.4.21/1247decba314790165b4fe94d09c45b09db6b07f/kotlin-script-runtime-1.4.21.jar]
Found locally available resource with matching checksum: [http://nexus/repository/maven-group/org/jetbrains/kotlin/kotlin-daemon-embeddable/1.4.21/kotlin-daemon-embeddable-1.4.21.jar, /****/.gradle/caches/modules-2/files-2.1/org.jetbrains.kotlin/kotlin-daemon-embeddable/1.4.21/bc95bcebdc871d45d9852b0c01abe9bec373bb52/kotlin-daemon-embeddable-1.4.21.jar]
Found locally available resource with matching checksum: [http://nexus/repository/maven-group/org/jetbrains/intellij/deps/trove4j/1.0.20181211/trove4j-1.0.20181211.jar, /****/.gradle/caches/modules-2/files-2.1/org.jetbrains.intellij.deps/trove4j/1.0.20181211/216c2e14b070f334479d800987affe4054cd563f/trove4j-1.0.20181211.jar]
Downloading http://nexus/repository/maven-group/org/jetbrains/kotlin/kotlin-stdlib-common/1.4.21/kotlin-stdlib-common-1.4.21.jar to /tmp/gradle_download14649770942045005630bin
Found locally available resource with matching checksum: [http://nexus/repository/maven-group/org/jetbrains/annotations/13.0/annotations-13.0.jar, /****/.gradle/caches/modules-2/files-2.1/org.jetbrains/annotations/13.0/919f0dfe192fb4e063e7dacadee7f8bb9a2672a9/annotations-13.0.jar]
Selected primary task 'publish' from project :
Tasks to be executed: [task ':clean', task ':compileKotlin', task ':compileJava', task ':processResources', task ':classes', task ':bootJarMainClassName', task ':bootJar', task ':inspectClassesForKotlinIC', task ':jar', task ':assemble', task ':compileTestKotlin', task ':compileTestJava', task ':processTestResources', task ':testClasses', task ':test', task ':check', task ':build', task ':generateMetadataFileForMavenPublication', task ':generatePomFileForMavenPublication', task ':publishMavenPublicationToMavenRepository', task ':publish']
Tasks that were excluded: []
:clean (Thread[Daemon worker,5,main]) started.

> Task :clean UP-TO-DATE
Caching disabled for task ':clean' because:
  Build cache is disabled
Task ':clean' is not up-to-date because:
  Task has not declared any outputs despite executing actions.
:clean (Thread[Daemon worker,5,main]) completed. Took 0.295 secs.
:compileKotlin (Thread[Daemon worker,5,main]) started.

> Task :compileKotlin
Found locally available resource with matching checksum: [http://nexus/repository/maven-group/org/jetbrains/kotlin/kotlin-scripting-compiler-embeddable/1.4.21/kotlin-scripting-compiler-embeddable-1.4.21.pom, /****/.gradle/caches/modules-2/files-2.1/org.jetbrains.kotlin/kotlin-scripting-compiler-embeddable/1.4.21/30b68e76cec6c51311c35f77c7a80caa919339ec/kotlin-scripting-compiler-embeddable-1.4.21.pom]
Downloading http://nexus/repository/maven-group/org/jetbrains/kotlin/kotlin-allopen/1.4.21/kotlin-allopen-1.4.21.pom to /tmp/gradle_download151372666151271442bin
Found locally available resource with matching checksum: [http://nexus/repository/maven-group/org/jetbrains/kotlin/kotlin-scripting-compiler-impl-embeddable/1.4.21/kotlin-scripting-compiler-impl-embeddable-1.4.21.pom, /****/.gradle/caches/modules-2/files-2.1/org.jetbrains.kotlin/kotlin-scripting-compiler-impl-embeddable/1.4.21/f22a77380da9a776e9c8c6f6e1485fdb722224b4/kotlin-scripting-compiler-impl-embeddable-1.4.21.pom]
Found locally available resource with matching checksum: [http://nexus/repository/maven-group/org/jetbrains/kotlin/kotlin-gradle-plugin-api/1.4.21/kotlin-gradle-plugin-api-1.4.21.pom, /****/.gradle/caches/modules-2/files-2.1/org.jetbrains.kotlin/kotlin-gradle-plugin-api/1.4.21/c79278ae1dd84c4b319f6e6d79cbe2a1abf1a89a/kotlin-gradle-plugin-api-1.4.21.pom]
Found locally available resource with matching checksum: [http://nexus/repository/maven-group/org/jetbrains/kotlin/kotlin-gradle-plugin-model/1.4.21/kotlin-gradle-plugin-model-1.4.21.pom, /****/.gradle/caches/modules-2/files-2.1/org.jetbrains.kotlin/kotlin-gradle-plugin-model/1.4.21/355aae481f319baf64cfd8b3ab08557bce448ca6/kotlin-gradle-plugin-model-1.4.21.pom]
Found locally available resource with matching checksum: [http://nexus/repository/maven-group/org/jetbrains/kotlin/kotlin-scripting-common/1.4.21/kotlin-scripting-common-1.4.21.pom, /****/.gradle/caches/modules-2/files-2.1/org.jetbrains.kotlin/kotlin-scripting-common/1.4.21/3c51073a9f3fdda25f02767e808ae823f03c786/kotlin-scripting-common-1.4.21.pom]
Downloading http://nexus/repository/maven-group/org/jetbrains/kotlinx/kotlinx-coroutines-core/1.4.2/kotlinx-coroutines-core-1.4.2.pom to /tmp/gradle_download11039097559899987961bin
Downloading http://nexus/repository/maven-group/org/jetbrains/kotlinx/kotlinx-coroutines-core/1.4.2/kotlinx-coroutines-core-1.4.2.module to /tmp/gradle_download11438405169180366457bin
Found locally available resource with matching checksum: [http://nexus/repository/maven-group/org/jetbrains/kotlin/kotlin-scripting-jvm/1.4.21/kotlin-scripting-jvm-1.4.21.pom, /****/.gradle/caches/modules-2/files-2.1/org.jetbrains.kotlin/kotlin-scripting-jvm/1.4.21/95d428231db168e805b72c1384365633fedc6dba/kotlin-scripting-jvm-1.4.21.pom]
Downloading http://nexus/repository/maven-group/org/jetbrains/kotlinx/kotlinx-coroutines-core-jvm/1.4.2/kotlinx-coroutines-core-jvm-1.4.2.pom to /tmp/gradle_download2198126666677620484bin
Downloading http://nexus/repository/maven-group/org/jetbrains/kotlinx/kotlinx-coroutines-core-jvm/1.4.2/kotlinx-coroutines-core-jvm-1.4.2.module to /tmp/gradle_download4205743178849442746bin
Excluding []
Found locally available resource with matching checksum: [http://nexus/repository/maven-group/org/jetbrains/kotlin/kotlin-scripting-compiler-embeddable/1.4.21/kotlin-scripting-compiler-embeddable-1.4.21.jar, /****/.gradle/caches/modules-2/files-2.1/org.jetbrains.kotlin/kotlin-scripting-compiler-embeddable/1.4.21/18ea0b88e5cf079243ef416232ed3af5c20a9374/kotlin-scripting-compiler-embeddable-1.4.21.jar]
Found locally available resource with matching checksum: [http://nexus/repository/maven-group/org/jetbrains/kotlin/kotlin-allopen/1.4.21/kotlin-allopen-1.4.21.jar, /****/.gradle/caches/modules-2/files-2.1/org.jetbrains.kotlin/kotlin-allopen/1.4.21/48394bb11aac52745b099040dda1647f64170dee/kotlin-allopen-1.4.21.jar]
Found locally available resource with matching checksum: [http://nexus/repository/maven-group/org/jetbrains/kotlin/kotlin-scripting-compiler-impl-embeddable/1.4.21/kotlin-scripting-compiler-impl-embeddable-1.4.21.jar, /****/.gradle/caches/modules-2/files-2.1/org.jetbrains.kotlin/kotlin-scripting-compiler-impl-embeddable/1.4.21/64cb0627049ec5b8c5d029355b45174904ace2e7/kotlin-scripting-compiler-impl-embeddable-1.4.21.jar]
Found locally available resource with matching checksum: [http://nexus/repository/maven-group/org/jetbrains/kotlin/kotlin-gradle-plugin-api/1.4.21/kotlin-gradle-plugin-api-1.4.21.jar, /****/.gradle/caches/modules-2/files-2.1/org.jetbrains.kotlin/kotlin-gradle-plugin-api/1.4.21/7beb6a97e87d40bb577f12e6c13c325eef5c4d7b/kotlin-gradle-plugin-api-1.4.21.jar]
Found locally available resource with matching checksum: [http://nexus/repository/maven-group/org/jetbrains/kotlin/kotlin-gradle-plugin-model/1.4.21/kotlin-gradle-plugin-model-1.4.21.jar, /****/.gradle/caches/modules-2/files-2.1/org.jetbrains.kotlin/kotlin-gradle-plugin-model/1.4.21/f5ab13238de3ae2bf8d3343cdab3f9ea6fe24a76/kotlin-gradle-plugin-model-1.4.21.jar]
Found locally available resource with matching checksum: [http://nexus/repository/maven-group/org/jetbrains/kotlin/kotlin-scripting-jvm/1.4.21/kotlin-scripting-jvm-1.4.21.jar, /****/.gradle/caches/modules-2/files-2.1/org.jetbrains.kotlin/kotlin-scripting-jvm/1.4.21/59ecfba69264d8b2fa7687e0f1fa41e4a82301d2/kotlin-scripting-jvm-1.4.21.jar]
Found locally available resource with matching checksum: [http://nexus/repository/maven-group/org/jetbrains/kotlin/kotlin-scripting-common/1.4.21/kotlin-scripting-common-1.4.21.jar, /****/.gradle/caches/modules-2/files-2.1/org.jetbrains.kotlin/kotlin-scripting-common/1.4.21/eb47ff9717becf5bcd1bb7ef5cb92fc3c8aa97e1/kotlin-scripting-common-1.4.21.jar]
Downloading http://nexus/repository/maven-group/org/jetbrains/kotlinx/kotlinx-coroutines-core-jvm/1.4.2/kotlinx-coroutines-core-jvm-1.4.2.jar to /tmp/gradle_download9277241942335392682bin
Downloading http://nexus/repository/maven-group/org/springframework/kafka/spring-kafka/2.6.4/spring-kafka-2.6.4.pom to /tmp/gradle_download9440061816127618176bin
Downloading http://nexus/repository/maven-group/org/springframework/kafka/spring-kafka/2.6.4/spring-kafka-2.6.4.module to /tmp/gradle_download15699619486279994804bin
Downloading http://nexus/repository/maven-group/org/springframework/boot/spring-boot-starter-json/2.4.1/spring-boot-starter-json-2.4.1.pom to /tmp/gradle_download8687164161199926712bin
Downloading http://nexus/repository/maven-group/org/springframework/boot/spring-boot-starter-json/2.4.1/spring-boot-starter-json-2.4.1.module to /tmp/gradle_download4047054829205214164bin
Downloading http://nexus/repository/maven-group/com/fasterxml/jackson/module/jackson-module-kotlin/2.11.3/jackson-module-kotlin-2.11.3.pom to /tmp/gradle_download1869846909590745359bin
Found locally available resource with matching checksum: [http://nexus/repository/maven-group/com/fasterxml/jackson/jackson-base/2.11.3/jackson-base-2.11.3.pom, /****/.gradle/caches/modules-2/files-2.1/com.fasterxml.jackson/jackson-base/2.11.3/c43569c2dd5e74036ca1bf965f0e8e79fce26653/jackson-base-2.11.3.pom]
Downloading http://nexus/repository/maven-group/org/jetbrains/kotlin/kotlin-stdlib-jdk8/1.4.21/kotlin-stdlib-jdk8-1.4.21.pom to /tmp/gradle_download4698967284844340682bin
Downloading http://nexus/repository/maven-group/org/springframework/spring-context/5.3.2/spring-context-5.3.2.pom to /tmp/gradle_download5761858516932925007bin
Downloading http://nexus/repository/maven-group/org/springframework/spring-context/5.3.2/spring-context-5.3.2.module to /tmp/gradle_download11863744145338507744bin
Downloading http://nexus/repository/maven-group/org/springframework/spring-tx/5.3.2/spring-tx-5.3.2.pom to /tmp/gradle_download214118933617199691bin
Downloading http://nexus/repository/maven-group/org/springframework/spring-tx/5.3.2/spring-tx-5.3.2.module to /tmp/gradle_download15753833612800842754bin
Downloading http://nexus/repository/maven-group/org/springframework/retry/spring-retry/1.3.0/spring-retry-1.3.0.pom to /tmp/gradle_download16352610337646606805bin
Downloading http://nexus/repository/maven-group/org/springframework/spring-framework-bom/4.3.22.RELEASE/spring-framework-bom-4.3.22.RELEASE.pom to /tmp/gradle_download8892756397596557751bin
Downloading http://nexus/repository/maven-group/org/apache/kafka/kafka-clients/2.6.0/kafka-clients-2.6.0.pom to /tmp/gradle_download3198080991831473843bin
Downloading http://nexus/repository/maven-group/org/springframework/spring-messaging/5.3.2/spring-messaging-5.3.2.pom to /tmp/gradle_download13400327452444357992bin
Downloading http://nexus/repository/maven-group/org/springframework/spring-messaging/5.3.2/spring-messaging-5.3.2.module to /tmp/gradle_download9375839741216361142bin
Downloading http://nexus/repository/maven-group/org/jetbrains/kotlin/kotlin-stdlib-jdk7/1.4.21/kotlin-stdlib-jdk7-1.4.21.pom to /tmp/gradle_download5515299158561438033bin
Downloading http://nexus/repository/maven-group/org/springframework/boot/spring-boot-starter/2.4.1/spring-boot-starter-2.4.1.pom to /tmp/gradle_download2373434705112269788bin
Downloading http://nexus/repository/maven-group/org/springframework/boot/spring-boot-starter/2.4.1/spring-boot-starter-2.4.1.module to /tmp/gradle_download2104677158399739317bin
Found locally available resource with matching checksum: [http://nexus/repository/maven-group/com/fasterxml/jackson/core/jackson-databind/2.11.3/jackson-databind-2.11.3.pom, /****/.gradle/caches/modules-2/files-2.1/com.fasterxml.jackson.core/jackson-databind/2.11.3/3580c45b6e5f2400516c9f9cf65f008b2e882f1b/jackson-databind-2.11.3.pom]
Downloading http://nexus/repository/maven-group/com/fasterxml/jackson/datatype/jackson-datatype-jdk8/2.11.3/jackson-datatype-jdk8-2.11.3.pom to /tmp/gradle_download14846507327339693265bin
Found locally available resource with matching checksum: [http://nexus/repository/maven-group/com/fasterxml/jackson/module/jackson-modules-java8/2.11.3/jackson-modules-java8-2.11.3.pom, /****/.gradle/caches/modules-2/files-2.1/com.fasterxml.jackson.module/jackson-modules-java8/2.11.3/a6cb916ac351b40262ee08284ee6578a9ee942ef/jackson-modules-java8-2.11.3.pom]
Downloading http://nexus/repository/maven-group/com/fasterxml/jackson/datatype/jackson-datatype-jsr310/2.11.3/jackson-datatype-jsr310-2.11.3.pom to /tmp/gradle_download12966306307736085171bin
Found locally available resource with matching checksum: [http://nexus/repository/maven-group/com/fasterxml/jackson/module/jackson-module-parameter-names/2.11.3/jackson-module-parameter-names-2.11.3.pom, /****/.gradle/caches/modules-2/files-2.1/com.fasterxml.jackson.module/jackson-module-parameter-names/2.11.3/677ba5b4eeeef2cb5147b74144ee09e9db965a4a/jackson-module-parameter-names-2.11.3.pom]
Downloading http://nexus/repository/maven-group/org/springframework/spring-web/5.3.2/spring-web-5.3.2.pom to /tmp/gradle_download10174714441611955227bin
Downloading http://nexus/repository/maven-group/org/springframework/spring-web/5.3.2/spring-web-5.3.2.module to /tmp/gradle_download9849294271450914489bin
Found locally available resource with matching checksum: [http://nexus/repository/maven-group/com/fasterxml/jackson/core/jackson-annotations/2.11.3/jackson-annotations-2.11.3.pom, /****/.gradle/caches/modules-2/files-2.1/com.fasterxml.jackson.core/jackson-annotations/2.11.3/e9d6277a71b2d70d2f8bca72cb6379123ece8dda/jackson-annotations-2.11.3.pom]
Downloading http://nexus/repository/maven-group/org/springframework/spring-aop/5.3.2/spring-aop-5.3.2.pom to /tmp/gradle_download7146820963957149968bin
Downloading http://nexus/repository/maven-group/org/springframework/spring-aop/5.3.2/spring-aop-5.3.2.module to /tmp/gradle_download2400136012741426614bin
Found locally available resource with matching checksum: [http://nexus/repository/maven-group/org/springframework/spring-core/5.3.2/spring-core-5.3.2.pom, /****/.gradle/caches/modules-2/files-2.1/org.springframework/spring-core/5.3.2/85f264de7415ef8c9c54f578b62f62eec8c64038/spring-core-5.3.2.pom]
Found locally available resource with matching checksum: [http://nexus/repository/maven-group/org/springframework/spring-core/5.3.2/spring-core-5.3.2.module, /****/.gradle/caches/modules-2/files-2.1/org.springframework/spring-core/5.3.2/2887f8aa3238792f87e7cbcd05bfb55a3329a4f4/spring-core-5.3.2.module]
Downloading http://nexus/repository/maven-group/org/springframework/spring-expression/5.3.2/spring-expression-5.3.2.pom to /tmp/gradle_download14848193593447227692bin
Downloading http://nexus/repository/maven-group/org/springframework/spring-expression/5.3.2/spring-expression-5.3.2.module to /tmp/gradle_download9913098556715690897bin
Downloading http://nexus/repository/maven-group/org/springframework/spring-beans/5.3.2/spring-beans-5.3.2.pom to /tmp/gradle_download5812968766527875619bin
Downloading http://nexus/repository/maven-group/org/springframework/spring-beans/5.3.2/spring-beans-5.3.2.module to /tmp/gradle_download3797258880486820514bin
Downloading http://nexus/repository/maven-group/com/github/luben/zstd-jni/1.4.4-7/zstd-jni-1.4.4-7.pom to /tmp/gradle_download13119934718524492747bin
Downloading http://nexus/repository/maven-group/org/xerial/snappy/snappy-java/1.1.7.3/snappy-java-1.1.7.3.pom to /tmp/gradle_download12969121668959936599bin
Downloading http://nexus/repository/maven-group/org/slf4j/slf4j-api/1.7.30/slf4j-api-1.7.30.pom to /tmp/gradle_download14551151534418605524bin
Downloading http://nexus/repository/maven-group/org/slf4j/slf4j-parent/1.7.30/slf4j-parent-1.7.30.pom to /tmp/gradle_download11550322557248244469bin
Downloading http://nexus/repository/maven-group/org/lz4/lz4-java/1.7.1/lz4-java-1.7.1.pom to /tmp/gradle_download11465387955480052118bin
Downloading http://nexus/repository/maven-group/org/springframework/boot/spring-boot/2.4.1/spring-boot-2.4.1.pom to /tmp/gradle_download16819188419330871840bin
Downloading http://nexus/repository/maven-group/org/springframework/boot/spring-boot/2.4.1/spring-boot-2.4.1.module to /tmp/gradle_download16472480943519300905bin
Downloading http://nexus/repository/maven-group/org/springframework/boot/spring-boot-starter-logging/2.4.1/spring-boot-starter-logging-2.4.1.pom to /tmp/gradle_download7067411241302435433bin
Downloading http://nexus/repository/maven-group/org/springframework/boot/spring-boot-starter-logging/2.4.1/spring-boot-starter-logging-2.4.1.module to /tmp/gradle_download3147542871617065364bin
Downloading http://nexus/repository/maven-group/jakarta/annotation/jakarta.annotation-api/1.3.5/jakarta.annotation-api-1.3.5.pom to /tmp/gradle_download14021064352624618034bin
Downloading http://nexus/repository/maven-group/jakarta/annotation/ca-parent/1.3.5/ca-parent-1.3.5.pom to /tmp/gradle_download4174472438574848454bin
Cache entries evicted. In-memory cache of /workspace/source/.gradle/checksums/sha1-checksums.bin: Size{362} MaxSize{400}, CacheStats{hitCount=176, missCount=362, loadSuccessCount=363, loadExceptionCount=0, totalLoadTime=332278515, evictionCount=1} 
Performance may suffer from in-memory cache misses. Increase max heap size of Gradle build process to reduce cache misses.
Downloading http://nexus/repository/maven-group/org/eclipse/ee4j/project/1.0.5/project-1.0.5.pom to /tmp/gradle_download13697654841655408899bin
Downloading http://nexus/repository/maven-group/org/yaml/snakeyaml/1.27/snakeyaml-1.27.pom to /tmp/gradle_download7125274383542871488bin
Downloading http://nexus/repository/maven-group/org/springframework/boot/spring-boot-autoconfigure/2.4.1/spring-boot-autoconfigure-2.4.1.pom to /tmp/gradle_download245051100121025485bin
Downloading http://nexus/repository/maven-group/org/springframework/boot/spring-boot-autoconfigure/2.4.1/spring-boot-autoconfigure-2.4.1.module to /tmp/gradle_download10359138481398911387bin
Found locally available resource with matching checksum: [http://nexus/repository/maven-group/com/fasterxml/jackson/core/jackson-core/2.11.3/jackson-core-2.11.3.pom, /****/.gradle/caches/modules-2/files-2.1/com.fasterxml.jackson.core/jackson-core/2.11.3/7cbce59647c9f408b01a0d7f9a266ab801dc8a6e/jackson-core-2.11.3.pom]
Found locally available resource with matching checksum: [http://nexus/repository/maven-group/org/springframework/spring-jcl/5.3.2/spring-jcl-5.3.2.pom, /****/.gradle/caches/modules-2/files-2.1/org.springframework/spring-jcl/5.3.2/b8d47cf2cd92a2c586a08edefddc1092cd16fe47/spring-jcl-5.3.2.pom]
Found locally available resource with matching checksum: [http://nexus/repository/maven-group/org/springframework/spring-jcl/5.3.2/spring-jcl-5.3.2.module, /****/.gradle/caches/modules-2/files-2.1/org.springframework/spring-jcl/5.3.2/877770a15f965829792a3f2f4e73be1619a0e295/spring-jcl-5.3.2.module]
Downloading http://nexus/repository/maven-group/ch/qos/logback/logback-classic/1.2.3/logback-classic-1.2.3.pom to /tmp/gradle_download13818031148177298582bin
Downloading http://nexus/repository/maven-group/ch/qos/logback/logback-parent/1.2.3/logback-parent-1.2.3.pom to /tmp/gradle_download8369096990829221582bin
Downloading http://nexus/repository/maven-group/org/slf4j/jul-to-slf4j/1.7.30/jul-to-slf4j-1.7.30.pom to /tmp/gradle_download17769718646893477291bin
Downloading http://nexus/repository/maven-group/org/apache/logging/log4j/log4j-to-slf4j/2.13.3/log4j-to-slf4j-2.13.3.pom to /tmp/gradle_download6474288494177809105bin
Downloading http://nexus/repository/maven-group/org/apache/logging/log4j/log4j/2.13.3/log4j-2.13.3.pom to /tmp/gradle_download8061523792887813014bin
Found locally available resource with matching checksum: [http://nexus/repository/maven-group/org/apache/apache/21/apache-21.pom, /****/.gradle/caches/modules-2/files-2.1/org.apache/apache/21/649b700a1b2b4a1d87e7ae8e3f47bfe101b2a4a5/apache-21.pom]
Downloading http://nexus/repository/maven-group/ch/qos/logback/logback-core/1.2.3/logback-core-1.2.3.pom to /tmp/gradle_download14596720677705557043bin
Downloading http://nexus/repository/maven-group/org/apache/logging/log4j/log4j-api/2.13.3/log4j-api-2.13.3.pom to /tmp/gradle_download12500085258603323466bin
Excluding []
Downloading http://nexus/repository/maven-group/org/springframework/boot/spring-boot-starter-json/2.4.1/spring-boot-starter-json-2.4.1.jar to /tmp/gradle_download709966276296506072bin
Downloading http://nexus/repository/maven-group/com/fasterxml/jackson/module/jackson-module-kotlin/2.11.3/jackson-module-kotlin-2.11.3.jar to /tmp/gradle_download15584750069407933058bin
Downloading http://nexus/repository/maven-group/org/springframework/kafka/spring-kafka/2.6.4/spring-kafka-2.6.4.jar to /tmp/gradle_download8773925523404045231bin
Downloading http://nexus/repository/maven-group/org/jetbrains/kotlin/kotlin-stdlib-jdk8/1.4.21/kotlin-stdlib-jdk8-1.4.21.jar to /tmp/gradle_download7130628913777362640bin
Downloading http://nexus/repository/maven-group/org/springframework/boot/spring-boot-starter/2.4.1/spring-boot-starter-2.4.1.jar to /tmp/gradle_download2443718785532535378bin
Downloading http://nexus/repository/maven-group/org/springframework/spring-web/5.3.2/spring-web-5.3.2.jar to /tmp/gradle_download18168947695219710229bin
Downloading http://nexus/repository/maven-group/com/fasterxml/jackson/datatype/jackson-datatype-jdk8/2.11.3/jackson-datatype-jdk8-2.11.3.jar to /tmp/gradle_download5052595374084996049bin
Downloading http://nexus/repository/maven-group/com/fasterxml/jackson/datatype/jackson-datatype-jsr310/2.11.3/jackson-datatype-jsr310-2.11.3.jar to /tmp/gradle_download10871357500050092460bin
Found locally available resource with matching checksum: [http://nexus/repository/maven-group/com/fasterxml/jackson/module/jackson-module-parameter-names/2.11.3/jackson-module-parameter-names-2.11.3.jar, /****/.gradle/caches/modules-2/files-2.1/com.fasterxml.jackson.module/jackson-module-parameter-names/2.11.3/ab66d5c5b8008161ae89be8a3d98efff9ef1b915/jackson-module-parameter-names-2.11.3.jar]
Found locally available resource with matching checksum: [http://nexus/repository/maven-group/com/fasterxml/jackson/core/jackson-databind/2.11.3/jackson-databind-2.11.3.jar, /****/.gradle/caches/modules-2/files-2.1/com.fasterxml.jackson.core/jackson-databind/2.11.3/4f7b27416934dc929bb6c2d2c5fe521829e6a4ec/jackson-databind-2.11.3.jar]
Found locally available resource with matching checksum: [http://nexus/repository/maven-group/com/fasterxml/jackson/core/jackson-annotations/2.11.3/jackson-annotations-2.11.3.jar, /****/.gradle/caches/modules-2/files-2.1/com.fasterxml.jackson.core/jackson-annotations/2.11.3/25d4e9c777e7a8805c4a000a8629d3009c779c9b/jackson-annotations-2.11.3.jar]
Downloading http://nexus/repository/maven-group/org/springframework/boot/spring-boot-autoconfigure/2.4.1/spring-boot-autoconfigure-2.4.1.jar to /tmp/gradle_download628423250537749083bin
Downloading http://nexus/repository/maven-group/org/springframework/boot/spring-boot/2.4.1/spring-boot-2.4.1.jar to /tmp/gradle_download6082980283996044154bin
Downloading http://nexus/repository/maven-group/org/springframework/spring-context/5.3.2/spring-context-5.3.2.jar to /tmp/gradle_download7388389612735944356bin
Downloading http://nexus/repository/maven-group/org/springframework/spring-messaging/5.3.2/spring-messaging-5.3.2.jar to /tmp/gradle_download15189334637100678949bin
Downloading http://nexus/repository/maven-group/org/springframework/spring-tx/5.3.2/spring-tx-5.3.2.jar to /tmp/gradle_download14969869709697218423bin
Downloading http://nexus/repository/maven-group/org/springframework/retry/spring-retry/1.3.0/spring-retry-1.3.0.jar to /tmp/gradle_download16780523341033256991bin
Downloading http://nexus/repository/maven-group/org/apache/kafka/kafka-clients/2.6.0/kafka-clients-2.6.0.jar to /tmp/gradle_download12698514986162129150bin
Downloading http://nexus/repository/maven-group/org/jetbrains/kotlin/kotlin-stdlib-jdk7/1.4.21/kotlin-stdlib-jdk7-1.4.21.jar to /tmp/gradle_download12373930169921576501bin
Downloading http://nexus/repository/maven-group/org/springframework/boot/spring-boot-starter-logging/2.4.1/spring-boot-starter-logging-2.4.1.jar to /tmp/gradle_download4809152580622926500bin
Downloading http://nexus/repository/maven-group/jakarta/annotation/jakarta.annotation-api/1.3.5/jakarta.annotation-api-1.3.5.jar to /tmp/gradle_download9016229234340272694bin
Downloading http://nexus/repository/maven-group/org/springframework/spring-aop/5.3.2/spring-aop-5.3.2.jar to /tmp/gradle_download18150886670968817159bin
Downloading http://nexus/repository/maven-group/org/springframework/spring-beans/5.3.2/spring-beans-5.3.2.jar to /tmp/gradle_download10439838925318152097bin
Downloading http://nexus/repository/maven-group/org/springframework/spring-expression/5.3.2/spring-expression-5.3.2.jar to /tmp/gradle_download9250835908267723136bin
Found locally available resource with matching checksum: [http://nexus/repository/maven-group/org/springframework/spring-core/5.3.2/spring-core-5.3.2.jar, /****/.gradle/caches/modules-2/files-2.1/org.springframework/spring-core/5.3.2/152489ed8223a6ad19065a3cd1ee6b9e20c0b82f/spring-core-5.3.2.jar]
Downloading http://nexus/repository/maven-group/org/yaml/snakeyaml/1.27/snakeyaml-1.27.jar to /tmp/gradle_download197719078642365269bin
Found locally available resource with matching checksum: [http://nexus/repository/maven-group/com/fasterxml/jackson/core/jackson-core/2.11.3/jackson-core-2.11.3.jar, /****/.gradle/caches/modules-2/files-2.1/com.fasterxml.jackson.core/jackson-core/2.11.3/c2351800432bdbdd8284c3f5a7f0782a352aa84a/jackson-core-2.11.3.jar]
Downloading http://nexus/repository/maven-group/com/github/luben/zstd-jni/1.4.4-7/zstd-jni-1.4.4-7.jar to /tmp/gradle_download16367808552478719050bin
Downloading http://nexus/repository/maven-group/org/lz4/lz4-java/1.7.1/lz4-java-1.7.1.jar to /tmp/gradle_download2677604484269913711bin
Downloading http://nexus/repository/maven-group/org/xerial/snappy/snappy-java/1.1.7.3/snappy-java-1.1.7.3.jar to /tmp/gradle_download3819937633227204003bin
Downloading http://nexus/repository/maven-group/ch/qos/logback/logback-classic/1.2.3/logback-classic-1.2.3.jar to /tmp/gradle_download17214451681740124015bin
Downloading http://nexus/repository/maven-group/org/apache/logging/log4j/log4j-to-slf4j/2.13.3/log4j-to-slf4j-2.13.3.jar to /tmp/gradle_download9345143944971481347bin
Cache entries evicted. In-memory cache of /workspace/source/.gradle/checksums/sha1-checksums.bin: Size{390} MaxSize{400}, CacheStats{hitCount=205, missCount=430, loadSuccessCount=431, loadExceptionCount=0, totalLoadTime=426155558, evictionCount=41} 
Performance may suffer from in-memory cache misses. Increase max heap size of Gradle build process to reduce cache misses.
Downloading http://nexus/repository/maven-group/org/slf4j/jul-to-slf4j/1.7.30/jul-to-slf4j-1.7.30.jar to /tmp/gradle_download1858699942461410670bin
Downloading http://nexus/repository/maven-group/org/slf4j/slf4j-api/1.7.30/slf4j-api-1.7.30.jar to /tmp/gradle_download9108454059400194992bin
Found locally available resource with matching checksum: [http://nexus/repository/maven-group/org/springframework/spring-jcl/5.3.2/spring-jcl-5.3.2.jar, /****/.gradle/caches/modules-2/files-2.1/org.springframework/spring-jcl/5.3.2/5a9fc63ea825fe0de40cefd6d4985490ceabefbb/spring-jcl-5.3.2.jar]
Downloading http://nexus/repository/maven-group/ch/qos/logback/logback-core/1.2.3/logback-core-1.2.3.jar to /tmp/gradle_download2134594192999514986bin
Downloading http://nexus/repository/maven-group/org/apache/logging/log4j/log4j-api/2.13.3/log4j-api-2.13.3.jar to /tmp/gradle_download7141731073479103504bin
Caching disabled for task ':compileKotlin' because:
  Build cache is disabled
Task ':compileKotlin' is not up-to-date because:
  No history is available.
The input changes require a full rebuild for incremental task ':compileKotlin'.
file or directory '/workspace/source/src/main/java', not found
file or directory '/workspace/source/src/main/java', not found
file or directory '/workspace/source/src/main/java', not found
file or directory '/workspace/source/src/main/java', not found
Using Kotlin/JVM incremental compilation
i: starting the daemon as: /usr/lib/jvm/java-11-openjdk-11.0.9.11-2.el7_9.x86_64/bin/java -cp /****/.gradle/caches/modules-2/files-2.1/org.jetbrains.kotlin/kotlin-compiler-embeddable/1.4.21/87db94500aaf883536ae8c8efdee76bdc839d582/kotlin-compiler-embeddable-1.4.21.jar:/****/.gradle/caches/modules-2/files-2.1/org.jetbrains.kotlin/kotlin-reflect/1.4.21/748f681f4e3edbe9285ff46710c79049c70f4dfa/kotlin-reflect-1.4.21.jar:/****/.gradle/caches/modules-2/files-2.1/org.jetbrains.kotlin/kotlin-stdlib/1.4.21/4a668382d7c38688d3490afde93b6a113ed46698/kotlin-stdlib-1.4.21.jar:/****/.gradle/caches/modules-2/files-2.1/org.jetbrains.kotlin/kotlin-script-runtime/1.4.21/1247decba314790165b4fe94d09c45b09db6b07f/kotlin-script-runtime-1.4.21.jar:/****/.gradle/caches/modules-2/files-2.1/org.jetbrains.kotlin/kotlin-daemon-embeddable/1.4.21/bc95bcebdc871d45d9852b0c01abe9bec373bb52/kotlin-daemon-embeddable-1.4.21.jar:/****/.gradle/caches/modules-2/files-2.1/org.jetbrains.intellij.deps/trove4j/1.0.20181211/216c2e14b070f334479d800987affe4054cd563f/trove4j-1.0.20181211.jar:/****/.gradle/caches/modules-2/files-2.1/org.jetbrains.kotlin/kotlin-stdlib-common/1.4.21/7f48a062aa4b53215998780f7c245a4276828e1d/kotlin-stdlib-common-1.4.21.jar:/****/.gradle/caches/modules-2/files-2.1/org.jetbrains/annotations/13.0/919f0dfe192fb4e063e7dacadee7f8bb9a2672a9/annotations-13.0.jar -Djava.awt.headless=true -Djava.rmi.server.hostname=127.0.0.1 -Xmx512m -XX:MaxMetaspaceSize=256m -Dkotlin.environment.keepalive -ea org.jetbrains.kotlin.daemon.KotlinCompileDaemon --daemon-runFilesPath /****/.kotlin/daemon --daemon-autoshutdownIdleSeconds=7200 --daemon-compilerClasspath /****/.gradle/caches/modules-2/files-2.1/org.jetbrains.kotlin/kotlin-compiler-embeddable/1.4.21/87db94500aaf883536ae8c8efdee76bdc839d582/kotlin-compiler-embeddable-1.4.21.jar:/****/.gradle/caches/modules-2/files-2.1/org.jetbrains.kotlin/kotlin-reflect/1.4.21/748f681f4e3edbe9285ff46710c79049c70f4dfa/kotlin-reflect-1.4.21.jar:/****/.gradle/caches/modules-2/files-2.1/org.jetbrains.kotlin/kotlin-stdlib/1.4.21/4a668382d7c38688d3490afde93b6a113ed46698/kotlin-stdlib-1.4.21.jar:/****/.gradle/caches/modules-2/files-2.1/org.jetbrains.kotlin/kotlin-script-runtime/1.4.21/1247decba314790165b4fe94d09c45b09db6b07f/kotlin-script-runtime-1.4.21.jar:/****/.gradle/caches/modules-2/files-2.1/org.jetbrains.kotlin/kotlin-daemon-embeddable/1.4.21/bc95bcebdc871d45d9852b0c01abe9bec373bb52/kotlin-daemon-embeddable-1.4.21.jar:/****/.gradle/caches/modules-2/files-2.1/org.jetbrains.intellij.deps/trove4j/1.0.20181211/216c2e14b070f334479d800987affe4054cd563f/trove4j-1.0.20181211.jar:/****/.gradle/caches/modules-2/files-2.1/org.jetbrains.kotlin/kotlin-stdlib-common/1.4.21/7f48a062aa4b53215998780f7c245a4276828e1d/kotlin-stdlib-common-1.4.21.jar:/****/.gradle/caches/modules-2/files-2.1/org.jetbrains/annotations/13.0/919f0dfe192fb4e063e7dacadee7f8bb9a2672a9/annotations-13.0.jar
i: Received the message signalling that the daemon is ready
i: new daemon started, trying to find it
i: found daemon on port 17820 (110 ms old), trying to connect
i: connected to the daemon
Options for KOTLIN DAEMON: IncrementalCompilationOptions(super=CompilationOptions(compilerMode=INCREMENTAL_COMPILER, targetPlatform=JVM, reportCategories=[0], reportSeverity=2, requestedCompilationResults=[0]kotlinScriptExtensions=[kt, kts, java]), areFileChangesKnown=false, modifiedFiles=null, deletedFiles=null, workingDir=/workspace/source/build/kotlin/compileKotlin, multiModuleICSettings=MultiModuleICSettings(buildHistoryFile=/workspace/source/build/kotlin/compileKotlin/build-history.bin, useModuleDetection=false), usePreciseJavaTracking=trueoutputFiles=[/workspace/source/build/classes/kotlin/main, /workspace/source/build/kotlin/compileKotlin])
:compileKotlin (Thread[Daemon worker,5,main]) completed. Took 26.508 secs.
:compileJava (Thread[Daemon worker,5,main]) started.

> Task :compileJava NO-SOURCE
file or directory '/workspace/source/src/main/java', not found
Skipping task ':compileJava' as it has no source files and no previous output files.
:compileJava (Thread[Daemon worker,5,main]) completed. Took 0.007 secs.
:processResources (Thread[Daemon worker,5,main]) started.

> Task :processResources
Caching disabled for task ':processResources' because:
  Build cache is disabled
Task ':processResources' is not up-to-date because:
  No history is available.
:processResources (Thread[Daemon worker,5,main]) completed. Took 0.105 secs.
:classes (Thread[Daemon worker,5,main]) started.

> Task :classes
Skipping task ':classes' as it has no actions.
:classes (Thread[Daemon worker,5,main]) completed. Took 0.001 secs.
:bootJarMainClassName (Thread[Daemon worker,5,main]) started.

> Task :bootJarMainClassName
Excluding []
Excluding []
Excluding []
Caching disabled for task ':bootJarMainClassName' because:
  Build cache is disabled
Task ':bootJarMainClassName' is not up-to-date because:
  No history is available.
:bootJarMainClassName (Thread[Daemon worker,5,main]) completed. Took 0.682 secs.
:bootJar (Thread[Daemon worker,5,main]) started.

> Task :bootJar SKIPPED
Skipping task ':bootJar' as task onlyIf is false.
:bootJar (Thread[Daemon worker,5,main]) completed. Took 0.0 secs.
:inspectClassesForKotlinIC (Thread[Daemon worker,5,main]) started.

> Task :inspectClassesForKotlinIC
Caching disabled for task ':inspectClassesForKotlinIC' because:
  Build cache is disabled
Task ':inspectClassesForKotlinIC' is not up-to-date because:
  No history is available.
file or directory '/workspace/source/build/classes/java/main', not found
:inspectClassesForKotlinIC (Thread[Daemon worker,5,main]) completed. Took 0.014 secs.
:jar (Thread[Daemon worker,5,main]) started.

> Task :jar
file or directory '/workspace/source/build/classes/java/main', not found
Caching disabled for task ':jar' because:
  Build cache is disabled
Task ':jar' is not up-to-date because:
  No history is available.
file or directory '/workspace/source/build/classes/java/main', not found
:jar (Thread[Daemon worker,5,main]) completed. Took 0.1 secs.
:assemble (Thread[Daemon worker,5,main]) started.

> Task :assemble
Skipping task ':assemble' as it has no actions.
:assemble (Thread[Daemon worker,5,main]) completed. Took 0.0 secs.
:compileTestKotlin (Thread[Daemon worker,5,main]) started.

> Task :compileTestKotlin NO-SOURCE
file or directory '/workspace/source/src/test/kotlin', not found
file or directory '/workspace/source/src/test/java', not found
Skipping task ':compileTestKotlin' as it has no source files and no previous output files.
:compileTestKotlin (Thread[Daemon worker,5,main]) completed. Took 0.001 secs.
:compileTestJava (Thread[Daemon worker,5,main]) started.

> Task :compileTestJava NO-SOURCE
file or directory '/workspace/source/src/test/java', not found
Skipping task ':compileTestJava' as it has no source files and no previous output files.
:compileTestJava (Thread[Daemon worker,5,main]) completed. Took 0.002 secs.
:processTestResources (Thread[Daemon worker,5,main]) started.

> Task :processTestResources NO-SOURCE
file or directory '/workspace/source/src/test/resources', not found
Skipping task ':processTestResources' as it has no source files and no previous output files.
:processTestResources (Thread[Daemon worker,5,main]) completed. Took 0.001 secs.
:testClasses (Thread[Daemon worker,5,main]) started.

> Task :testClasses UP-TO-DATE
Skipping task ':testClasses' as it has no actions.
:testClasses (Thread[Daemon worker,5,main]) completed. Took 0.0 secs.
:test (Thread[Daemon worker,5,main]) started.

> Task :test NO-SOURCE
file or directory '/workspace/source/build/classes/java/test', not found
file or directory '/workspace/source/build/classes/kotlin/test', not found
Skipping task ':test' as it has no source files and no previous output files.
:test (Thread[Daemon worker,5,main]) completed. Took 0.003 secs.
:check (Thread[Daemon worker,5,main]) started.

> Task :check UP-TO-DATE
Skipping task ':check' as it has no actions.
:check (Thread[Daemon worker,5,main]) completed. Took 0.001 secs.
:build (Thread[Daemon worker,5,main]) started.

> Task :build
Skipping task ':build' as it has no actions.
:build (Thread[Daemon worker,5,main]) completed. Took 0.0 secs.
:generateMetadataFileForMavenPublication (Thread[Daemon worker,5,main]) started.

> Task :generateMetadataFileForMavenPublication
Caching disabled for task ':generateMetadataFileForMavenPublication' because:
  Build cache is disabled
Task ':generateMetadataFileForMavenPublication' is not up-to-date because:
  Task.upToDateWhen is false.
:generateMetadataFileForMavenPublication (Thread[Daemon worker,5,main]) completed. Took 0.104 secs.
:generatePomFileForMavenPublication (Thread[Daemon worker,5,main]) started.

> Task :generatePomFileForMavenPublication
Caching disabled for task ':generatePomFileForMavenPublication' because:
  Build cache is disabled
Task ':generatePomFileForMavenPublication' is not up-to-date because:
  Task.upToDateWhen is false.
:generatePomFileForMavenPublication (Thread[Daemon worker,5,main]) completed. Took 1.084 secs.
:publishMavenPublicationToMavenRepository (Thread[Daemon worker,5,main]) started.

> Task :publishMavenPublicationToMavenRepository
Caching disabled for task ':publishMavenPublicationToMavenRepository' because:
  Build cache is disabled
Task ':publishMavenPublicationToMavenRepository' is not up-to-date because:
  Task has not declared any outputs despite executing actions.
Publishing to repository 'maven' (http://nexus/repository/maven-releases/)
Uploading model-0.0.15.jar to /repository/maven-releases/com/simonjamesrowe/model/0.0.15/model-0.0.15.jar
Uploading model-0.0.15.pom to /repository/maven-releases/com/simonjamesrowe/model/0.0.15/model-0.0.15.pom
Uploading model-0.0.15.module to /repository/maven-releases/com/simonjamesrowe/model/0.0.15/model-0.0.15.module
Uploading maven-metadata.xml to /repository/maven-releases/com/simonjamesrowe/model/maven-metadata.xml
Cannot upload checksum for module-maven-metadata.xml. Remote repository doesn't support sha-256. Error: Could not PUT 'http://nexus/repository/maven-releases/com/simonjamesrowe/model/maven-metadata.xml.sha256'. Received status code 400 from server: Bad Request
Cannot upload checksum for module-maven-metadata.xml. Remote repository doesn't support sha-512. Error: Could not PUT 'http://nexus/repository/maven-releases/com/simonjamesrowe/model/maven-metadata.xml.sha512'. Received status code 400 from server: Bad Request
:publishMavenPublicationToMavenRepository (Thread[Daemon worker,5,main]) completed. Took 0.669 secs.
:publish (Thread[Daemon worker,5,main]) started.

> Task :publish
Skipping task ':publish' as it has no actions.
:publish (Thread[Daemon worker,5,main]) completed. Took 0.0 secs.

Deprecated Gradle features were used in this build, making it incompatible with Gradle 7.0.
Use '--warning-mode all' to show the individual deprecation warnings.
See https://docs.gradle.org/6.5.1/userguide/command_line_interface.html#sec:command_line_warnings

BUILD SUCCESSFUL in 2m 40s
9 actionable tasks: 8 executed, 1 up-to-date
