
Showing logs for build [32msimonjamesrowe-model-master-wwjq7-3[0m stage [32mfrom-build-pack[0m and container [32mcredential-initializer[0m
{"level":"info","ts":1609916417.3555233,"caller":"creds-init/main.go:44","msg":"Credentials initialized."}

Showing logs for build [32msimonjamesrowe-model-master-wwjq7-3[0m stage [32mfrom-build-pack[0m and container [32mworking-dir-initializer[0m

Showing logs for build [32msimonjamesrowe-model-master-wwjq7-3[0m stage [32mfrom-build-pack[0m and container [32mplace-tools[0m

Showing logs for build [32msimonjamesrowe-model-master-wwjq7-3[0m stage [32mfrom-build-pack[0m and container [32mstep-git-source-simonjamesrowe-model-master-wwjq7-2p7gm[0m
{"level":"info","ts":1609916424.3350785,"caller":"git/git.go:105","msg":"Successfully cloned https://github.com/simonjamesrowe/model.git @ v0.0.3 in path /workspace/source"}
{"level":"warn","ts":1609916424.3352573,"caller":"git/git.go:152","msg":"Unexpected error: creating symlink: symlink /tekton/home/.ssh /****/.ssh: file exists"}
{"level":"info","ts":1609916424.3838172,"caller":"git/git.go:133","msg":"Successfully initialized and updated submodules in path /workspace/source"}

Showing logs for build [32msimonjamesrowe-model-master-wwjq7-3[0m stage [32mfrom-build-pack[0m and container [32mstep-setup-builder-home[0m

Showing logs for build [32msimonjamesrowe-model-master-wwjq7-3[0m stage [32mfrom-build-pack[0m and container [32mstep-git-merge[0m
Using SHAs from PULL_REFS=master:
WARNING: no SHAs to merge, falling back to initial cloned commit

Showing logs for build [32msimonjamesrowe-model-master-wwjq7-3[0m stage [32mfrom-build-pack[0m and container [32mstep-setup-jx-git-credentials[0m
Generated Git credentials file /workspace/xdg_config/git/credentials

Showing logs for build [32msimonjamesrowe-model-master-wwjq7-3[0m stage [32mfrom-build-pack[0m and container [32mstep-build-gradle-build[0m
Initialized native services in: /****/.gradle/native
Removing 0 daemon stop events from registry
Starting a Gradle Daemon (subsequent builds will be faster)
Starting process 'Gradle build daemon'. Working directory: /****/.gradle/daemon/6.5.1 Command: /usr/lib/jvm/java-11-openjdk-11.0.9.11-2.el7_9.x86_64/bin/java --add-opens java.base/java.util=ALL-UNNAMED --add-opens java.base/java.lang=ALL-UNNAMED --add-opens java.base/java.lang.invoke=ALL-UNNAMED --add-opens java.prefs/java.util.prefs=ALL-UNNAMED -XX:MaxMetaspaceSize=256m -XX:+HeapDumpOnOutOfMemoryError -Xms256m -Xmx512m -Dfile.encoding=UTF-8 -Duser.country=US -Duser.language=en -Duser.variant -cp /opt/gradle/lib/gradle-launcher-6.5.1.jar org.gradle.launcher.daemon.bootstrap.GradleDaemon 6.5.1
Successfully started process 'Gradle build daemon'
An attempt to start the daemon took 2.732 secs.
The client will now receive all logging from the daemon (pid: 51). The daemon log file: /****/.gradle/daemon/6.5.1/daemon-51.out.log
Starting build in new daemon [memory: 519.0 MB]
Closing daemon's stdin at end of input.
The daemon will no longer process any standard input.
Using 1 worker leases.
Starting Build
Compiling initialization script '/home/jenkins/.gradle/init.gradle' using SubsetScriptTransformer.
Compiling initialization script '/home/jenkins/.gradle/init.gradle' using BuildScriptTransformer.
Generating /****/.gradle/caches/6.5.1/generated-gradle-jars/gradle-api-6.5.1.jar
w: /tmp/gradle-kotlin-dsl-extensions-6.59397878480247491954112970439212563985855jar/org/gradle/kotlin/dsl/GradleApiKotlinDslExtensions23.kt:40:47: 'VariantTransform' is deprecated. Deprecated in Java
w: /tmp/gradle-kotlin-dsl-extensions-6.59397878480247491954112970439212563985855jar/org/gradle/kotlin/dsl/GradleApiKotlinDslExtensions23.kt:40:153: 'ArtifactTransform' is deprecated. Deprecated in Java
w: /tmp/gradle-kotlin-dsl-extensions-6.59397878480247491954112970439212563985855jar/org/gradle/kotlin/dsl/GradleApiKotlinDslExtensions23.kt:50:47: 'VariantTransform' is deprecated. Deprecated in Java
w: /tmp/gradle-kotlin-dsl-extensions-6.59397878480247491954112970439212563985855jar/org/gradle/kotlin/dsl/GradleApiKotlinDslExtensions23.kt:50:153: 'ArtifactTransform' is deprecated. Deprecated in Java
w: /tmp/gradle-kotlin-dsl-extensions-6.59397878480247491954112970439212563985855jar/org/gradle/kotlin/dsl/GradleApiKotlinDslExtensions41.kt:50:5: 'local(Class<T!>!): T!' is deprecated. Deprecated in Java
w: /tmp/gradle-kotlin-dsl-extensions-6.59397878480247491954112970439212563985855jar/org/gradle/kotlin/dsl/GradleApiKotlinDslExtensions41.kt:60:5: 'local(Class<T!>!, Action<in T!>!): T!' is deprecated. Deprecated in Java
w: /tmp/gradle-kotlin-dsl-extensions-6.59397878480247491954112970439212563985855jar/org/gradle/kotlin/dsl/GradleApiKotlinDslExtensions48.kt:41:5: 'submit(Class<out Runnable!>!, Action<in WorkerConfiguration!>!): Unit' is deprecated. Deprecated in Java
w: /tmp/gradle-kotlin-dsl-extensions-6.59397878480247491954112970439212563985855jar/org/gradle/kotlin/dsl/GradleApiKotlinDslExtensions56.kt:39:151: 'GroovyMavenDeployer' is deprecated. Deprecated in Java
w: /tmp/gradle-kotlin-dsl-extensions-6.59397878480247491954112970439212563985855jar/org/gradle/kotlin/dsl/GradleApiKotlinDslExtensions56.kt:48:194: 'GroovyMavenDeployer' is deprecated. Deprecated in Java
w: /tmp/gradle-kotlin-dsl-extensions-6.59397878480247491954112970439212563985855jar/org/gradle/kotlin/dsl/GradleApiKotlinDslExtensions56.kt:48:248: 'GroovyMavenDeployer' is deprecated. Deprecated in Java
w: /tmp/gradle-kotlin-dsl-extensions-6.59397878480247491954112970439212563985855jar/org/gradle/kotlin/dsl/GradleApiKotlinDslExtensions56.kt:57:152: 'MavenResolver' is deprecated. Deprecated in Java
w: /tmp/gradle-kotlin-dsl-extensions-6.59397878480247491954112970439212563985855jar/org/gradle/kotlin/dsl/GradleApiKotlinDslExtensions56.kt:66:195: 'MavenResolver' is deprecated. Deprecated in Java
w: /tmp/gradle-kotlin-dsl-extensions-6.59397878480247491954112970439212563985855jar/org/gradle/kotlin/dsl/GradleApiKotlinDslExtensions56.kt:66:243: 'MavenResolver' is deprecated. Deprecated in Java
Settings evaluated using settings file '/workspace/source/settings.gradle.kts'.
Projects loaded. Root project using build file '/workspace/source/build.gradle.kts'.
Included projects: [**** project 'model']

> Configure project :
Evaluating **** project 'model' using build file '/workspace/source/build.gradle.kts'.
Downloading https://plugins.gradle.org/m2/org/springframework/boot/org.springframework.boot.gradle.plugin/2.4.1/org.springframework.boot.gradle.plugin-2.4.1.pom to /tmp/gradle_download15421141016700835644bin
Resource missing. [HTTP HEAD: https://plugins.gradle.org/m2/org/springframework/boot/org.springframework.boot.gradle.plugin/2.4.1/org.springframework.boot.gradle.plugin-2.4.1.jar]
Downloading https://plugins.gradle.org/m2/io/spring/dependency-management/io.spring.dependency-management.gradle.plugin/1.0.10.RELEASE/io.spring.dependency-management.gradle.plugin-1.0.10.RELEASE.pom to /tmp/gradle_download9260080475550379600bin
Resource missing. [HTTP HEAD: https://plugins.gradle.org/m2/io/spring/dependency-management/io.spring.dependency-management.gradle.plugin/1.0.10.RELEASE/io.spring.dependency-management.gradle.plugin-1.0.10.RELEASE.jar]
Downloading https://plugins.gradle.org/m2/org/jetbrains/kotlin/jvm/org.jetbrains.kotlin.jvm.gradle.plugin/1.4.21/org.jetbrains.kotlin.jvm.gradle.plugin-1.4.21.pom to /tmp/gradle_download10591959416914766251bin
Resource missing. [HTTP HEAD: https://plugins.gradle.org/m2/org/jetbrains/kotlin/jvm/org.jetbrains.kotlin.jvm.gradle.plugin/1.4.21/org.jetbrains.kotlin.jvm.gradle.plugin-1.4.21.jar]
Downloading https://plugins.gradle.org/m2/org/jetbrains/kotlin/plugin/spring/org.jetbrains.kotlin.plugin.spring.gradle.plugin/1.4.21/org.jetbrains.kotlin.plugin.spring.gradle.plugin-1.4.21.pom to /tmp/gradle_download6080215158826177147bin
Resource missing. [HTTP HEAD: https://plugins.gradle.org/m2/org/jetbrains/kotlin/plugin/spring/org.jetbrains.kotlin.plugin.spring.gradle.plugin/1.4.21/org.jetbrains.kotlin.plugin.spring.gradle.plugin-1.4.21.jar]
Downloading https://plugins.gradle.org/m2/org/springframework/boot/spring-boot-gradle-plugin/2.4.1/spring-boot-gradle-plugin-2.4.1.pom to /tmp/gradle_download10317442080841795776bin
Downloading https://plugins.gradle.org/m2/org/springframework/boot/spring-boot-gradle-plugin/2.4.1/spring-boot-gradle-plugin-2.4.1.module to /tmp/gradle_download11745538802492428865bin
Downloading https://plugins.gradle.org/m2/io/spring/gradle/dependency-management-plugin/1.0.10.RELEASE/dependency-management-plugin-1.0.10.RELEASE.pom to /tmp/gradle_download781497485725630673bin
Downloading https://plugins.gradle.org/m2/org/jetbrains/kotlin/kotlin-gradle-plugin/1.4.21/kotlin-gradle-plugin-1.4.21.pom to /tmp/gradle_download10907830880167391897bin
Downloading https://plugins.gradle.org/m2/org/jetbrains/kotlin/kotlin-allopen/1.4.21/kotlin-allopen-1.4.21.pom to /tmp/gradle_download5125948529801686826bin
Downloading https://plugins.gradle.org/m2/org/springframework/boot/spring-boot-buildpack-platform/2.4.1/spring-boot-buildpack-platform-2.4.1.pom to /tmp/gradle_download2601792523941325517bin
Downloading https://plugins.gradle.org/m2/org/springframework/boot/spring-boot-buildpack-platform/2.4.1/spring-boot-buildpack-platform-2.4.1.module to /tmp/gradle_download12927275669833349564bin
Downloading https://plugins.gradle.org/m2/org/apache/commons/commons-compress/1.20/commons-compress-1.20.pom to /tmp/gradle_download8816086846278294850bin
Downloading https://plugins.gradle.org/m2/org/apache/commons/commons-parent/48/commons-parent-48.pom to /tmp/gradle_download11232252741971076395bin
Downloading https://plugins.gradle.org/m2/org/apache/apache/21/apache-21.pom to /tmp/gradle_download15460377278914529840bin
Downloading https://plugins.gradle.org/m2/org/springframework/spring-core/5.3.2/spring-core-5.3.2.pom to /tmp/gradle_download13658092976167422029bin
Downloading https://plugins.gradle.org/m2/org/springframework/spring-core/5.3.2/spring-core-5.3.2.module to /tmp/gradle_download12237919395236502650bin
Downloading https://plugins.gradle.org/m2/org/springframework/boot/spring-boot-loader-tools/2.4.1/spring-boot-loader-tools-2.4.1.pom to /tmp/gradle_download9500783658933100356bin
Downloading https://plugins.gradle.org/m2/org/springframework/boot/spring-boot-loader-tools/2.4.1/spring-boot-loader-tools-2.4.1.module to /tmp/gradle_download8317654645913710881bin
Downloading https://plugins.gradle.org/m2/org/jetbrains/kotlin/kotlin-gradle-plugin-api/1.4.21/kotlin-gradle-plugin-api-1.4.21.pom to /tmp/gradle_download2625722655707073470bin
Downloading https://plugins.gradle.org/m2/org/jetbrains/kotlin/kotlin-util-klib/1.4.21/kotlin-util-klib-1.4.21.pom to /tmp/gradle_download16360043774239034276bin
Downloading https://plugins.gradle.org/m2/com/google/code/gson/gson/2.8.6/gson-2.8.6.pom to /tmp/gradle_download11712744535376193536bin
Downloading https://plugins.gradle.org/m2/com/google/code/gson/gson-parent/2.8.6/gson-parent-2.8.6.pom to /tmp/gradle_download16532243344595946485bin
Downloading https://plugins.gradle.org/m2/org/sonatype/oss/oss-parent/7/oss-parent-7.pom to /tmp/gradle_download10944023409407607760bin
Downloading https://plugins.gradle.org/m2/de/undercouch/gradle-download-task/4.0.2/gradle-download-task-4.0.2.pom to /tmp/gradle_download12232748414920117372bin
Downloading https://plugins.gradle.org/m2/com/github/gundy/semver4j/0.16.4/semver4j-0.16.4.pom to /tmp/gradle_download13654874395304054165bin
Downloading https://plugins.gradle.org/m2/org/jetbrains/kotlin/kotlin-compiler-embeddable/1.4.21/kotlin-compiler-embeddable-1.4.21.pom to /tmp/gradle_download10758012575107745810bin
Downloading https://plugins.gradle.org/m2/org/jetbrains/kotlin/kotlin-annotation-processing-gradle/1.4.21/kotlin-annotation-processing-gradle-1.4.21.pom to /tmp/gradle_download17796409580328436323bin
Downloading https://plugins.gradle.org/m2/org/jetbrains/kotlin/kotlin-android-extensions/1.4.21/kotlin-android-extensions-1.4.21.pom to /tmp/gradle_download11983407157328309786bin
Downloading https://plugins.gradle.org/m2/org/jetbrains/kotlin/kotlin-compiler-runner/1.4.21/kotlin-compiler-runner-1.4.21.pom to /tmp/gradle_download16175608555659280198bin
Downloading https://plugins.gradle.org/m2/org/jetbrains/kotlin/kotlin-scripting-compiler-embeddable/1.4.21/kotlin-scripting-compiler-embeddable-1.4.21.pom to /tmp/gradle_download3425845890835715399bin
Downloading https://plugins.gradle.org/m2/org/jetbrains/kotlin/kotlin-scripting-compiler-impl-embeddable/1.4.21/kotlin-scripting-compiler-impl-embeddable-1.4.21.pom to /tmp/gradle_download4192892919041671570bin
Downloading https://plugins.gradle.org/m2/org/jetbrains/kotlin/kotlin-gradle-plugin-model/1.4.21/kotlin-gradle-plugin-model-1.4.21.pom to /tmp/gradle_download2401069232866030316bin
Downloading https://plugins.gradle.org/m2/org/jetbrains/kotlin/kotlin-stdlib/1.3.72/kotlin-stdlib-1.3.72.pom to /tmp/gradle_download10784890991733879474bin
Downloading https://plugins.gradle.org/m2/org/jetbrains/kotlin/kotlin-reflect/1.3.72/kotlin-reflect-1.3.72.pom to /tmp/gradle_download259960947098015768bin
Downloading https://plugins.gradle.org/m2/com/fasterxml/jackson/core/jackson-databind/2.11.3/jackson-databind-2.11.3.pom to /tmp/gradle_download14541555719510406175bin
Downloading https://plugins.gradle.org/m2/com/fasterxml/jackson/jackson-base/2.11.3/jackson-base-2.11.3.pom to /tmp/gradle_download6594082677921612277bin
Downloading https://plugins.gradle.org/m2/com/fasterxml/jackson/jackson-bom/2.11.3/jackson-bom-2.11.3.pom to /tmp/gradle_download6014688017156196588bin
Downloading https://plugins.gradle.org/m2/com/fasterxml/jackson/jackson-parent/2.11/jackson-parent-2.11.pom to /tmp/gradle_download363491708353679107bin
Downloading https://plugins.gradle.org/m2/com/fasterxml/oss-parent/38/oss-parent-38.pom to /tmp/gradle_download6592718407110422102bin
Downloading https://plugins.gradle.org/m2/net/java/dev/jna/jna-platform/5.5.0/jna-platform-5.5.0.pom to /tmp/gradle_download9307963368225730135bin
Downloading https://plugins.gradle.org/m2/org/apache/httpcomponents/httpclient/4.5.13/httpclient-4.5.13.pom to /tmp/gradle_download4312801631631927435bin
Downloading https://plugins.gradle.org/m2/org/apache/httpcomponents/httpcomponents-client/4.5.13/httpcomponents-client-4.5.13.pom to /tmp/gradle_download3879560530216544302bin
Downloading https://plugins.gradle.org/m2/org/apache/httpcomponents/httpcomponents-parent/11/httpcomponents-parent-11.pom to /tmp/gradle_download3624436093799362080bin
Downloading https://plugins.gradle.org/m2/com/fasterxml/jackson/module/jackson-module-parameter-names/2.11.3/jackson-module-parameter-names-2.11.3.pom to /tmp/gradle_download7576178642313622589bin
Downloading https://plugins.gradle.org/m2/com/fasterxml/jackson/module/jackson-modules-java8/2.11.3/jackson-modules-java8-2.11.3.pom to /tmp/gradle_download1751476236175493784bin
Downloading https://plugins.gradle.org/m2/org/springframework/spring-jcl/5.3.2/spring-jcl-5.3.2.pom to /tmp/gradle_download6946526732326523167bin
Downloading https://plugins.gradle.org/m2/org/springframework/spring-jcl/5.3.2/spring-jcl-5.3.2.module to /tmp/gradle_download12609549414399000049bin
Downloading https://plugins.gradle.org/m2/org/jetbrains/kotlin/kotlin-util-io/1.4.21/kotlin-util-io-1.4.21.pom to /tmp/gradle_download3891096183067476311bin
Downloading https://plugins.gradle.org/m2/org/antlr/antlr4-runtime/4.5.2-1/antlr4-runtime-4.5.2-1.pom to /tmp/gradle_download13793445793730364919bin
Downloading https://plugins.gradle.org/m2/org/antlr/antlr4-master/4.5.2-1/antlr4-master-4.5.2-1.pom to /tmp/gradle_download1970940905078236488bin
Downloading https://plugins.gradle.org/m2/org/sonatype/oss/oss-parent/9/oss-parent-9.pom to /tmp/gradle_download4162537843360456420bin
Downloading https://plugins.gradle.org/m2/org/jetbrains/kotlin/kotlin-script-runtime/1.4.21/kotlin-script-runtime-1.4.21.pom to /tmp/gradle_download14555177688751083442bin
Downloading https://plugins.gradle.org/m2/org/jetbrains/intellij/deps/trove4j/1.0.20181211/trove4j-1.0.20181211.pom to /tmp/gradle_download17993415151148086127bin
Downloading https://plugins.gradle.org/m2/org/jetbrains/kotlin/kotlin-daemon-embeddable/1.4.21/kotlin-daemon-embeddable-1.4.21.pom to /tmp/gradle_download16981959013520661241bin
Downloading https://plugins.gradle.org/m2/org/jetbrains/kotlin/kotlin-build-common/1.4.21/kotlin-build-common-1.4.21.pom to /tmp/gradle_download5986969465964967583bin
Downloading https://plugins.gradle.org/m2/org/jetbrains/kotlinx/kotlinx-coroutines-core/1.3.7/kotlinx-coroutines-core-1.3.7.pom to /tmp/gradle_download13465056133019239926bin
Downloading https://plugins.gradle.org/m2/org/jetbrains/kotlin/kotlin-daemon-client/1.4.21/kotlin-daemon-client-1.4.21.pom to /tmp/gradle_download7567607331907817483bin
Downloading https://plugins.gradle.org/m2/org/jetbrains/kotlin/kotlin-scripting-common/1.4.21/kotlin-scripting-common-1.4.21.pom to /tmp/gradle_download15316761472654379462bin
Downloading https://plugins.gradle.org/m2/org/jetbrains/kotlin/kotlin-scripting-jvm/1.4.21/kotlin-scripting-jvm-1.4.21.pom to /tmp/gradle_download3899834715089692835bin
Downloading https://plugins.gradle.org/m2/org/jetbrains/kotlin/kotlin-stdlib-common/1.3.72/kotlin-stdlib-common-1.3.72.pom to /tmp/gradle_download14557235744353873378bin
Downloading https://plugins.gradle.org/m2/org/jetbrains/annotations/13.0/annotations-13.0.pom to /tmp/gradle_download10598125656230225732bin
Downloading https://plugins.gradle.org/m2/com/fasterxml/jackson/core/jackson-annotations/2.11.3/jackson-annotations-2.11.3.pom to /tmp/gradle_download13026735938007346993bin
Downloading https://plugins.gradle.org/m2/com/fasterxml/jackson/core/jackson-core/2.11.3/jackson-core-2.11.3.pom to /tmp/gradle_download15428851388149607320bin
Downloading https://plugins.gradle.org/m2/net/java/dev/jna/jna/5.5.0/jna-5.5.0.pom to /tmp/gradle_download353534843591537691bin
Downloading https://plugins.gradle.org/m2/org/apache/httpcomponents/httpcore/4.4.13/httpcore-4.4.13.pom to /tmp/gradle_download227880247853690943bin
Downloading https://plugins.gradle.org/m2/org/apache/httpcomponents/httpcomponents-core/4.4.13/httpcomponents-core-4.4.13.pom to /tmp/gradle_download394417251974225879bin
Downloading https://plugins.gradle.org/m2/commons-codec/commons-codec/1.11/commons-codec-1.11.pom to /tmp/gradle_download4542825404355998495bin
Downloading https://plugins.gradle.org/m2/org/apache/commons/commons-parent/42/commons-parent-42.pom to /tmp/gradle_download13986220002713313762bin
Downloading https://plugins.gradle.org/m2/org/apache/apache/18/apache-18.pom to /tmp/gradle_download3607771795645068146bin
Downloading https://plugins.gradle.org/m2/commons-logging/commons-logging/1.2/commons-logging-1.2.pom to /tmp/gradle_download11852033940300414601bin
Downloading https://plugins.gradle.org/m2/org/apache/commons/commons-parent/34/commons-parent-34.pom to /tmp/gradle_download8858552648197893093bin
Downloading https://plugins.gradle.org/m2/org/apache/apache/13/apache-13.pom to /tmp/gradle_download8626713041327970827bin
Downloading https://plugins.gradle.org/m2/org/jetbrains/kotlin/kotlin-gradle-plugin/1.4.21/kotlin-gradle-plugin-1.4.21.jar to /tmp/gradle_download11493577642956886854bin
Downloading https://plugins.gradle.org/m2/org/jetbrains/kotlin/kotlin-gradle-plugin-api/1.4.21/kotlin-gradle-plugin-api-1.4.21.jar to /tmp/gradle_download1028638389328481150bin
Downloading https://plugins.gradle.org/m2/org/jetbrains/kotlin/kotlin-gradle-plugin-model/1.4.21/kotlin-gradle-plugin-model-1.4.21.jar to /tmp/gradle_download7055480900693125994bin
Downloading https://plugins.gradle.org/m2/org/jetbrains/kotlin/kotlin-util-klib/1.4.21/kotlin-util-klib-1.4.21.jar to /tmp/gradle_download12458764441288218246bin
Downloading https://plugins.gradle.org/m2/org/jetbrains/kotlin/kotlin-annotation-processing-gradle/1.4.21/kotlin-annotation-processing-gradle-1.4.21.jar to /tmp/gradle_download17264584313967062714bin
Downloading https://plugins.gradle.org/m2/org/jetbrains/kotlin/kotlin-android-extensions/1.4.21/kotlin-android-extensions-1.4.21.jar to /tmp/gradle_download2238957889192453482bin
Downloading https://plugins.gradle.org/m2/org/jetbrains/kotlin/kotlin-compiler-runner/1.4.21/kotlin-compiler-runner-1.4.21.jar to /tmp/gradle_download16231557706423934403bin
Downloading https://plugins.gradle.org/m2/org/jetbrains/kotlin/kotlin-compiler-embeddable/1.4.21/kotlin-compiler-embeddable-1.4.21.jar to /tmp/gradle_download1333389165977110071bin
Downloading https://plugins.gradle.org/m2/org/jetbrains/kotlin/kotlin-scripting-compiler-embeddable/1.4.21/kotlin-scripting-compiler-embeddable-1.4.21.jar to /tmp/gradle_download8792355338367278457bin
Downloading https://plugins.gradle.org/m2/org/jetbrains/kotlin/kotlin-scripting-compiler-impl-embeddable/1.4.21/kotlin-scripting-compiler-impl-embeddable-1.4.21.jar to /tmp/gradle_download5518800169426593927bin
Downloading https://plugins.gradle.org/m2/org/jetbrains/kotlin/kotlin-daemon-client/1.4.21/kotlin-daemon-client-1.4.21.jar to /tmp/gradle_download2515658635370570341bin
Downloading https://plugins.gradle.org/m2/org/jetbrains/kotlin/kotlin-reflect/1.3.72/kotlin-reflect-1.3.72.jar to /tmp/gradle_download1656690692451427644bin
Downloading https://plugins.gradle.org/m2/org/jetbrains/kotlin/kotlin-util-io/1.4.21/kotlin-util-io-1.4.21.jar to /tmp/gradle_download10846536214566914094bin
Downloading https://plugins.gradle.org/m2/org/jetbrains/kotlin/kotlin-scripting-jvm/1.4.21/kotlin-scripting-jvm-1.4.21.jar to /tmp/gradle_download1987981386846769954bin
Downloading https://plugins.gradle.org/m2/org/jetbrains/kotlin/kotlin-scripting-common/1.4.21/kotlin-scripting-common-1.4.21.jar to /tmp/gradle_download9171589021535392480bin
Downloading https://plugins.gradle.org/m2/org/jetbrains/kotlinx/kotlinx-coroutines-core/1.3.7/kotlinx-coroutines-core-1.3.7.jar to /tmp/gradle_download1761838036226557200bin
Downloading https://plugins.gradle.org/m2/org/jetbrains/kotlin/kotlin-stdlib/1.3.72/kotlin-stdlib-1.3.72.jar to /tmp/gradle_download3428331045455751759bin
Downloading https://plugins.gradle.org/m2/org/jetbrains/kotlin/kotlin-stdlib-common/1.3.72/kotlin-stdlib-common-1.3.72.jar to /tmp/gradle_download9639207019861029465bin
Downloading https://plugins.gradle.org/m2/org/jetbrains/annotations/13.0/annotations-13.0.jar to /tmp/gradle_download6395407573914553723bin
Downloading https://plugins.gradle.org/m2/org/springframework/boot/spring-boot-gradle-plugin/2.4.1/spring-boot-gradle-plugin-2.4.1.jar to /tmp/gradle_download1126149276911705250bin
Downloading https://plugins.gradle.org/m2/io/spring/gradle/dependency-management-plugin/1.0.10.RELEASE/dependency-management-plugin-1.0.10.RELEASE.jar to /tmp/gradle_download18372789911051994718bin
Downloading https://plugins.gradle.org/m2/org/springframework/boot/spring-boot-buildpack-platform/2.4.1/spring-boot-buildpack-platform-2.4.1.jar to /tmp/gradle_download1464167194157713507bin
Downloading https://plugins.gradle.org/m2/org/springframework/boot/spring-boot-loader-tools/2.4.1/spring-boot-loader-tools-2.4.1.jar to /tmp/gradle_download14100682271793328297bin
Downloading https://plugins.gradle.org/m2/org/apache/commons/commons-compress/1.20/commons-compress-1.20.jar to /tmp/gradle_download5148189239909676704bin
Downloading https://plugins.gradle.org/m2/org/springframework/spring-core/5.3.2/spring-core-5.3.2.jar to /tmp/gradle_download16258982324544306198bin
Downloading https://plugins.gradle.org/m2/com/google/code/gson/gson/2.8.6/gson-2.8.6.jar to /tmp/gradle_download5712817656909431144bin
Downloading https://plugins.gradle.org/m2/de/undercouch/gradle-download-task/4.0.2/gradle-download-task-4.0.2.jar to /tmp/gradle_download5548441637726769473bin
Downloading https://plugins.gradle.org/m2/com/github/gundy/semver4j/0.16.4/semver4j-0.16.4.jar to /tmp/gradle_download5316843273583344121bin
Downloading https://plugins.gradle.org/m2/com/fasterxml/jackson/module/jackson-module-parameter-names/2.11.3/jackson-module-parameter-names-2.11.3.jar to /tmp/gradle_download16635973264045686623bin
Downloading https://plugins.gradle.org/m2/com/fasterxml/jackson/core/jackson-databind/2.11.3/jackson-databind-2.11.3.jar to /tmp/gradle_download10369324459555570131bin
Downloading https://plugins.gradle.org/m2/net/java/dev/jna/jna-platform/5.5.0/jna-platform-5.5.0.jar to /tmp/gradle_download5211502914763711657bin
Downloading https://plugins.gradle.org/m2/org/apache/httpcomponents/httpclient/4.5.13/httpclient-4.5.13.jar to /tmp/gradle_download7748759540406880547bin
Downloading https://plugins.gradle.org/m2/org/springframework/spring-jcl/5.3.2/spring-jcl-5.3.2.jar to /tmp/gradle_download590709677437938857bin
Downloading https://plugins.gradle.org/m2/org/antlr/antlr4-runtime/4.5.2-1/antlr4-runtime-4.5.2-1.jar to /tmp/gradle_download9910604639481224558bin
Downloading https://plugins.gradle.org/m2/org/jetbrains/kotlin/kotlin-script-runtime/1.4.21/kotlin-script-runtime-1.4.21.jar to /tmp/gradle_download14141233700931608599bin
Downloading https://plugins.gradle.org/m2/org/jetbrains/kotlin/kotlin-daemon-embeddable/1.4.21/kotlin-daemon-embeddable-1.4.21.jar to /tmp/gradle_download3788621005182672649bin
Downloading https://plugins.gradle.org/m2/org/jetbrains/intellij/deps/trove4j/1.0.20181211/trove4j-1.0.20181211.jar to /tmp/gradle_download8377766490488641827bin
Downloading https://plugins.gradle.org/m2/org/jetbrains/kotlin/kotlin-build-common/1.4.21/kotlin-build-common-1.4.21.jar to /tmp/gradle_download2243647089239300700bin
Downloading https://plugins.gradle.org/m2/com/fasterxml/jackson/core/jackson-annotations/2.11.3/jackson-annotations-2.11.3.jar to /tmp/gradle_download16011366159828989033bin
Downloading https://plugins.gradle.org/m2/com/fasterxml/jackson/core/jackson-core/2.11.3/jackson-core-2.11.3.jar to /tmp/gradle_download7369997923485949203bin
Downloading https://plugins.gradle.org/m2/net/java/dev/jna/jna/5.5.0/jna-5.5.0.jar to /tmp/gradle_download14868468357592896959bin
Downloading https://plugins.gradle.org/m2/org/apache/httpcomponents/httpcore/4.4.13/httpcore-4.4.13.jar to /tmp/gradle_download1816420987070884680bin
Downloading https://plugins.gradle.org/m2/commons-logging/commons-logging/1.2/commons-logging-1.2.jar to /tmp/gradle_download6187496504071710092bin
Downloading https://plugins.gradle.org/m2/commons-codec/commons-codec/1.11/commons-codec-1.11.jar to /tmp/gradle_download6086903232819768003bin
Downloading https://plugins.gradle.org/m2/org/jetbrains/kotlin/kotlin-allopen/1.4.21/kotlin-allopen-1.4.21.jar to /tmp/gradle_download749695849190287217bin
Applying dependency management to configuration 'bootArchives' in project 'model'
Applying dependency management to configuration 'kotlinCompilerClasspath' in project 'model'
Applying dependency management to configuration 'kotlinCompilerPluginClasspath' in project 'model'
Applying dependency management to configuration 'kotlinNativeCompilerPluginClasspath' in project 'model'
Applying dependency management to configuration 'kotlinKlibCommonizerClasspath' in project 'model'
Applying dependency management to configuration 'archives' in project 'model'
Applying dependency management to configuration 'default' in project 'model'
Applying dependency management to configuration 'compile' in project 'model'
Applying dependency management to configuration 'implementation' in project 'model'
Applying dependency management to configuration 'runtime' in project 'model'
Applying dependency management to configuration 'compileOnly' in project 'model'
Applying dependency management to configuration 'compileClasspath' in project 'model'
Applying dependency management to configuration 'annotationProcessor' in project 'model'
Applying dependency management to configuration 'runtimeOnly' in project 'model'
Applying dependency management to configuration 'runtimeClasspath' in project 'model'
Applying dependency management to configuration 'testCompile' in project 'model'
Applying dependency management to configuration 'testImplementation' in project 'model'
Applying dependency management to configuration 'testRuntime' in project 'model'
Applying dependency management to configuration 'testCompileOnly' in project 'model'
Applying dependency management to configuration 'testCompileClasspath' in project 'model'
Applying dependency management to configuration 'testAnnotationProcessor' in project 'model'
Applying dependency management to configuration 'testRuntimeOnly' in project 'model'
Applying dependency management to configuration 'testRuntimeClasspath' in project 'model'
Applying dependency management to configuration 'apiElements' in project 'model'
Applying dependency management to configuration 'runtimeElements' in project 'model'
Applying dependency management to configuration 'developmentOnly' in project 'model'
Applying dependency management to configuration 'productionRuntimeClasspath' in project 'model'
Applying dependency management to configuration 'api' in project 'model'
Applying dependency management to configuration 'apiDependenciesMetadata' in project 'model'
Applying dependency management to configuration 'implementationDependenciesMetadata' in project 'model'
Applying dependency management to configuration 'compileOnlyDependenciesMetadata' in project 'model'
Applying dependency management to configuration 'runtimeOnlyDependenciesMetadata' in project 'model'
Applying dependency management to configuration 'testApi' in project 'model'
Applying dependency management to configuration 'testApiDependenciesMetadata' in project 'model'
Applying dependency management to configuration 'testImplementationDependenciesMetadata' in project 'model'
Applying dependency management to configuration 'testCompileOnlyDependenciesMetadata' in project 'model'
Applying dependency management to configuration 'testRuntimeOnlyDependenciesMetadata' in project 'model'
Applying dependency management to configuration 'kotlinScriptDef' in project 'model'
kotlin scripting plugin: created the scripting discovery configuration: kotlinScriptDef
Applying dependency management to configuration 'kotlinScriptDefExtensions' in project 'model'
Applying dependency management to configuration 'testKotlinScriptDef' in project 'model'
kotlin scripting plugin: created the scripting discovery configuration: testKotlinScriptDef
Applying dependency management to configuration 'testKotlinScriptDefExtensions' in project 'model'
Applying dependency management to configuration 'sourceArtifacts' in project 'model'
w: Runtime JAR files in the classpath should have the same version. These files were found in the classpath:
    /opt/gradle/lib/kotlin-stdlib-1.3.72.jar (version 1.3)
    /opt/gradle/lib/kotlin-stdlib-common-1.3.72.jar (version 1.3)
    /opt/gradle/lib/kotlin-stdlib-jdk7-1.3.72.jar (version 1.3)
    /opt/gradle/lib/kotlin-stdlib-jdk8-1.3.72.jar (version 1.3)
    /opt/gradle/lib/kotlin-reflect-1.3.72.jar (version 1.3)
    /****/.gradle/caches/modules-2/files-2.1/org.jetbrains.kotlin/kotlin-reflect/1.3.72/86613e1a669a701b0c660bfd2af4f82a7ae11fca/kotlin-reflect-1.3.72.jar (version 1.3)
    /****/.gradle/caches/modules-2/files-2.1/org.jetbrains.kotlin/kotlin-stdlib/1.3.72/8032138f12c0180bc4e51fe139d4c52b46db6109/kotlin-stdlib-1.3.72.jar (version 1.3)
    /****/.gradle/caches/modules-2/files-2.1/org.jetbrains.kotlin/kotlin-stdlib-common/1.3.72/6ca8bee3d88957eaaaef077c41c908c9940492d8/kotlin-stdlib-common-1.3.72.jar (version 1.3)
    /****/.gradle/caches/modules-2/files-2.1/org.jetbrains.kotlin/kotlin-script-runtime/1.4.21/1247decba314790165b4fe94d09c45b09db6b07f/kotlin-script-runtime-1.4.21.jar (version 1.4)
w: Some runtime JAR files in the classpath have an incompatible version. Consider removing them from the classpath
Applying dependency management to configuration 'apiElements-published' in project 'model'
Applying dependency management to configuration 'runtimeElements-published' in project 'model'
All projects evaluated.
Selected primary task 'clean' from project :
Selected primary task 'build' from project :
Resolving global dependency management for project 'model'
Downloading http://nexus/repository/maven-group/org/springframework/boot/spring-boot-dependencies/2.4.1/spring-boot-dependencies-2.4.1.pom to /tmp/gradle_download15192865569508574536bin
Downloading http://nexus/repository/maven-group/com/datastax/oss/java-driver-bom/4.9.0/java-driver-bom-4.9.0.pom to /tmp/gradle_download9868698416548011266bin
Downloading http://nexus/repository/maven-group/io/dropwizard/metrics/metrics-bom/4.1.16/metrics-bom-4.1.16.pom to /tmp/gradle_download17582991198880410577bin
Downloading http://nexus/repository/maven-group/io/dropwizard/metrics/metrics-parent/4.1.16/metrics-parent-4.1.16.pom to /tmp/gradle_download8402428511023605904bin
Downloading http://nexus/repository/maven-group/org/codehaus/groovy/groovy-bom/2.5.14/groovy-bom-2.5.14.pom to /tmp/gradle_download7656526812102655279bin
Downloading http://nexus/repository/maven-group/org/infinispan/infinispan-bom/11.0.8.Final/infinispan-bom-11.0.8.Final.pom to /tmp/gradle_download1682103342919810705bin
Downloading http://nexus/repository/maven-group/org/infinispan/infinispan-build-configuration-parent/11.0.8.Final/infinispan-build-configuration-parent-11.0.8.Final.pom to /tmp/gradle_download5972197824149141298bin
Downloading http://nexus/repository/maven-group/org/jboss/jboss-parent/36/jboss-parent-36.pom to /tmp/gradle_download1117860299056959873bin
Found locally available resource with matching checksum: [http://nexus/repository/maven-group/com/fasterxml/jackson/jackson-bom/2.11.3/jackson-bom-2.11.3.pom, /****/.gradle/caches/modules-2/files-2.1/com.fasterxml.jackson/jackson-bom/2.11.3/8517ef9e21b0bf736581febb8f3fbdc49c139ac7/jackson-bom-2.11.3.pom]
Found locally available resource with matching checksum: [http://nexus/repository/maven-group/com/fasterxml/jackson/jackson-parent/2.11/jackson-parent-2.11.pom, /****/.gradle/caches/modules-2/files-2.1/com.fasterxml.jackson/jackson-parent/2.11/89f0f8a7f21a54125e0ae1f72e6cdd50b51c87f3/jackson-parent-2.11.pom]
Found locally available resource with matching checksum: [http://nexus/repository/maven-group/com/fasterxml/oss-parent/38/oss-parent-38.pom, /****/.gradle/caches/modules-2/files-2.1/com.fasterxml/oss-parent/38/ff6b9e9e40c23235f87a44b463995b47adca8dc9/oss-parent-38.pom]
Downloading http://nexus/repository/maven-group/org/glassfish/jersey/jersey-bom/2.32/jersey-bom-2.32.pom to /tmp/gradle_download9376035942765659515bin
Downloading http://nexus/repository/maven-group/org/eclipse/ee4j/project/1.0.6/project-1.0.6.pom to /tmp/gradle_download18166049378552519343bin
Downloading http://nexus/repository/maven-group/org/eclipse/jetty/jetty-bom/9.4.35.v20201120/jetty-bom-9.4.35.v20201120.pom to /tmp/gradle_download5081438420874155136bin
Downloading http://nexus/repository/maven-group/org/junit/junit-bom/5.7.0/junit-bom-5.7.0.pom to /tmp/gradle_download14263596225869960702bin
Downloading http://nexus/repository/maven-group/org/junit/junit-bom/5.7.0/junit-bom-5.7.0.module to /tmp/gradle_download9861537443018562971bin
Downloading http://nexus/repository/maven-group/org/jetbrains/kotlin/kotlin-bom/1.4.21/kotlin-bom-1.4.21.pom to /tmp/gradle_download7052607509558152234bin
Downloading http://nexus/repository/maven-group/org/jetbrains/kotlinx/kotlinx-coroutines-bom/1.4.2/kotlinx-coroutines-bom-1.4.2.pom to /tmp/gradle_download13038014627628248211bin
Downloading http://nexus/repository/maven-group/org/apache/logging/log4j/log4j-bom/2.13.3/log4j-bom-2.13.3.pom to /tmp/gradle_download273537261555013547bin
Downloading http://nexus/repository/maven-group/org/apache/logging/logging-parent/1/logging-parent-1.pom to /tmp/gradle_download3761410264599581006bin
Found locally available resource with matching checksum: [http://nexus/repository/maven-group/org/apache/apache/18/apache-18.pom, /****/.gradle/caches/modules-2/files-2.1/org.apache/apache/18/bd408bbea3840f2c7f914b29403e39a90f84fd5f/apache-18.pom]
Downloading http://nexus/repository/maven-group/io/micrometer/micrometer-bom/1.6.2/micrometer-bom-1.6.2.pom to /tmp/gradle_download6881330751266098413bin
Downloading http://nexus/repository/maven-group/io/netty/netty-bom/4.1.55.Final/netty-bom-4.1.55.Final.pom to /tmp/gradle_download9699341742049129655bin
Found locally available resource with matching checksum: [http://nexus/repository/maven-group/org/sonatype/oss/oss-parent/7/oss-parent-7.pom, /****/.gradle/caches/modules-2/files-2.1/org.sonatype.oss/oss-parent/7/46b8a785b60a2767095b8611613b58577e96d4c9/oss-parent-7.pom]
Downloading http://nexus/repository/maven-group/com/oracle/database/jdbc/ojdbc-bom/19.8.0.0/ojdbc-bom-19.8.0.0.pom to /tmp/gradle_download5061761096087626567bin
Downloading http://nexus/repository/maven-group/io/r2dbc/r2dbc-bom/Arabba-SR8/r2dbc-bom-Arabba-SR8.pom to /tmp/gradle_download7758908497331480275bin
Downloading http://nexus/repository/maven-group/io/projectreactor/reactor-bom/2020.0.2/reactor-bom-2020.0.2.pom to /tmp/gradle_download2120242896954868199bin
Downloading http://nexus/repository/maven-group/io/rsocket/rsocket-bom/1.1.0/rsocket-bom-1.1.0.pom to /tmp/gradle_download16339118070859745642bin
Downloading http://nexus/repository/maven-group/org/springframework/data/spring-data-bom/2020.0.2/spring-data-bom-2020.0.2.pom to /tmp/gradle_download2702459689043125593bin
Downloading http://nexus/repository/maven-group/org/springframework/spring-framework-bom/5.3.2/spring-framework-bom-5.3.2.pom to /tmp/gradle_download9574129429627107084bin
Downloading http://nexus/repository/maven-group/org/springframework/spring-framework-bom/5.3.2/spring-framework-bom-5.3.2.module to /tmp/gradle_download1028539391642232104bin
Downloading http://nexus/repository/maven-group/org/springframework/integration/spring-integration-bom/5.4.2/spring-integration-bom-5.4.2.pom to /tmp/gradle_download13020302875092172251bin
Downloading http://nexus/repository/maven-group/org/springframework/integration/spring-integration-bom/5.4.2/spring-integration-bom-5.4.2.module to /tmp/gradle_download2693566652366008962bin
Downloading http://nexus/repository/maven-group/org/springframework/security/spring-security-bom/5.4.2/spring-security-bom-5.4.2.pom to /tmp/gradle_download1438071101423279303bin
Downloading http://nexus/repository/maven-group/org/springframework/session/spring-session-bom/2020.0.1/spring-session-bom-2020.0.1.pom to /tmp/gradle_download3815470322546377396bin
Found locally available resource with matching checksum: [http://nexus/repository/maven-group/org/jetbrains/kotlin/kotlin-compiler-embeddable/1.4.21/kotlin-compiler-embeddable-1.4.21.pom, /****/.gradle/caches/modules-2/files-2.1/org.jetbrains.kotlin/kotlin-compiler-embeddable/1.4.21/98415def7f0dd025e39172d7ecf2b9594980e5a2/kotlin-compiler-embeddable-1.4.21.pom]
Downloading http://nexus/repository/maven-group/org/jetbrains/kotlin/kotlin-stdlib/1.4.21/kotlin-stdlib-1.4.21.pom to /tmp/gradle_download9904172045205646369bin
Downloading http://nexus/repository/maven-group/org/jetbrains/kotlin/kotlin-reflect/1.4.21/kotlin-reflect-1.4.21.pom to /tmp/gradle_download7725935446655222387bin
Found locally available resource with matching checksum: [http://nexus/repository/maven-group/org/jetbrains/kotlin/kotlin-daemon-embeddable/1.4.21/kotlin-daemon-embeddable-1.4.21.pom, /****/.gradle/caches/modules-2/files-2.1/org.jetbrains.kotlin/kotlin-daemon-embeddable/1.4.21/9c638d129c3879b265beef60cb0f9073b1ebbba9/kotlin-daemon-embeddable-1.4.21.pom]
Found locally available resource with matching checksum: [http://nexus/repository/maven-group/org/jetbrains/intellij/deps/trove4j/1.0.20181211/trove4j-1.0.20181211.pom, /****/.gradle/caches/modules-2/files-2.1/org.jetbrains.intellij.deps/trove4j/1.0.20181211/ad9cb821b804f05ed013ce89e3ec4d32d101bd79/trove4j-1.0.20181211.pom]
Found locally available resource with matching checksum: [http://nexus/repository/maven-group/org/jetbrains/kotlin/kotlin-script-runtime/1.4.21/kotlin-script-runtime-1.4.21.pom, /****/.gradle/caches/modules-2/files-2.1/org.jetbrains.kotlin/kotlin-script-runtime/1.4.21/3a45a64c975c8470c84901999cba61a1fe562d7e/kotlin-script-runtime-1.4.21.pom]
Downloading http://nexus/repository/maven-group/org/jetbrains/kotlin/kotlin-stdlib-common/1.4.21/kotlin-stdlib-common-1.4.21.pom to /tmp/gradle_download2282090630711305907bin
Found locally available resource with matching checksum: [http://nexus/repository/maven-group/org/jetbrains/annotations/13.0/annotations-13.0.pom, /****/.gradle/caches/modules-2/files-2.1/org.jetbrains/annotations/13.0/fa7d3d07cc80547e2d15bf4839d3267c637c642f/annotations-13.0.pom]
Excluding []
Found locally available resource with matching checksum: [http://nexus/repository/maven-group/org/jetbrains/kotlin/kotlin-compiler-embeddable/1.4.21/kotlin-compiler-embeddable-1.4.21.jar, /****/.gradle/caches/modules-2/files-2.1/org.jetbrains.kotlin/kotlin-compiler-embeddable/1.4.21/87db94500aaf883536ae8c8efdee76bdc839d582/kotlin-compiler-embeddable-1.4.21.jar]
Downloading http://nexus/repository/maven-group/org/jetbrains/kotlin/kotlin-reflect/1.4.21/kotlin-reflect-1.4.21.jar to /tmp/gradle_download11194165371374534684bin
Downloading http://nexus/repository/maven-group/org/jetbrains/kotlin/kotlin-stdlib/1.4.21/kotlin-stdlib-1.4.21.jar to /tmp/gradle_download9133588933670924929bin
Found locally available resource with matching checksum: [http://nexus/repository/maven-group/org/jetbrains/kotlin/kotlin-script-runtime/1.4.21/kotlin-script-runtime-1.4.21.jar, /****/.gradle/caches/modules-2/files-2.1/org.jetbrains.kotlin/kotlin-script-runtime/1.4.21/1247decba314790165b4fe94d09c45b09db6b07f/kotlin-script-runtime-1.4.21.jar]
Found locally available resource with matching checksum: [http://nexus/repository/maven-group/org/jetbrains/kotlin/kotlin-daemon-embeddable/1.4.21/kotlin-daemon-embeddable-1.4.21.jar, /****/.gradle/caches/modules-2/files-2.1/org.jetbrains.kotlin/kotlin-daemon-embeddable/1.4.21/bc95bcebdc871d45d9852b0c01abe9bec373bb52/kotlin-daemon-embeddable-1.4.21.jar]
Found locally available resource with matching checksum: [http://nexus/repository/maven-group/org/jetbrains/intellij/deps/trove4j/1.0.20181211/trove4j-1.0.20181211.jar, /****/.gradle/caches/modules-2/files-2.1/org.jetbrains.intellij.deps/trove4j/1.0.20181211/216c2e14b070f334479d800987affe4054cd563f/trove4j-1.0.20181211.jar]
Downloading http://nexus/repository/maven-group/org/jetbrains/kotlin/kotlin-stdlib-common/1.4.21/kotlin-stdlib-common-1.4.21.jar to /tmp/gradle_download13100452705000852716bin
Found locally available resource with matching checksum: [http://nexus/repository/maven-group/org/jetbrains/annotations/13.0/annotations-13.0.jar, /****/.gradle/caches/modules-2/files-2.1/org.jetbrains/annotations/13.0/919f0dfe192fb4e063e7dacadee7f8bb9a2672a9/annotations-13.0.jar]
Selected primary task 'publish' from project :
Tasks to be executed: [task ':clean', task ':compileKotlin', task ':compileJava', task ':processResources', task ':classes', task ':bootJarMainClassName', task ':bootJar', task ':inspectClassesForKotlinIC', task ':jar', task ':assemble', task ':compileTestKotlin', task ':compileTestJava', task ':processTestResources', task ':testClasses', task ':test', task ':check', task ':build', task ':generateMetadataFileForMavenPublication', task ':generatePomFileForMavenPublication', task ':publishMavenPublicationToMavenRepository', task ':publish']
Tasks that were excluded: []
:clean (Thread[Daemon worker,5,main]) started.

> Task :clean UP-TO-DATE
Caching disabled for task ':clean' because:
  Build cache is disabled
Task ':clean' is not up-to-date because:
  Task has not declared any outputs despite executing actions.
:clean (Thread[Daemon worker,5,main]) completed. Took 0.133 secs.
:compileKotlin (Thread[Daemon worker,5,main]) started.

> Task :compileKotlin
Found locally available resource with matching checksum: [http://nexus/repository/maven-group/org/jetbrains/kotlin/kotlin-scripting-compiler-embeddable/1.4.21/kotlin-scripting-compiler-embeddable-1.4.21.pom, /****/.gradle/caches/modules-2/files-2.1/org.jetbrains.kotlin/kotlin-scripting-compiler-embeddable/1.4.21/30b68e76cec6c51311c35f77c7a80caa919339ec/kotlin-scripting-compiler-embeddable-1.4.21.pom]
Downloading http://nexus/repository/maven-group/org/jetbrains/kotlin/kotlin-allopen/1.4.21/kotlin-allopen-1.4.21.pom to /tmp/gradle_download15305617687356250186bin
Found locally available resource with matching checksum: [http://nexus/repository/maven-group/org/jetbrains/kotlin/kotlin-scripting-compiler-impl-embeddable/1.4.21/kotlin-scripting-compiler-impl-embeddable-1.4.21.pom, /****/.gradle/caches/modules-2/files-2.1/org.jetbrains.kotlin/kotlin-scripting-compiler-impl-embeddable/1.4.21/f22a77380da9a776e9c8c6f6e1485fdb722224b4/kotlin-scripting-compiler-impl-embeddable-1.4.21.pom]
Found locally available resource with matching checksum: [http://nexus/repository/maven-group/org/jetbrains/kotlin/kotlin-gradle-plugin-api/1.4.21/kotlin-gradle-plugin-api-1.4.21.pom, /****/.gradle/caches/modules-2/files-2.1/org.jetbrains.kotlin/kotlin-gradle-plugin-api/1.4.21/c79278ae1dd84c4b319f6e6d79cbe2a1abf1a89a/kotlin-gradle-plugin-api-1.4.21.pom]
Found locally available resource with matching checksum: [http://nexus/repository/maven-group/org/jetbrains/kotlin/kotlin-gradle-plugin-model/1.4.21/kotlin-gradle-plugin-model-1.4.21.pom, /****/.gradle/caches/modules-2/files-2.1/org.jetbrains.kotlin/kotlin-gradle-plugin-model/1.4.21/355aae481f319baf64cfd8b3ab08557bce448ca6/kotlin-gradle-plugin-model-1.4.21.pom]
Found locally available resource with matching checksum: [http://nexus/repository/maven-group/org/jetbrains/kotlin/kotlin-scripting-common/1.4.21/kotlin-scripting-common-1.4.21.pom, /****/.gradle/caches/modules-2/files-2.1/org.jetbrains.kotlin/kotlin-scripting-common/1.4.21/3c51073a9f3fdda25f02767e808ae823f03c786/kotlin-scripting-common-1.4.21.pom]
Downloading http://nexus/repository/maven-group/org/jetbrains/kotlinx/kotlinx-coroutines-core/1.4.2/kotlinx-coroutines-core-1.4.2.pom to /tmp/gradle_download9944880344587924030bin
Downloading http://nexus/repository/maven-group/org/jetbrains/kotlinx/kotlinx-coroutines-core/1.4.2/kotlinx-coroutines-core-1.4.2.module to /tmp/gradle_download2796634269542544420bin
Found locally available resource with matching checksum: [http://nexus/repository/maven-group/org/jetbrains/kotlin/kotlin-scripting-jvm/1.4.21/kotlin-scripting-jvm-1.4.21.pom, /****/.gradle/caches/modules-2/files-2.1/org.jetbrains.kotlin/kotlin-scripting-jvm/1.4.21/95d428231db168e805b72c1384365633fedc6dba/kotlin-scripting-jvm-1.4.21.pom]
Downloading http://nexus/repository/maven-group/org/jetbrains/kotlinx/kotlinx-coroutines-core-jvm/1.4.2/kotlinx-coroutines-core-jvm-1.4.2.pom to /tmp/gradle_download12603576112990288761bin
Downloading http://nexus/repository/maven-group/org/jetbrains/kotlinx/kotlinx-coroutines-core-jvm/1.4.2/kotlinx-coroutines-core-jvm-1.4.2.module to /tmp/gradle_download12550275398813587181bin
Excluding []
Found locally available resource with matching checksum: [http://nexus/repository/maven-group/org/jetbrains/kotlin/kotlin-scripting-compiler-embeddable/1.4.21/kotlin-scripting-compiler-embeddable-1.4.21.jar, /****/.gradle/caches/modules-2/files-2.1/org.jetbrains.kotlin/kotlin-scripting-compiler-embeddable/1.4.21/18ea0b88e5cf079243ef416232ed3af5c20a9374/kotlin-scripting-compiler-embeddable-1.4.21.jar]
Found locally available resource with matching checksum: [http://nexus/repository/maven-group/org/jetbrains/kotlin/kotlin-allopen/1.4.21/kotlin-allopen-1.4.21.jar, /****/.gradle/caches/modules-2/files-2.1/org.jetbrains.kotlin/kotlin-allopen/1.4.21/48394bb11aac52745b099040dda1647f64170dee/kotlin-allopen-1.4.21.jar]
Found locally available resource with matching checksum: [http://nexus/repository/maven-group/org/jetbrains/kotlin/kotlin-scripting-compiler-impl-embeddable/1.4.21/kotlin-scripting-compiler-impl-embeddable-1.4.21.jar, /****/.gradle/caches/modules-2/files-2.1/org.jetbrains.kotlin/kotlin-scripting-compiler-impl-embeddable/1.4.21/64cb0627049ec5b8c5d029355b45174904ace2e7/kotlin-scripting-compiler-impl-embeddable-1.4.21.jar]
Found locally available resource with matching checksum: [http://nexus/repository/maven-group/org/jetbrains/kotlin/kotlin-gradle-plugin-api/1.4.21/kotlin-gradle-plugin-api-1.4.21.jar, /****/.gradle/caches/modules-2/files-2.1/org.jetbrains.kotlin/kotlin-gradle-plugin-api/1.4.21/7beb6a97e87d40bb577f12e6c13c325eef5c4d7b/kotlin-gradle-plugin-api-1.4.21.jar]
Found locally available resource with matching checksum: [http://nexus/repository/maven-group/org/jetbrains/kotlin/kotlin-gradle-plugin-model/1.4.21/kotlin-gradle-plugin-model-1.4.21.jar, /****/.gradle/caches/modules-2/files-2.1/org.jetbrains.kotlin/kotlin-gradle-plugin-model/1.4.21/f5ab13238de3ae2bf8d3343cdab3f9ea6fe24a76/kotlin-gradle-plugin-model-1.4.21.jar]
Found locally available resource with matching checksum: [http://nexus/repository/maven-group/org/jetbrains/kotlin/kotlin-scripting-jvm/1.4.21/kotlin-scripting-jvm-1.4.21.jar, /****/.gradle/caches/modules-2/files-2.1/org.jetbrains.kotlin/kotlin-scripting-jvm/1.4.21/59ecfba69264d8b2fa7687e0f1fa41e4a82301d2/kotlin-scripting-jvm-1.4.21.jar]
Found locally available resource with matching checksum: [http://nexus/repository/maven-group/org/jetbrains/kotlin/kotlin-scripting-common/1.4.21/kotlin-scripting-common-1.4.21.jar, /****/.gradle/caches/modules-2/files-2.1/org.jetbrains.kotlin/kotlin-scripting-common/1.4.21/eb47ff9717becf5bcd1bb7ef5cb92fc3c8aa97e1/kotlin-scripting-common-1.4.21.jar]
Downloading http://nexus/repository/maven-group/org/jetbrains/kotlinx/kotlinx-coroutines-core-jvm/1.4.2/kotlinx-coroutines-core-jvm-1.4.2.jar to /tmp/gradle_download7151411384897425981bin
Downloading http://nexus/repository/maven-group/org/springframework/boot/spring-boot-starter-json/2.4.1/spring-boot-starter-json-2.4.1.pom to /tmp/gradle_download15096400684433471485bin
Downloading http://nexus/repository/maven-group/org/springframework/boot/spring-boot-starter-json/2.4.1/spring-boot-starter-json-2.4.1.module to /tmp/gradle_download3313263936517585729bin
Downloading http://nexus/repository/maven-group/org/jetbrains/kotlin/kotlin-stdlib-jdk8/1.4.21/kotlin-stdlib-jdk8-1.4.21.pom to /tmp/gradle_download9250562789433656171bin
Downloading http://nexus/repository/maven-group/com/fasterxml/jackson/module/jackson-module-kotlin/2.11.3/jackson-module-kotlin-2.11.3.pom to /tmp/gradle_download17690443082362891496bin
Found locally available resource with matching checksum: [http://nexus/repository/maven-group/com/fasterxml/jackson/jackson-base/2.11.3/jackson-base-2.11.3.pom, /****/.gradle/caches/modules-2/files-2.1/com.fasterxml.jackson/jackson-base/2.11.3/c43569c2dd5e74036ca1bf965f0e8e79fce26653/jackson-base-2.11.3.pom]
Downloading http://nexus/repository/maven-group/org/springframework/boot/spring-boot-starter/2.4.1/spring-boot-starter-2.4.1.pom to /tmp/gradle_download2148041667683762035bin
Downloading http://nexus/repository/maven-group/org/springframework/boot/spring-boot-starter/2.4.1/spring-boot-starter-2.4.1.module to /tmp/gradle_download17886940602622836870bin
Found locally available resource with matching checksum: [http://nexus/repository/maven-group/com/fasterxml/jackson/core/jackson-databind/2.11.3/jackson-databind-2.11.3.pom, /****/.gradle/caches/modules-2/files-2.1/com.fasterxml.jackson.core/jackson-databind/2.11.3/3580c45b6e5f2400516c9f9cf65f008b2e882f1b/jackson-databind-2.11.3.pom]
Downloading http://nexus/repository/maven-group/com/fasterxml/jackson/datatype/jackson-datatype-jdk8/2.11.3/jackson-datatype-jdk8-2.11.3.pom to /tmp/gradle_download6962426200489464135bin
Found locally available resource with matching checksum: [http://nexus/repository/maven-group/com/fasterxml/jackson/module/jackson-modules-java8/2.11.3/jackson-modules-java8-2.11.3.pom, /****/.gradle/caches/modules-2/files-2.1/com.fasterxml.jackson.module/jackson-modules-java8/2.11.3/a6cb916ac351b40262ee08284ee6578a9ee942ef/jackson-modules-java8-2.11.3.pom]
Downloading http://nexus/repository/maven-group/com/fasterxml/jackson/datatype/jackson-datatype-jsr310/2.11.3/jackson-datatype-jsr310-2.11.3.pom to /tmp/gradle_download6566781046958534150bin
Found locally available resource with matching checksum: [http://nexus/repository/maven-group/com/fasterxml/jackson/module/jackson-module-parameter-names/2.11.3/jackson-module-parameter-names-2.11.3.pom, /****/.gradle/caches/modules-2/files-2.1/com.fasterxml.jackson.module/jackson-module-parameter-names/2.11.3/677ba5b4eeeef2cb5147b74144ee09e9db965a4a/jackson-module-parameter-names-2.11.3.pom]
Downloading http://nexus/repository/maven-group/org/springframework/spring-web/5.3.2/spring-web-5.3.2.pom to /tmp/gradle_download9226537592353077907bin
Downloading http://nexus/repository/maven-group/org/springframework/spring-web/5.3.2/spring-web-5.3.2.module to /tmp/gradle_download15661979467491656119bin
Found locally available resource with matching checksum: [http://nexus/repository/maven-group/com/fasterxml/jackson/core/jackson-annotations/2.11.3/jackson-annotations-2.11.3.pom, /****/.gradle/caches/modules-2/files-2.1/com.fasterxml.jackson.core/jackson-annotations/2.11.3/e9d6277a71b2d70d2f8bca72cb6379123ece8dda/jackson-annotations-2.11.3.pom]
Downloading http://nexus/repository/maven-group/org/jetbrains/kotlin/kotlin-stdlib-jdk7/1.4.21/kotlin-stdlib-jdk7-1.4.21.pom to /tmp/gradle_download8586604509100494549bin
Downloading http://nexus/repository/maven-group/org/springframework/boot/spring-boot/2.4.1/spring-boot-2.4.1.pom to /tmp/gradle_download16185527176355121150bin
Downloading http://nexus/repository/maven-group/org/springframework/boot/spring-boot/2.4.1/spring-boot-2.4.1.module to /tmp/gradle_download11837094915499401132bin
Downloading http://nexus/repository/maven-group/org/springframework/boot/spring-boot-starter-logging/2.4.1/spring-boot-starter-logging-2.4.1.pom to /tmp/gradle_download2952179014459691209bin
Downloading http://nexus/repository/maven-group/org/springframework/boot/spring-boot-starter-logging/2.4.1/spring-boot-starter-logging-2.4.1.module to /tmp/gradle_download16895359651920984319bin
Downloading http://nexus/repository/maven-group/jakarta/annotation/jakarta.annotation-api/1.3.5/jakarta.annotation-api-1.3.5.pom to /tmp/gradle_download5093060775205171779bin
Downloading http://nexus/repository/maven-group/jakarta/annotation/ca-parent/1.3.5/ca-parent-1.3.5.pom to /tmp/gradle_download10754516740969471831bin
Downloading http://nexus/repository/maven-group/org/eclipse/ee4j/project/1.0.5/project-1.0.5.pom to /tmp/gradle_download9233136238817048109bin
Found locally available resource with matching checksum: [http://nexus/repository/maven-group/org/springframework/spring-core/5.3.2/spring-core-5.3.2.pom, /****/.gradle/caches/modules-2/files-2.1/org.springframework/spring-core/5.3.2/85f264de7415ef8c9c54f578b62f62eec8c64038/spring-core-5.3.2.pom]
Found locally available resource with matching checksum: [http://nexus/repository/maven-group/org/springframework/spring-core/5.3.2/spring-core-5.3.2.module, /****/.gradle/caches/modules-2/files-2.1/org.springframework/spring-core/5.3.2/2887f8aa3238792f87e7cbcd05bfb55a3329a4f4/spring-core-5.3.2.module]
Downloading http://nexus/repository/maven-group/org/yaml/snakeyaml/1.27/snakeyaml-1.27.pom to /tmp/gradle_download139626257782922901bin
Downloading http://nexus/repository/maven-group/org/springframework/boot/spring-boot-autoconfigure/2.4.1/spring-boot-autoconfigure-2.4.1.pom to /tmp/gradle_download3324351095229727814bin
Downloading http://nexus/repository/maven-group/org/springframework/boot/spring-boot-autoconfigure/2.4.1/spring-boot-autoconfigure-2.4.1.module to /tmp/gradle_download6956893624587242626bin
Downloading http://nexus/repository/maven-group/org/springframework/spring-beans/5.3.2/spring-beans-5.3.2.pom to /tmp/gradle_download7722310029250350331bin
Downloading http://nexus/repository/maven-group/org/springframework/spring-beans/5.3.2/spring-beans-5.3.2.module to /tmp/gradle_download12816790443043984219bin
Found locally available resource with matching checksum: [http://nexus/repository/maven-group/com/fasterxml/jackson/core/jackson-core/2.11.3/jackson-core-2.11.3.pom, /****/.gradle/caches/modules-2/files-2.1/com.fasterxml.jackson.core/jackson-core/2.11.3/7cbce59647c9f408b01a0d7f9a266ab801dc8a6e/jackson-core-2.11.3.pom]
Downloading http://nexus/repository/maven-group/org/springframework/spring-context/5.3.2/spring-context-5.3.2.pom to /tmp/gradle_download16403351039756207081bin
Downloading http://nexus/repository/maven-group/org/springframework/spring-context/5.3.2/spring-context-5.3.2.module to /tmp/gradle_download11817881540698909368bin
Downloading http://nexus/repository/maven-group/ch/qos/logback/logback-classic/1.2.3/logback-classic-1.2.3.pom to /tmp/gradle_download2369128368353123159bin
Downloading http://nexus/repository/maven-group/ch/qos/logback/logback-parent/1.2.3/logback-parent-1.2.3.pom to /tmp/gradle_download8126004245331918304bin
Downloading http://nexus/repository/maven-group/org/slf4j/jul-to-slf4j/1.7.30/jul-to-slf4j-1.7.30.pom to /tmp/gradle_download7533955012843986758bin
Downloading http://nexus/repository/maven-group/org/slf4j/slf4j-parent/1.7.30/slf4j-parent-1.7.30.pom to /tmp/gradle_download4640366155415305579bin
Downloading http://nexus/repository/maven-group/org/apache/logging/log4j/log4j-to-slf4j/2.13.3/log4j-to-slf4j-2.13.3.pom to /tmp/gradle_download2405846879616176097bin
Downloading http://nexus/repository/maven-group/org/apache/logging/log4j/log4j/2.13.3/log4j-2.13.3.pom to /tmp/gradle_download3688911398914464316bin
Found locally available resource with matching checksum: [http://nexus/repository/maven-group/org/apache/apache/21/apache-21.pom, /****/.gradle/caches/modules-2/files-2.1/org.apache/apache/21/649b700a1b2b4a1d87e7ae8e3f47bfe101b2a4a5/apache-21.pom]
Found locally available resource with matching checksum: [http://nexus/repository/maven-group/org/springframework/spring-jcl/5.3.2/spring-jcl-5.3.2.pom, /****/.gradle/caches/modules-2/files-2.1/org.springframework/spring-jcl/5.3.2/b8d47cf2cd92a2c586a08edefddc1092cd16fe47/spring-jcl-5.3.2.pom]
Found locally available resource with matching checksum: [http://nexus/repository/maven-group/org/springframework/spring-jcl/5.3.2/spring-jcl-5.3.2.module, /****/.gradle/caches/modules-2/files-2.1/org.springframework/spring-jcl/5.3.2/877770a15f965829792a3f2f4e73be1619a0e295/spring-jcl-5.3.2.module]
Downloading http://nexus/repository/maven-group/org/springframework/spring-aop/5.3.2/spring-aop-5.3.2.pom to /tmp/gradle_download7763453668332774695bin
Downloading http://nexus/repository/maven-group/org/springframework/spring-aop/5.3.2/spring-aop-5.3.2.module to /tmp/gradle_download15575505214687613466bin
Downloading http://nexus/repository/maven-group/org/springframework/spring-expression/5.3.2/spring-expression-5.3.2.pom to /tmp/gradle_download11985277249226124817bin
Downloading http://nexus/repository/maven-group/org/springframework/spring-expression/5.3.2/spring-expression-5.3.2.module to /tmp/gradle_download5763838392853767463bin
Downloading http://nexus/repository/maven-group/ch/qos/logback/logback-core/1.2.3/logback-core-1.2.3.pom to /tmp/gradle_download16134237622810829203bin
Downloading http://nexus/repository/maven-group/org/slf4j/slf4j-api/1.7.30/slf4j-api-1.7.30.pom to /tmp/gradle_download4579340128281808000bin
Downloading http://nexus/repository/maven-group/org/apache/logging/log4j/log4j-api/2.13.3/log4j-api-2.13.3.pom to /tmp/gradle_download9558771150202986098bin
Excluding []
Downloading http://nexus/repository/maven-group/org/springframework/boot/spring-boot-starter-json/2.4.1/spring-boot-starter-json-2.4.1.jar to /tmp/gradle_download7757796073788916132bin
Downloading http://nexus/repository/maven-group/com/fasterxml/jackson/module/jackson-module-kotlin/2.11.3/jackson-module-kotlin-2.11.3.jar to /tmp/gradle_download12730012522331130455bin
Downloading http://nexus/repository/maven-group/org/jetbrains/kotlin/kotlin-stdlib-jdk8/1.4.21/kotlin-stdlib-jdk8-1.4.21.jar to /tmp/gradle_download7789808044306448819bin
Downloading http://nexus/repository/maven-group/org/springframework/boot/spring-boot-starter/2.4.1/spring-boot-starter-2.4.1.jar to /tmp/gradle_download16251596681944896030bin
Downloading http://nexus/repository/maven-group/org/springframework/spring-web/5.3.2/spring-web-5.3.2.jar to /tmp/gradle_download9434261979954707447bin
Downloading http://nexus/repository/maven-group/com/fasterxml/jackson/datatype/jackson-datatype-jdk8/2.11.3/jackson-datatype-jdk8-2.11.3.jar to /tmp/gradle_download5117042594937447592bin
Downloading http://nexus/repository/maven-group/com/fasterxml/jackson/datatype/jackson-datatype-jsr310/2.11.3/jackson-datatype-jsr310-2.11.3.jar to /tmp/gradle_download14795099984745104506bin
Found locally available resource with matching checksum: [http://nexus/repository/maven-group/com/fasterxml/jackson/module/jackson-module-parameter-names/2.11.3/jackson-module-parameter-names-2.11.3.jar, /****/.gradle/caches/modules-2/files-2.1/com.fasterxml.jackson.module/jackson-module-parameter-names/2.11.3/ab66d5c5b8008161ae89be8a3d98efff9ef1b915/jackson-module-parameter-names-2.11.3.jar]
Found locally available resource with matching checksum: [http://nexus/repository/maven-group/com/fasterxml/jackson/core/jackson-databind/2.11.3/jackson-databind-2.11.3.jar, /****/.gradle/caches/modules-2/files-2.1/com.fasterxml.jackson.core/jackson-databind/2.11.3/4f7b27416934dc929bb6c2d2c5fe521829e6a4ec/jackson-databind-2.11.3.jar]
Found locally available resource with matching checksum: [http://nexus/repository/maven-group/com/fasterxml/jackson/core/jackson-annotations/2.11.3/jackson-annotations-2.11.3.jar, /****/.gradle/caches/modules-2/files-2.1/com.fasterxml.jackson.core/jackson-annotations/2.11.3/25d4e9c777e7a8805c4a000a8629d3009c779c9b/jackson-annotations-2.11.3.jar]
Downloading http://nexus/repository/maven-group/org/jetbrains/kotlin/kotlin-stdlib-jdk7/1.4.21/kotlin-stdlib-jdk7-1.4.21.jar to /tmp/gradle_download5603196275458317886bin
Cache entries evicted. In-memory cache of /workspace/source/.gradle/checksums/sha1-checksums.bin: Size{383} MaxSize{400}, CacheStats{hitCount=202, missCount=383, loadSuccessCount=384, loadExceptionCount=0, totalLoadTime=301728367, evictionCount=1} 
Performance may suffer from in-memory cache misses. Increase max heap size of Gradle build process to reduce cache misses.
Downloading http://nexus/repository/maven-group/org/springframework/boot/spring-boot-autoconfigure/2.4.1/spring-boot-autoconfigure-2.4.1.jar to /tmp/gradle_download18227052453598741585bin
Downloading http://nexus/repository/maven-group/org/springframework/boot/spring-boot/2.4.1/spring-boot-2.4.1.jar to /tmp/gradle_download6093250938599158493bin
Downloading http://nexus/repository/maven-group/org/springframework/boot/spring-boot-starter-logging/2.4.1/spring-boot-starter-logging-2.4.1.jar to /tmp/gradle_download4443370642384353003bin
Downloading http://nexus/repository/maven-group/jakarta/annotation/jakarta.annotation-api/1.3.5/jakarta.annotation-api-1.3.5.jar to /tmp/gradle_download3191056686482846161bin
Downloading http://nexus/repository/maven-group/org/springframework/spring-context/5.3.2/spring-context-5.3.2.jar to /tmp/gradle_download2323212033193108912bin
Downloading http://nexus/repository/maven-group/org/springframework/spring-aop/5.3.2/spring-aop-5.3.2.jar to /tmp/gradle_download591392355281397986bin
Downloading http://nexus/repository/maven-group/org/springframework/spring-beans/5.3.2/spring-beans-5.3.2.jar to /tmp/gradle_download887287134122143160bin
Downloading http://nexus/repository/maven-group/org/springframework/spring-expression/5.3.2/spring-expression-5.3.2.jar to /tmp/gradle_download2848072332072164045bin
Found locally available resource with matching checksum: [http://nexus/repository/maven-group/org/springframework/spring-core/5.3.2/spring-core-5.3.2.jar, /****/.gradle/caches/modules-2/files-2.1/org.springframework/spring-core/5.3.2/152489ed8223a6ad19065a3cd1ee6b9e20c0b82f/spring-core-5.3.2.jar]
Downloading http://nexus/repository/maven-group/org/yaml/snakeyaml/1.27/snakeyaml-1.27.jar to /tmp/gradle_download7914827082041740103bin
Found locally available resource with matching checksum: [http://nexus/repository/maven-group/com/fasterxml/jackson/core/jackson-core/2.11.3/jackson-core-2.11.3.jar, /****/.gradle/caches/modules-2/files-2.1/com.fasterxml.jackson.core/jackson-core/2.11.3/c2351800432bdbdd8284c3f5a7f0782a352aa84a/jackson-core-2.11.3.jar]
Downloading http://nexus/repository/maven-group/ch/qos/logback/logback-classic/1.2.3/logback-classic-1.2.3.jar to /tmp/gradle_download2749561749727997240bin
Downloading http://nexus/repository/maven-group/org/apache/logging/log4j/log4j-to-slf4j/2.13.3/log4j-to-slf4j-2.13.3.jar to /tmp/gradle_download6446921583790612200bin
Downloading http://nexus/repository/maven-group/org/slf4j/jul-to-slf4j/1.7.30/jul-to-slf4j-1.7.30.jar to /tmp/gradle_download5740699992167199800bin
Found locally available resource with matching checksum: [http://nexus/repository/maven-group/org/springframework/spring-jcl/5.3.2/spring-jcl-5.3.2.jar, /****/.gradle/caches/modules-2/files-2.1/org.springframework/spring-jcl/5.3.2/5a9fc63ea825fe0de40cefd6d4985490ceabefbb/spring-jcl-5.3.2.jar]
Downloading http://nexus/repository/maven-group/ch/qos/logback/logback-core/1.2.3/logback-core-1.2.3.jar to /tmp/gradle_download3876661955417250406bin
Downloading http://nexus/repository/maven-group/org/slf4j/slf4j-api/1.7.30/slf4j-api-1.7.30.jar to /tmp/gradle_download17806902371565178582bin
Downloading http://nexus/repository/maven-group/org/apache/logging/log4j/log4j-api/2.13.3/log4j-api-2.13.3.jar to /tmp/gradle_download10804403800902272535bin
Caching disabled for task ':compileKotlin' because:
  Build cache is disabled
Task ':compileKotlin' is not up-to-date because:
  No history is available.
The input changes require a full rebuild for incremental task ':compileKotlin'.
file or directory '/workspace/source/src/main/java', not found
file or directory '/workspace/source/src/main/java', not found
file or directory '/workspace/source/src/main/java', not found
file or directory '/workspace/source/src/main/java', not found
Using Kotlin/JVM incremental compilation
i: starting the daemon as: /usr/lib/jvm/java-11-openjdk-11.0.9.11-2.el7_9.x86_64/bin/java -cp /****/.gradle/caches/modules-2/files-2.1/org.jetbrains.kotlin/kotlin-compiler-embeddable/1.4.21/87db94500aaf883536ae8c8efdee76bdc839d582/kotlin-compiler-embeddable-1.4.21.jar:/****/.gradle/caches/modules-2/files-2.1/org.jetbrains.kotlin/kotlin-reflect/1.4.21/748f681f4e3edbe9285ff46710c79049c70f4dfa/kotlin-reflect-1.4.21.jar:/****/.gradle/caches/modules-2/files-2.1/org.jetbrains.kotlin/kotlin-stdlib/1.4.21/4a668382d7c38688d3490afde93b6a113ed46698/kotlin-stdlib-1.4.21.jar:/****/.gradle/caches/modules-2/files-2.1/org.jetbrains.kotlin/kotlin-script-runtime/1.4.21/1247decba314790165b4fe94d09c45b09db6b07f/kotlin-script-runtime-1.4.21.jar:/****/.gradle/caches/modules-2/files-2.1/org.jetbrains.kotlin/kotlin-daemon-embeddable/1.4.21/bc95bcebdc871d45d9852b0c01abe9bec373bb52/kotlin-daemon-embeddable-1.4.21.jar:/****/.gradle/caches/modules-2/files-2.1/org.jetbrains.intellij.deps/trove4j/1.0.20181211/216c2e14b070f334479d800987affe4054cd563f/trove4j-1.0.20181211.jar:/****/.gradle/caches/modules-2/files-2.1/org.jetbrains.kotlin/kotlin-stdlib-common/1.4.21/7f48a062aa4b53215998780f7c245a4276828e1d/kotlin-stdlib-common-1.4.21.jar:/****/.gradle/caches/modules-2/files-2.1/org.jetbrains/annotations/13.0/919f0dfe192fb4e063e7dacadee7f8bb9a2672a9/annotations-13.0.jar -Djava.awt.headless=true -Djava.rmi.server.hostname=127.0.0.1 -Xmx512m -XX:MaxMetaspaceSize=256m -Dkotlin.environment.keepalive -ea org.jetbrains.kotlin.daemon.KotlinCompileDaemon --daemon-runFilesPath /****/.kotlin/daemon --daemon-autoshutdownIdleSeconds=7200 --daemon-compilerClasspath /****/.gradle/caches/modules-2/files-2.1/org.jetbrains.kotlin/kotlin-compiler-embeddable/1.4.21/87db94500aaf883536ae8c8efdee76bdc839d582/kotlin-compiler-embeddable-1.4.21.jar:/****/.gradle/caches/modules-2/files-2.1/org.jetbrains.kotlin/kotlin-reflect/1.4.21/748f681f4e3edbe9285ff46710c79049c70f4dfa/kotlin-reflect-1.4.21.jar:/****/.gradle/caches/modules-2/files-2.1/org.jetbrains.kotlin/kotlin-stdlib/1.4.21/4a668382d7c38688d3490afde93b6a113ed46698/kotlin-stdlib-1.4.21.jar:/****/.gradle/caches/modules-2/files-2.1/org.jetbrains.kotlin/kotlin-script-runtime/1.4.21/1247decba314790165b4fe94d09c45b09db6b07f/kotlin-script-runtime-1.4.21.jar:/****/.gradle/caches/modules-2/files-2.1/org.jetbrains.kotlin/kotlin-daemon-embeddable/1.4.21/bc95bcebdc871d45d9852b0c01abe9bec373bb52/kotlin-daemon-embeddable-1.4.21.jar:/****/.gradle/caches/modules-2/files-2.1/org.jetbrains.intellij.deps/trove4j/1.0.20181211/216c2e14b070f334479d800987affe4054cd563f/trove4j-1.0.20181211.jar:/****/.gradle/caches/modules-2/files-2.1/org.jetbrains.kotlin/kotlin-stdlib-common/1.4.21/7f48a062aa4b53215998780f7c245a4276828e1d/kotlin-stdlib-common-1.4.21.jar:/****/.gradle/caches/modules-2/files-2.1/org.jetbrains/annotations/13.0/919f0dfe192fb4e063e7dacadee7f8bb9a2672a9/annotations-13.0.jar
i: Received the message signalling that the daemon is ready
i: new daemon started, trying to find it
i: found daemon on port 17601 (101 ms old), trying to connect
i: connected to the daemon
Options for KOTLIN DAEMON: IncrementalCompilationOptions(super=CompilationOptions(compilerMode=INCREMENTAL_COMPILER, targetPlatform=JVM, reportCategories=[0], reportSeverity=2, requestedCompilationResults=[0]kotlinScriptExtensions=[kt, kts, java]), areFileChangesKnown=false, modifiedFiles=null, deletedFiles=null, workingDir=/workspace/source/build/kotlin/compileKotlin, multiModuleICSettings=MultiModuleICSettings(buildHistoryFile=/workspace/source/build/kotlin/compileKotlin/build-history.bin, useModuleDetection=false), usePreciseJavaTracking=trueoutputFiles=[/workspace/source/build/classes/kotlin/main, /workspace/source/build/kotlin/compileKotlin])
:compileKotlin (Thread[Daemon worker,5,main]) completed. Took 17.266 secs.
:compileJava (Thread[Daemon worker,5,main]) started.

> Task :compileJava NO-SOURCE
file or directory '/workspace/source/src/main/java', not found
Skipping task ':compileJava' as it has no source files and no previous output files.
:compileJava (Thread[Daemon worker,5,main]) completed. Took 0.006 secs.
:processResources (Thread[Daemon worker,5,main]) started.

> Task :processResources
Caching disabled for task ':processResources' because:
  Build cache is disabled
Task ':processResources' is not up-to-date because:
  No history is available.
:processResources (Thread[Daemon worker,5,main]) completed. Took 0.03 secs.
:classes (Thread[Daemon worker,5,main]) started.

> Task :classes
Skipping task ':classes' as it has no actions.
:classes (Thread[Daemon worker,5,main]) completed. Took 0.001 secs.
:bootJarMainClassName (Thread[Daemon worker,5,main]) started.

> Task :bootJarMainClassName
Excluding []
Excluding []
Excluding []
Caching disabled for task ':bootJarMainClassName' because:
  Build cache is disabled
Task ':bootJarMainClassName' is not up-to-date because:
  No history is available.
:bootJarMainClassName (Thread[Daemon worker,5,main]) completed. Took 0.359 secs.
:bootJar (Thread[Daemon worker,5,main]) started.

> Task :bootJar SKIPPED
Skipping task ':bootJar' as task onlyIf is false.
:bootJar (Thread[Daemon worker,5,main]) completed. Took 0.0 secs.
:inspectClassesForKotlinIC (Thread[Daemon worker,5,main]) started.

> Task :inspectClassesForKotlinIC
Caching disabled for task ':inspectClassesForKotlinIC' because:
  Build cache is disabled
Task ':inspectClassesForKotlinIC' is not up-to-date because:
  No history is available.
file or directory '/workspace/source/build/classes/java/main', not found
:inspectClassesForKotlinIC (Thread[Daemon worker,5,main]) completed. Took 0.009 secs.
:jar (Thread[Daemon worker,5,main]) started.

> Task :jar
file or directory '/workspace/source/build/classes/java/main', not found
Caching disabled for task ':jar' because:
  Build cache is disabled
Task ':jar' is not up-to-date because:
  No history is available.
file or directory '/workspace/source/build/classes/java/main', not found
:jar (Thread[Daemon worker,5,main]) completed. Took 0.08 secs.
:assemble (Thread[Daemon worker,5,main]) started.

> Task :assemble
Skipping task ':assemble' as it has no actions.
:assemble (Thread[Daemon worker,5,main]) completed. Took 0.0 secs.
:compileTestKotlin (Thread[Daemon worker,5,main]) started.

> Task :compileTestKotlin NO-SOURCE
file or directory '/workspace/source/src/test/kotlin', not found
file or directory '/workspace/source/src/test/java', not found
Skipping task ':compileTestKotlin' as it has no source files and no previous output files.
:compileTestKotlin (Thread[Daemon worker,5,main]) completed. Took 0.002 secs.
:compileTestJava (Thread[Daemon worker,5,main]) started.

> Task :compileTestJava NO-SOURCE
file or directory '/workspace/source/src/test/java', not found
Skipping task ':compileTestJava' as it has no source files and no previous output files.
:compileTestJava (Thread[Daemon worker,5,main]) completed. Took 0.003 secs.
:processTestResources (Thread[Daemon worker,5,main]) started.

> Task :processTestResources NO-SOURCE
file or directory '/workspace/source/src/test/resources', not found
Skipping task ':processTestResources' as it has no source files and no previous output files.
:processTestResources (Thread[Daemon worker,5,main]) completed. Took 0.002 secs.
:testClasses (Thread[Daemon worker,5,main]) started.

> Task :testClasses UP-TO-DATE
Skipping task ':testClasses' as it has no actions.
:testClasses (Thread[Daemon worker,5,main]) completed. Took 0.0 secs.
:test (Thread[Daemon worker,5,main]) started.

> Task :test NO-SOURCE
file or directory '/workspace/source/build/classes/java/test', not found
file or directory '/workspace/source/build/classes/kotlin/test', not found
Skipping task ':test' as it has no source files and no previous output files.
:test (Thread[Daemon worker,5,main]) completed. Took 0.018 secs.
:check (Thread[Daemon worker,5,main]) started.

> Task :check UP-TO-DATE
Skipping task ':check' as it has no actions.
:check (Thread[Daemon worker,5,main]) completed. Took 0.0 secs.
:build (Thread[Daemon worker,5,main]) started.

> Task :build
Skipping task ':build' as it has no actions.
:build (Thread[Daemon worker,5,main]) completed. Took 0.0 secs.
:generateMetadataFileForMavenPublication (Thread[Daemon worker,5,main]) started.

> Task :generateMetadataFileForMavenPublication
Caching disabled for task ':generateMetadataFileForMavenPublication' because:
  Build cache is disabled
Task ':generateMetadataFileForMavenPublication' is not up-to-date because:
  Task.upToDateWhen is false.
:generateMetadataFileForMavenPublication (Thread[Daemon worker,5,main]) completed. Took 0.076 secs.
:generatePomFileForMavenPublication (Thread[Daemon worker,5,main]) started.

> Task :generatePomFileForMavenPublication
Caching disabled for task ':generatePomFileForMavenPublication' because:
  Build cache is disabled
Task ':generatePomFileForMavenPublication' is not up-to-date because:
  Task.upToDateWhen is false.
:generatePomFileForMavenPublication (Thread[Daemon worker,5,main]) completed. Took 0.916 secs.
:publishMavenPublicationToMavenRepository (Thread[Daemon worker,5,main]) started.

> Task :publishMavenPublicationToMavenRepository
Caching disabled for task ':publishMavenPublicationToMavenRepository' because:
  Build cache is disabled
Task ':publishMavenPublicationToMavenRepository' is not up-to-date because:
  Task has not declared any outputs despite executing actions.
Publishing to repository 'maven' (http://nexus/repository/maven-releases/)
Uploading model-0.0.3.jar to /repository/maven-releases/com/simonjamesrowe/model/0.0.3/model-0.0.3.jar
Uploading model-0.0.3.pom to /repository/maven-releases/com/simonjamesrowe/model/0.0.3/model-0.0.3.pom
Uploading model-0.0.3.module to /repository/maven-releases/com/simonjamesrowe/model/0.0.3/model-0.0.3.module
Uploading maven-metadata.xml to /repository/maven-releases/com/simonjamesrowe/model/maven-metadata.xml
Cannot upload checksum for module-maven-metadata.xml. Remote repository doesn't support sha-256. Error: Could not PUT 'http://nexus/repository/maven-releases/com/simonjamesrowe/model/maven-metadata.xml.sha256'. Received status code 400 from server: Bad Request
Cannot upload checksum for module-maven-metadata.xml. Remote repository doesn't support sha-512. Error: Could not PUT 'http://nexus/repository/maven-releases/com/simonjamesrowe/model/maven-metadata.xml.sha512'. Received status code 400 from server: Bad Request
:publishMavenPublicationToMavenRepository (Thread[Daemon worker,5,main]) completed. Took 0.432 secs.
:publish (Thread[Daemon worker,5,main]) started.

> Task :publish
Skipping task ':publish' as it has no actions.
:publish (Thread[Daemon worker,5,main]) completed. Took 0.0 secs.

Deprecated Gradle features were used in this build, making it incompatible with Gradle 7.0.
Use '--warning-mode all' to show the individual deprecation warnings.
See https://docs.gradle.org/6.5.1/userguide/command_line_interface.html#sec:command_line_warnings

BUILD SUCCESSFUL in 2m 14s
9 actionable tasks: 8 executed, 1 up-to-date
