
Showing logs for build [32msimonjamesrowe-model-master-rel-bcgvc-4[0m stage [32mfrom-build-pack[0m and container [32mcredential-initializer[0m
{"level":"info","ts":1609921537.184457,"caller":"creds-init/main.go:44","msg":"Credentials initialized."}

Showing logs for build [32msimonjamesrowe-model-master-rel-bcgvc-4[0m stage [32mfrom-build-pack[0m and container [32mworking-dir-initializer[0m

Showing logs for build [32msimonjamesrowe-model-master-rel-bcgvc-4[0m stage [32mfrom-build-pack[0m and container [32mplace-tools[0m

Showing logs for build [32msimonjamesrowe-model-master-rel-bcgvc-4[0m stage [32mfrom-build-pack[0m and container [32mstep-git-source-simonjamesrowe-model-master-rel-bcgvc-nhbp4[0m
{"level":"info","ts":1609921543.2007918,"caller":"git/git.go:105","msg":"Successfully cloned https://github.com/simonjamesrowe/model.git @ v0.0.4 in path /workspace/source"}
{"level":"warn","ts":1609921543.200951,"caller":"git/git.go:152","msg":"Unexpected error: creating symlink: symlink /tekton/home/.ssh /****/.ssh: file exists"}
{"level":"info","ts":1609921543.2536168,"caller":"git/git.go:133","msg":"Successfully initialized and updated submodules in path /workspace/source"}

Showing logs for build [32msimonjamesrowe-model-master-rel-bcgvc-4[0m stage [32mfrom-build-pack[0m and container [32mstep-setup-builder-home[0m

Showing logs for build [32msimonjamesrowe-model-master-rel-bcgvc-4[0m stage [32mfrom-build-pack[0m and container [32mstep-git-merge[0m
Using SHAs from PULL_REFS=master:faea1bb69207b54f38145cc8a364f46ca66dc82c
WARNING: no SHAs to merge, falling back to initial cloned commit

Showing logs for build [32msimonjamesrowe-model-master-rel-bcgvc-4[0m stage [32mfrom-build-pack[0m and container [32mstep-setup-jx-git-credentials[0m
Generated Git credentials file /workspace/xdg_config/git/credentials

Showing logs for build [32msimonjamesrowe-model-master-rel-bcgvc-4[0m stage [32mfrom-build-pack[0m and container [32mstep-build-gradle-build[0m
Initialized native services in: /****/.gradle/native
Removing 0 daemon stop events from registry
Starting a Gradle Daemon (subsequent builds will be faster)
Starting process 'Gradle build daemon'. Working directory: /****/.gradle/daemon/6.5.1 Command: /usr/lib/jvm/java-11-openjdk-11.0.9.11-2.el7_9.x86_64/bin/java --add-opens java.base/java.util=ALL-UNNAMED --add-opens java.base/java.lang=ALL-UNNAMED --add-opens java.base/java.lang.invoke=ALL-UNNAMED --add-opens java.prefs/java.util.prefs=ALL-UNNAMED -XX:MaxMetaspaceSize=256m -XX:+HeapDumpOnOutOfMemoryError -Xms256m -Xmx512m -Dfile.encoding=UTF-8 -Duser.country=US -Duser.language=en -Duser.variant -cp /opt/gradle/lib/gradle-launcher-6.5.1.jar org.gradle.launcher.daemon.bootstrap.GradleDaemon 6.5.1
Successfully started process 'Gradle build daemon'
An attempt to start the daemon took 2.699 secs.
The client will now receive all logging from the daemon (pid: 50). The daemon log file: /****/.gradle/daemon/6.5.1/daemon-50.out.log
Starting build in new daemon [memory: 519.0 MB]
Closing daemon's stdin at end of input.
The daemon will no longer process any standard input.
Using 1 worker leases.
Starting Build
Compiling initialization script '/home/jenkins/.gradle/init.gradle' using SubsetScriptTransformer.
Compiling initialization script '/home/jenkins/.gradle/init.gradle' using BuildScriptTransformer.
Generating /****/.gradle/caches/6.5.1/generated-gradle-jars/gradle-api-6.5.1.jar
w: /tmp/gradle-kotlin-dsl-extensions-6.514144970966196259961114486119392888022631jar/org/gradle/kotlin/dsl/GradleApiKotlinDslExtensions23.kt:40:47: 'VariantTransform' is deprecated. Deprecated in Java
w: /tmp/gradle-kotlin-dsl-extensions-6.514144970966196259961114486119392888022631jar/org/gradle/kotlin/dsl/GradleApiKotlinDslExtensions23.kt:40:153: 'ArtifactTransform' is deprecated. Deprecated in Java
w: /tmp/gradle-kotlin-dsl-extensions-6.514144970966196259961114486119392888022631jar/org/gradle/kotlin/dsl/GradleApiKotlinDslExtensions23.kt:50:47: 'VariantTransform' is deprecated. Deprecated in Java
w: /tmp/gradle-kotlin-dsl-extensions-6.514144970966196259961114486119392888022631jar/org/gradle/kotlin/dsl/GradleApiKotlinDslExtensions23.kt:50:153: 'ArtifactTransform' is deprecated. Deprecated in Java
w: /tmp/gradle-kotlin-dsl-extensions-6.514144970966196259961114486119392888022631jar/org/gradle/kotlin/dsl/GradleApiKotlinDslExtensions41.kt:50:5: 'local(Class<T!>!): T!' is deprecated. Deprecated in Java
w: /tmp/gradle-kotlin-dsl-extensions-6.514144970966196259961114486119392888022631jar/org/gradle/kotlin/dsl/GradleApiKotlinDslExtensions41.kt:60:5: 'local(Class<T!>!, Action<in T!>!): T!' is deprecated. Deprecated in Java
w: /tmp/gradle-kotlin-dsl-extensions-6.514144970966196259961114486119392888022631jar/org/gradle/kotlin/dsl/GradleApiKotlinDslExtensions48.kt:41:5: 'submit(Class<out Runnable!>!, Action<in WorkerConfiguration!>!): Unit' is deprecated. Deprecated in Java
w: /tmp/gradle-kotlin-dsl-extensions-6.514144970966196259961114486119392888022631jar/org/gradle/kotlin/dsl/GradleApiKotlinDslExtensions56.kt:39:151: 'GroovyMavenDeployer' is deprecated. Deprecated in Java
w: /tmp/gradle-kotlin-dsl-extensions-6.514144970966196259961114486119392888022631jar/org/gradle/kotlin/dsl/GradleApiKotlinDslExtensions56.kt:48:194: 'GroovyMavenDeployer' is deprecated. Deprecated in Java
w: /tmp/gradle-kotlin-dsl-extensions-6.514144970966196259961114486119392888022631jar/org/gradle/kotlin/dsl/GradleApiKotlinDslExtensions56.kt:48:248: 'GroovyMavenDeployer' is deprecated. Deprecated in Java
w: /tmp/gradle-kotlin-dsl-extensions-6.514144970966196259961114486119392888022631jar/org/gradle/kotlin/dsl/GradleApiKotlinDslExtensions56.kt:57:152: 'MavenResolver' is deprecated. Deprecated in Java
w: /tmp/gradle-kotlin-dsl-extensions-6.514144970966196259961114486119392888022631jar/org/gradle/kotlin/dsl/GradleApiKotlinDslExtensions56.kt:66:195: 'MavenResolver' is deprecated. Deprecated in Java
w: /tmp/gradle-kotlin-dsl-extensions-6.514144970966196259961114486119392888022631jar/org/gradle/kotlin/dsl/GradleApiKotlinDslExtensions56.kt:66:243: 'MavenResolver' is deprecated. Deprecated in Java
Settings evaluated using settings file '/workspace/source/settings.gradle.kts'.
Projects loaded. Root project using build file '/workspace/source/build.gradle.kts'.
Included projects: [**** project 'model']

> Configure project :
Evaluating **** project 'model' using build file '/workspace/source/build.gradle.kts'.
Downloading https://plugins.gradle.org/m2/org/springframework/boot/org.springframework.boot.gradle.plugin/2.4.1/org.springframework.boot.gradle.plugin-2.4.1.pom to /tmp/gradle_download9769501943525277011bin
Resource missing. [HTTP HEAD: https://plugins.gradle.org/m2/org/springframework/boot/org.springframework.boot.gradle.plugin/2.4.1/org.springframework.boot.gradle.plugin-2.4.1.jar]
Downloading https://plugins.gradle.org/m2/io/spring/dependency-management/io.spring.dependency-management.gradle.plugin/1.0.10.RELEASE/io.spring.dependency-management.gradle.plugin-1.0.10.RELEASE.pom to /tmp/gradle_download13298384547351941004bin
Resource missing. [HTTP HEAD: https://plugins.gradle.org/m2/io/spring/dependency-management/io.spring.dependency-management.gradle.plugin/1.0.10.RELEASE/io.spring.dependency-management.gradle.plugin-1.0.10.RELEASE.jar]
Downloading https://plugins.gradle.org/m2/org/jetbrains/kotlin/jvm/org.jetbrains.kotlin.jvm.gradle.plugin/1.4.21/org.jetbrains.kotlin.jvm.gradle.plugin-1.4.21.pom to /tmp/gradle_download8986134561463266876bin
Resource missing. [HTTP HEAD: https://plugins.gradle.org/m2/org/jetbrains/kotlin/jvm/org.jetbrains.kotlin.jvm.gradle.plugin/1.4.21/org.jetbrains.kotlin.jvm.gradle.plugin-1.4.21.jar]
Downloading https://plugins.gradle.org/m2/org/jetbrains/kotlin/plugin/spring/org.jetbrains.kotlin.plugin.spring.gradle.plugin/1.4.21/org.jetbrains.kotlin.plugin.spring.gradle.plugin-1.4.21.pom to /tmp/gradle_download11864604185716913251bin
Resource missing. [HTTP HEAD: https://plugins.gradle.org/m2/org/jetbrains/kotlin/plugin/spring/org.jetbrains.kotlin.plugin.spring.gradle.plugin/1.4.21/org.jetbrains.kotlin.plugin.spring.gradle.plugin-1.4.21.jar]
Downloading https://plugins.gradle.org/m2/org/springframework/boot/spring-boot-gradle-plugin/2.4.1/spring-boot-gradle-plugin-2.4.1.pom to /tmp/gradle_download4262960568034758755bin
Downloading https://plugins.gradle.org/m2/org/springframework/boot/spring-boot-gradle-plugin/2.4.1/spring-boot-gradle-plugin-2.4.1.module to /tmp/gradle_download1621479510584664939bin
Downloading https://plugins.gradle.org/m2/io/spring/gradle/dependency-management-plugin/1.0.10.RELEASE/dependency-management-plugin-1.0.10.RELEASE.pom to /tmp/gradle_download13085116324381832813bin
Downloading https://plugins.gradle.org/m2/org/jetbrains/kotlin/kotlin-gradle-plugin/1.4.21/kotlin-gradle-plugin-1.4.21.pom to /tmp/gradle_download3166211189993688405bin
Downloading https://plugins.gradle.org/m2/org/jetbrains/kotlin/kotlin-allopen/1.4.21/kotlin-allopen-1.4.21.pom to /tmp/gradle_download15828645882329092040bin
Downloading https://plugins.gradle.org/m2/org/springframework/boot/spring-boot-buildpack-platform/2.4.1/spring-boot-buildpack-platform-2.4.1.pom to /tmp/gradle_download8546317594470469783bin
Downloading https://plugins.gradle.org/m2/org/springframework/boot/spring-boot-buildpack-platform/2.4.1/spring-boot-buildpack-platform-2.4.1.module to /tmp/gradle_download16045121200221978475bin
Downloading https://plugins.gradle.org/m2/org/apache/commons/commons-compress/1.20/commons-compress-1.20.pom to /tmp/gradle_download5757053237099630472bin
Downloading https://plugins.gradle.org/m2/org/apache/commons/commons-parent/48/commons-parent-48.pom to /tmp/gradle_download3873191518817962817bin
Downloading https://plugins.gradle.org/m2/org/apache/apache/21/apache-21.pom to /tmp/gradle_download11653738907488178901bin
Downloading https://plugins.gradle.org/m2/org/springframework/spring-core/5.3.2/spring-core-5.3.2.pom to /tmp/gradle_download6283127129640557370bin
Downloading https://plugins.gradle.org/m2/org/springframework/spring-core/5.3.2/spring-core-5.3.2.module to /tmp/gradle_download13012182053207219604bin
Downloading https://plugins.gradle.org/m2/org/springframework/boot/spring-boot-loader-tools/2.4.1/spring-boot-loader-tools-2.4.1.pom to /tmp/gradle_download15530750647882027856bin
Downloading https://plugins.gradle.org/m2/org/springframework/boot/spring-boot-loader-tools/2.4.1/spring-boot-loader-tools-2.4.1.module to /tmp/gradle_download15966436127194806842bin
Downloading https://plugins.gradle.org/m2/org/jetbrains/kotlin/kotlin-gradle-plugin-api/1.4.21/kotlin-gradle-plugin-api-1.4.21.pom to /tmp/gradle_download14229980157615354665bin
Downloading https://plugins.gradle.org/m2/org/jetbrains/kotlin/kotlin-util-klib/1.4.21/kotlin-util-klib-1.4.21.pom to /tmp/gradle_download17666573274929222733bin
Downloading https://plugins.gradle.org/m2/com/google/code/gson/gson/2.8.6/gson-2.8.6.pom to /tmp/gradle_download17179306231386719789bin
Downloading https://plugins.gradle.org/m2/com/google/code/gson/gson-parent/2.8.6/gson-parent-2.8.6.pom to /tmp/gradle_download7628655838956693482bin
Downloading https://plugins.gradle.org/m2/org/sonatype/oss/oss-parent/7/oss-parent-7.pom to /tmp/gradle_download10696803929307532487bin
Downloading https://plugins.gradle.org/m2/de/undercouch/gradle-download-task/4.0.2/gradle-download-task-4.0.2.pom to /tmp/gradle_download2997935522281255901bin
Downloading https://plugins.gradle.org/m2/com/github/gundy/semver4j/0.16.4/semver4j-0.16.4.pom to /tmp/gradle_download10297746927753686422bin
Downloading https://plugins.gradle.org/m2/org/jetbrains/kotlin/kotlin-compiler-embeddable/1.4.21/kotlin-compiler-embeddable-1.4.21.pom to /tmp/gradle_download15984863103013103915bin
Downloading https://plugins.gradle.org/m2/org/jetbrains/kotlin/kotlin-annotation-processing-gradle/1.4.21/kotlin-annotation-processing-gradle-1.4.21.pom to /tmp/gradle_download1645466155357470715bin
Downloading https://plugins.gradle.org/m2/org/jetbrains/kotlin/kotlin-android-extensions/1.4.21/kotlin-android-extensions-1.4.21.pom to /tmp/gradle_download12840983044137873327bin
Downloading https://plugins.gradle.org/m2/org/jetbrains/kotlin/kotlin-compiler-runner/1.4.21/kotlin-compiler-runner-1.4.21.pom to /tmp/gradle_download1910512011492917091bin
Downloading https://plugins.gradle.org/m2/org/jetbrains/kotlin/kotlin-scripting-compiler-embeddable/1.4.21/kotlin-scripting-compiler-embeddable-1.4.21.pom to /tmp/gradle_download3466432672062654491bin
Downloading https://plugins.gradle.org/m2/org/jetbrains/kotlin/kotlin-scripting-compiler-impl-embeddable/1.4.21/kotlin-scripting-compiler-impl-embeddable-1.4.21.pom to /tmp/gradle_download6556336344484593308bin
Downloading https://plugins.gradle.org/m2/org/jetbrains/kotlin/kotlin-gradle-plugin-model/1.4.21/kotlin-gradle-plugin-model-1.4.21.pom to /tmp/gradle_download4134343926125256655bin
Downloading https://plugins.gradle.org/m2/org/jetbrains/kotlin/kotlin-stdlib/1.3.72/kotlin-stdlib-1.3.72.pom to /tmp/gradle_download17446271785404708635bin
Downloading https://plugins.gradle.org/m2/org/jetbrains/kotlin/kotlin-reflect/1.3.72/kotlin-reflect-1.3.72.pom to /tmp/gradle_download17474006697328380868bin
Downloading https://plugins.gradle.org/m2/com/fasterxml/jackson/core/jackson-databind/2.11.3/jackson-databind-2.11.3.pom to /tmp/gradle_download10056990018320097919bin
Downloading https://plugins.gradle.org/m2/com/fasterxml/jackson/jackson-base/2.11.3/jackson-base-2.11.3.pom to /tmp/gradle_download4168396244401313726bin
Downloading https://plugins.gradle.org/m2/com/fasterxml/jackson/jackson-bom/2.11.3/jackson-bom-2.11.3.pom to /tmp/gradle_download5013285393485419630bin
Downloading https://plugins.gradle.org/m2/com/fasterxml/jackson/jackson-parent/2.11/jackson-parent-2.11.pom to /tmp/gradle_download2813945707295093395bin
Downloading https://plugins.gradle.org/m2/com/fasterxml/oss-parent/38/oss-parent-38.pom to /tmp/gradle_download8200410206727945402bin
Downloading https://plugins.gradle.org/m2/net/java/dev/jna/jna-platform/5.5.0/jna-platform-5.5.0.pom to /tmp/gradle_download13443768572085433921bin
Downloading https://plugins.gradle.org/m2/org/apache/httpcomponents/httpclient/4.5.13/httpclient-4.5.13.pom to /tmp/gradle_download10045958284607691990bin
Downloading https://plugins.gradle.org/m2/org/apache/httpcomponents/httpcomponents-client/4.5.13/httpcomponents-client-4.5.13.pom to /tmp/gradle_download5613330127121286723bin
Downloading https://plugins.gradle.org/m2/org/apache/httpcomponents/httpcomponents-parent/11/httpcomponents-parent-11.pom to /tmp/gradle_download12387645540482974469bin
Downloading https://plugins.gradle.org/m2/com/fasterxml/jackson/module/jackson-module-parameter-names/2.11.3/jackson-module-parameter-names-2.11.3.pom to /tmp/gradle_download574395553404519378bin
Downloading https://plugins.gradle.org/m2/com/fasterxml/jackson/module/jackson-modules-java8/2.11.3/jackson-modules-java8-2.11.3.pom to /tmp/gradle_download11533456551458103170bin
Downloading https://plugins.gradle.org/m2/org/springframework/spring-jcl/5.3.2/spring-jcl-5.3.2.pom to /tmp/gradle_download13541263886118513978bin
Downloading https://plugins.gradle.org/m2/org/springframework/spring-jcl/5.3.2/spring-jcl-5.3.2.module to /tmp/gradle_download7009029534489492649bin
Downloading https://plugins.gradle.org/m2/org/jetbrains/kotlin/kotlin-util-io/1.4.21/kotlin-util-io-1.4.21.pom to /tmp/gradle_download4678904728229721600bin
Downloading https://plugins.gradle.org/m2/org/antlr/antlr4-runtime/4.5.2-1/antlr4-runtime-4.5.2-1.pom to /tmp/gradle_download9857063908574327617bin
Downloading https://plugins.gradle.org/m2/org/antlr/antlr4-master/4.5.2-1/antlr4-master-4.5.2-1.pom to /tmp/gradle_download9444771887953692556bin
Downloading https://plugins.gradle.org/m2/org/sonatype/oss/oss-parent/9/oss-parent-9.pom to /tmp/gradle_download7349832961261700259bin
Downloading https://plugins.gradle.org/m2/org/jetbrains/kotlin/kotlin-script-runtime/1.4.21/kotlin-script-runtime-1.4.21.pom to /tmp/gradle_download547394630670507419bin
Downloading https://plugins.gradle.org/m2/org/jetbrains/intellij/deps/trove4j/1.0.20181211/trove4j-1.0.20181211.pom to /tmp/gradle_download7906093164844668971bin
Downloading https://plugins.gradle.org/m2/org/jetbrains/kotlin/kotlin-daemon-embeddable/1.4.21/kotlin-daemon-embeddable-1.4.21.pom to /tmp/gradle_download932809593064635060bin
Downloading https://plugins.gradle.org/m2/org/jetbrains/kotlin/kotlin-build-common/1.4.21/kotlin-build-common-1.4.21.pom to /tmp/gradle_download12189727146297245036bin
Downloading https://plugins.gradle.org/m2/org/jetbrains/kotlinx/kotlinx-coroutines-core/1.3.7/kotlinx-coroutines-core-1.3.7.pom to /tmp/gradle_download6646672246538337834bin
Downloading https://plugins.gradle.org/m2/org/jetbrains/kotlin/kotlin-daemon-client/1.4.21/kotlin-daemon-client-1.4.21.pom to /tmp/gradle_download5963722155975560642bin
Downloading https://plugins.gradle.org/m2/org/jetbrains/kotlin/kotlin-scripting-common/1.4.21/kotlin-scripting-common-1.4.21.pom to /tmp/gradle_download1535523231994143465bin
Downloading https://plugins.gradle.org/m2/org/jetbrains/kotlin/kotlin-scripting-jvm/1.4.21/kotlin-scripting-jvm-1.4.21.pom to /tmp/gradle_download10148896101540678255bin
Downloading https://plugins.gradle.org/m2/org/jetbrains/kotlin/kotlin-stdlib-common/1.3.72/kotlin-stdlib-common-1.3.72.pom to /tmp/gradle_download5778586508223643514bin
Downloading https://plugins.gradle.org/m2/org/jetbrains/annotations/13.0/annotations-13.0.pom to /tmp/gradle_download11419203321549109683bin
Downloading https://plugins.gradle.org/m2/com/fasterxml/jackson/core/jackson-annotations/2.11.3/jackson-annotations-2.11.3.pom to /tmp/gradle_download16061399036608040225bin
Downloading https://plugins.gradle.org/m2/com/fasterxml/jackson/core/jackson-core/2.11.3/jackson-core-2.11.3.pom to /tmp/gradle_download4707645968286197703bin
Downloading https://plugins.gradle.org/m2/net/java/dev/jna/jna/5.5.0/jna-5.5.0.pom to /tmp/gradle_download89396475742503010bin
Downloading https://plugins.gradle.org/m2/org/apache/httpcomponents/httpcore/4.4.13/httpcore-4.4.13.pom to /tmp/gradle_download18149233133003612266bin
Downloading https://plugins.gradle.org/m2/org/apache/httpcomponents/httpcomponents-core/4.4.13/httpcomponents-core-4.4.13.pom to /tmp/gradle_download10385204833669729529bin
Downloading https://plugins.gradle.org/m2/commons-codec/commons-codec/1.11/commons-codec-1.11.pom to /tmp/gradle_download6676691410629144462bin
Downloading https://plugins.gradle.org/m2/org/apache/commons/commons-parent/42/commons-parent-42.pom to /tmp/gradle_download1218820853830830343bin
Downloading https://plugins.gradle.org/m2/org/apache/apache/18/apache-18.pom to /tmp/gradle_download2036837949567753975bin
Downloading https://plugins.gradle.org/m2/commons-logging/commons-logging/1.2/commons-logging-1.2.pom to /tmp/gradle_download7590851106053891062bin
Downloading https://plugins.gradle.org/m2/org/apache/commons/commons-parent/34/commons-parent-34.pom to /tmp/gradle_download8621756020483198525bin
Downloading https://plugins.gradle.org/m2/org/apache/apache/13/apache-13.pom to /tmp/gradle_download8077878862246783484bin
Downloading https://plugins.gradle.org/m2/org/jetbrains/kotlin/kotlin-gradle-plugin/1.4.21/kotlin-gradle-plugin-1.4.21.jar to /tmp/gradle_download5578257410656361564bin
Downloading https://plugins.gradle.org/m2/org/jetbrains/kotlin/kotlin-gradle-plugin-api/1.4.21/kotlin-gradle-plugin-api-1.4.21.jar to /tmp/gradle_download9251285144275612862bin
Downloading https://plugins.gradle.org/m2/org/jetbrains/kotlin/kotlin-gradle-plugin-model/1.4.21/kotlin-gradle-plugin-model-1.4.21.jar to /tmp/gradle_download14200495289089955155bin
Downloading https://plugins.gradle.org/m2/org/jetbrains/kotlin/kotlin-util-klib/1.4.21/kotlin-util-klib-1.4.21.jar to /tmp/gradle_download17391847565395205368bin
Downloading https://plugins.gradle.org/m2/org/jetbrains/kotlin/kotlin-annotation-processing-gradle/1.4.21/kotlin-annotation-processing-gradle-1.4.21.jar to /tmp/gradle_download12567099652360963561bin
Downloading https://plugins.gradle.org/m2/org/jetbrains/kotlin/kotlin-android-extensions/1.4.21/kotlin-android-extensions-1.4.21.jar to /tmp/gradle_download12447730123453915723bin
Downloading https://plugins.gradle.org/m2/org/jetbrains/kotlin/kotlin-compiler-runner/1.4.21/kotlin-compiler-runner-1.4.21.jar to /tmp/gradle_download6123513619498709003bin
Downloading https://plugins.gradle.org/m2/org/jetbrains/kotlin/kotlin-compiler-embeddable/1.4.21/kotlin-compiler-embeddable-1.4.21.jar to /tmp/gradle_download8797693104055552267bin
Downloading https://plugins.gradle.org/m2/org/jetbrains/kotlin/kotlin-scripting-compiler-embeddable/1.4.21/kotlin-scripting-compiler-embeddable-1.4.21.jar to /tmp/gradle_download6922670240935284768bin
Downloading https://plugins.gradle.org/m2/org/jetbrains/kotlin/kotlin-scripting-compiler-impl-embeddable/1.4.21/kotlin-scripting-compiler-impl-embeddable-1.4.21.jar to /tmp/gradle_download2026727078556509708bin
Downloading https://plugins.gradle.org/m2/org/jetbrains/kotlin/kotlin-daemon-client/1.4.21/kotlin-daemon-client-1.4.21.jar to /tmp/gradle_download970941476545600300bin
Downloading https://plugins.gradle.org/m2/org/jetbrains/kotlin/kotlin-reflect/1.3.72/kotlin-reflect-1.3.72.jar to /tmp/gradle_download16014598596417156439bin
Downloading https://plugins.gradle.org/m2/org/jetbrains/kotlin/kotlin-util-io/1.4.21/kotlin-util-io-1.4.21.jar to /tmp/gradle_download13584546444753808893bin
Downloading https://plugins.gradle.org/m2/org/jetbrains/kotlin/kotlin-scripting-jvm/1.4.21/kotlin-scripting-jvm-1.4.21.jar to /tmp/gradle_download4635830496122984668bin
Downloading https://plugins.gradle.org/m2/org/jetbrains/kotlin/kotlin-scripting-common/1.4.21/kotlin-scripting-common-1.4.21.jar to /tmp/gradle_download7951626746086599338bin
Downloading https://plugins.gradle.org/m2/org/jetbrains/kotlinx/kotlinx-coroutines-core/1.3.7/kotlinx-coroutines-core-1.3.7.jar to /tmp/gradle_download16347596568858342492bin
Downloading https://plugins.gradle.org/m2/org/jetbrains/kotlin/kotlin-stdlib/1.3.72/kotlin-stdlib-1.3.72.jar to /tmp/gradle_download9403047771667388002bin
Downloading https://plugins.gradle.org/m2/org/jetbrains/kotlin/kotlin-stdlib-common/1.3.72/kotlin-stdlib-common-1.3.72.jar to /tmp/gradle_download3662397114850266072bin
Downloading https://plugins.gradle.org/m2/org/jetbrains/annotations/13.0/annotations-13.0.jar to /tmp/gradle_download2108491962078117232bin
Downloading https://plugins.gradle.org/m2/org/springframework/boot/spring-boot-gradle-plugin/2.4.1/spring-boot-gradle-plugin-2.4.1.jar to /tmp/gradle_download4315756937752950595bin
Downloading https://plugins.gradle.org/m2/io/spring/gradle/dependency-management-plugin/1.0.10.RELEASE/dependency-management-plugin-1.0.10.RELEASE.jar to /tmp/gradle_download15408611806067577092bin
Downloading https://plugins.gradle.org/m2/org/springframework/boot/spring-boot-buildpack-platform/2.4.1/spring-boot-buildpack-platform-2.4.1.jar to /tmp/gradle_download3706668213996064282bin
Downloading https://plugins.gradle.org/m2/org/springframework/boot/spring-boot-loader-tools/2.4.1/spring-boot-loader-tools-2.4.1.jar to /tmp/gradle_download17114346850238784261bin
Downloading https://plugins.gradle.org/m2/org/apache/commons/commons-compress/1.20/commons-compress-1.20.jar to /tmp/gradle_download13964230473240549635bin
Downloading https://plugins.gradle.org/m2/org/springframework/spring-core/5.3.2/spring-core-5.3.2.jar to /tmp/gradle_download11649957946367762770bin
Downloading https://plugins.gradle.org/m2/com/google/code/gson/gson/2.8.6/gson-2.8.6.jar to /tmp/gradle_download9343235112632682376bin
Downloading https://plugins.gradle.org/m2/de/undercouch/gradle-download-task/4.0.2/gradle-download-task-4.0.2.jar to /tmp/gradle_download16655648928955900030bin
Downloading https://plugins.gradle.org/m2/com/github/gundy/semver4j/0.16.4/semver4j-0.16.4.jar to /tmp/gradle_download5382648783357863275bin
Downloading https://plugins.gradle.org/m2/com/fasterxml/jackson/module/jackson-module-parameter-names/2.11.3/jackson-module-parameter-names-2.11.3.jar to /tmp/gradle_download2831230025364140778bin
Downloading https://plugins.gradle.org/m2/com/fasterxml/jackson/core/jackson-databind/2.11.3/jackson-databind-2.11.3.jar to /tmp/gradle_download9910933908804481567bin
Downloading https://plugins.gradle.org/m2/net/java/dev/jna/jna-platform/5.5.0/jna-platform-5.5.0.jar to /tmp/gradle_download11036082378912863349bin
Downloading https://plugins.gradle.org/m2/org/apache/httpcomponents/httpclient/4.5.13/httpclient-4.5.13.jar to /tmp/gradle_download5398044067572864614bin
Downloading https://plugins.gradle.org/m2/org/springframework/spring-jcl/5.3.2/spring-jcl-5.3.2.jar to /tmp/gradle_download18025996279587475885bin
Downloading https://plugins.gradle.org/m2/org/antlr/antlr4-runtime/4.5.2-1/antlr4-runtime-4.5.2-1.jar to /tmp/gradle_download17204770955376020252bin
Downloading https://plugins.gradle.org/m2/org/jetbrains/kotlin/kotlin-script-runtime/1.4.21/kotlin-script-runtime-1.4.21.jar to /tmp/gradle_download11905726293215820767bin
Downloading https://plugins.gradle.org/m2/org/jetbrains/kotlin/kotlin-daemon-embeddable/1.4.21/kotlin-daemon-embeddable-1.4.21.jar to /tmp/gradle_download10745276255766213168bin
Downloading https://plugins.gradle.org/m2/org/jetbrains/intellij/deps/trove4j/1.0.20181211/trove4j-1.0.20181211.jar to /tmp/gradle_download8205689572327945859bin
Downloading https://plugins.gradle.org/m2/org/jetbrains/kotlin/kotlin-build-common/1.4.21/kotlin-build-common-1.4.21.jar to /tmp/gradle_download16594516775805314880bin
Downloading https://plugins.gradle.org/m2/com/fasterxml/jackson/core/jackson-annotations/2.11.3/jackson-annotations-2.11.3.jar to /tmp/gradle_download2952147404144407bin
Downloading https://plugins.gradle.org/m2/com/fasterxml/jackson/core/jackson-core/2.11.3/jackson-core-2.11.3.jar to /tmp/gradle_download15422390422113542563bin
Downloading https://plugins.gradle.org/m2/net/java/dev/jna/jna/5.5.0/jna-5.5.0.jar to /tmp/gradle_download10485932584071201001bin
Downloading https://plugins.gradle.org/m2/org/apache/httpcomponents/httpcore/4.4.13/httpcore-4.4.13.jar to /tmp/gradle_download5961110165936709214bin
Downloading https://plugins.gradle.org/m2/commons-logging/commons-logging/1.2/commons-logging-1.2.jar to /tmp/gradle_download1251367376243135039bin
Downloading https://plugins.gradle.org/m2/commons-codec/commons-codec/1.11/commons-codec-1.11.jar to /tmp/gradle_download8242028240905113786bin
Downloading https://plugins.gradle.org/m2/org/jetbrains/kotlin/kotlin-allopen/1.4.21/kotlin-allopen-1.4.21.jar to /tmp/gradle_download14343962703869734169bin
Applying dependency management to configuration 'bootArchives' in project 'model'
Applying dependency management to configuration 'kotlinCompilerClasspath' in project 'model'
Applying dependency management to configuration 'kotlinCompilerPluginClasspath' in project 'model'
Applying dependency management to configuration 'kotlinNativeCompilerPluginClasspath' in project 'model'
Applying dependency management to configuration 'kotlinKlibCommonizerClasspath' in project 'model'
Applying dependency management to configuration 'archives' in project 'model'
Applying dependency management to configuration 'default' in project 'model'
Applying dependency management to configuration 'compile' in project 'model'
Applying dependency management to configuration 'implementation' in project 'model'
Applying dependency management to configuration 'runtime' in project 'model'
Applying dependency management to configuration 'compileOnly' in project 'model'
Applying dependency management to configuration 'compileClasspath' in project 'model'
Applying dependency management to configuration 'annotationProcessor' in project 'model'
Applying dependency management to configuration 'runtimeOnly' in project 'model'
Applying dependency management to configuration 'runtimeClasspath' in project 'model'
Applying dependency management to configuration 'testCompile' in project 'model'
Applying dependency management to configuration 'testImplementation' in project 'model'
Applying dependency management to configuration 'testRuntime' in project 'model'
Applying dependency management to configuration 'testCompileOnly' in project 'model'
Applying dependency management to configuration 'testCompileClasspath' in project 'model'
Applying dependency management to configuration 'testAnnotationProcessor' in project 'model'
Applying dependency management to configuration 'testRuntimeOnly' in project 'model'
Applying dependency management to configuration 'testRuntimeClasspath' in project 'model'
Applying dependency management to configuration 'apiElements' in project 'model'
Applying dependency management to configuration 'runtimeElements' in project 'model'
Applying dependency management to configuration 'developmentOnly' in project 'model'
Applying dependency management to configuration 'productionRuntimeClasspath' in project 'model'
Applying dependency management to configuration 'api' in project 'model'
Applying dependency management to configuration 'apiDependenciesMetadata' in project 'model'
Applying dependency management to configuration 'implementationDependenciesMetadata' in project 'model'
Applying dependency management to configuration 'compileOnlyDependenciesMetadata' in project 'model'
Applying dependency management to configuration 'runtimeOnlyDependenciesMetadata' in project 'model'
Applying dependency management to configuration 'testApi' in project 'model'
Applying dependency management to configuration 'testApiDependenciesMetadata' in project 'model'
Applying dependency management to configuration 'testImplementationDependenciesMetadata' in project 'model'
Applying dependency management to configuration 'testCompileOnlyDependenciesMetadata' in project 'model'
Applying dependency management to configuration 'testRuntimeOnlyDependenciesMetadata' in project 'model'
Applying dependency management to configuration 'kotlinScriptDef' in project 'model'
kotlin scripting plugin: created the scripting discovery configuration: kotlinScriptDef
Applying dependency management to configuration 'kotlinScriptDefExtensions' in project 'model'
Applying dependency management to configuration 'testKotlinScriptDef' in project 'model'
kotlin scripting plugin: created the scripting discovery configuration: testKotlinScriptDef
Applying dependency management to configuration 'testKotlinScriptDefExtensions' in project 'model'
Applying dependency management to configuration 'sourceArtifacts' in project 'model'
w: Runtime JAR files in the classpath should have the same version. These files were found in the classpath:
    /opt/gradle/lib/kotlin-stdlib-1.3.72.jar (version 1.3)
    /opt/gradle/lib/kotlin-stdlib-common-1.3.72.jar (version 1.3)
    /opt/gradle/lib/kotlin-stdlib-jdk7-1.3.72.jar (version 1.3)
    /opt/gradle/lib/kotlin-stdlib-jdk8-1.3.72.jar (version 1.3)
    /opt/gradle/lib/kotlin-reflect-1.3.72.jar (version 1.3)
    /****/.gradle/caches/modules-2/files-2.1/org.jetbrains.kotlin/kotlin-reflect/1.3.72/86613e1a669a701b0c660bfd2af4f82a7ae11fca/kotlin-reflect-1.3.72.jar (version 1.3)
    /****/.gradle/caches/modules-2/files-2.1/org.jetbrains.kotlin/kotlin-stdlib/1.3.72/8032138f12c0180bc4e51fe139d4c52b46db6109/kotlin-stdlib-1.3.72.jar (version 1.3)
    /****/.gradle/caches/modules-2/files-2.1/org.jetbrains.kotlin/kotlin-stdlib-common/1.3.72/6ca8bee3d88957eaaaef077c41c908c9940492d8/kotlin-stdlib-common-1.3.72.jar (version 1.3)
    /****/.gradle/caches/modules-2/files-2.1/org.jetbrains.kotlin/kotlin-script-runtime/1.4.21/1247decba314790165b4fe94d09c45b09db6b07f/kotlin-script-runtime-1.4.21.jar (version 1.4)
w: Some runtime JAR files in the classpath have an incompatible version. Consider removing them from the classpath
Applying dependency management to configuration 'apiElements-published' in project 'model'
Applying dependency management to configuration 'runtimeElements-published' in project 'model'
All projects evaluated.
Selected primary task 'clean' from project :
Selected primary task 'build' from project :
Resolving global dependency management for project 'model'
Downloading http://nexus/repository/maven-group/org/springframework/boot/spring-boot-dependencies/2.4.1/spring-boot-dependencies-2.4.1.pom to /tmp/gradle_download8735467107205257235bin
Downloading http://nexus/repository/maven-group/com/datastax/oss/java-driver-bom/4.9.0/java-driver-bom-4.9.0.pom to /tmp/gradle_download13728172485650789516bin
Downloading http://nexus/repository/maven-group/io/dropwizard/metrics/metrics-bom/4.1.16/metrics-bom-4.1.16.pom to /tmp/gradle_download16550082783173828973bin
Downloading http://nexus/repository/maven-group/io/dropwizard/metrics/metrics-parent/4.1.16/metrics-parent-4.1.16.pom to /tmp/gradle_download338203563248635875bin
Downloading http://nexus/repository/maven-group/org/codehaus/groovy/groovy-bom/2.5.14/groovy-bom-2.5.14.pom to /tmp/gradle_download15665857960841721868bin
Downloading http://nexus/repository/maven-group/org/infinispan/infinispan-bom/11.0.8.Final/infinispan-bom-11.0.8.Final.pom to /tmp/gradle_download11218629400978114343bin
Downloading http://nexus/repository/maven-group/org/infinispan/infinispan-build-configuration-parent/11.0.8.Final/infinispan-build-configuration-parent-11.0.8.Final.pom to /tmp/gradle_download17118951849174978656bin
Downloading http://nexus/repository/maven-group/org/jboss/jboss-parent/36/jboss-parent-36.pom to /tmp/gradle_download14633658638951943909bin
Found locally available resource with matching checksum: [http://nexus/repository/maven-group/com/fasterxml/jackson/jackson-bom/2.11.3/jackson-bom-2.11.3.pom, /****/.gradle/caches/modules-2/files-2.1/com.fasterxml.jackson/jackson-bom/2.11.3/8517ef9e21b0bf736581febb8f3fbdc49c139ac7/jackson-bom-2.11.3.pom]
Found locally available resource with matching checksum: [http://nexus/repository/maven-group/com/fasterxml/jackson/jackson-parent/2.11/jackson-parent-2.11.pom, /****/.gradle/caches/modules-2/files-2.1/com.fasterxml.jackson/jackson-parent/2.11/89f0f8a7f21a54125e0ae1f72e6cdd50b51c87f3/jackson-parent-2.11.pom]
Found locally available resource with matching checksum: [http://nexus/repository/maven-group/com/fasterxml/oss-parent/38/oss-parent-38.pom, /****/.gradle/caches/modules-2/files-2.1/com.fasterxml/oss-parent/38/ff6b9e9e40c23235f87a44b463995b47adca8dc9/oss-parent-38.pom]
Downloading http://nexus/repository/maven-group/org/glassfish/jersey/jersey-bom/2.32/jersey-bom-2.32.pom to /tmp/gradle_download4134642752234517160bin
Downloading http://nexus/repository/maven-group/org/eclipse/ee4j/project/1.0.6/project-1.0.6.pom to /tmp/gradle_download16747295172488159558bin
Downloading http://nexus/repository/maven-group/org/eclipse/jetty/jetty-bom/9.4.35.v20201120/jetty-bom-9.4.35.v20201120.pom to /tmp/gradle_download757125874431439873bin
Downloading http://nexus/repository/maven-group/org/junit/junit-bom/5.7.0/junit-bom-5.7.0.pom to /tmp/gradle_download18365943685273004310bin
Downloading http://nexus/repository/maven-group/org/junit/junit-bom/5.7.0/junit-bom-5.7.0.module to /tmp/gradle_download643001732893975666bin
Downloading http://nexus/repository/maven-group/org/jetbrains/kotlin/kotlin-bom/1.4.21/kotlin-bom-1.4.21.pom to /tmp/gradle_download13661468066295297691bin
Downloading http://nexus/repository/maven-group/org/jetbrains/kotlinx/kotlinx-coroutines-bom/1.4.2/kotlinx-coroutines-bom-1.4.2.pom to /tmp/gradle_download2014607664219562362bin
Downloading http://nexus/repository/maven-group/org/apache/logging/log4j/log4j-bom/2.13.3/log4j-bom-2.13.3.pom to /tmp/gradle_download6223965542946805103bin
Downloading http://nexus/repository/maven-group/org/apache/logging/logging-parent/1/logging-parent-1.pom to /tmp/gradle_download13431839440727993224bin
Found locally available resource with matching checksum: [http://nexus/repository/maven-group/org/apache/apache/18/apache-18.pom, /****/.gradle/caches/modules-2/files-2.1/org.apache/apache/18/bd408bbea3840f2c7f914b29403e39a90f84fd5f/apache-18.pom]
Downloading http://nexus/repository/maven-group/io/micrometer/micrometer-bom/1.6.2/micrometer-bom-1.6.2.pom to /tmp/gradle_download18304391939207606140bin
Downloading http://nexus/repository/maven-group/io/netty/netty-bom/4.1.55.Final/netty-bom-4.1.55.Final.pom to /tmp/gradle_download9319083628560009528bin
Found locally available resource with matching checksum: [http://nexus/repository/maven-group/org/sonatype/oss/oss-parent/7/oss-parent-7.pom, /****/.gradle/caches/modules-2/files-2.1/org.sonatype.oss/oss-parent/7/46b8a785b60a2767095b8611613b58577e96d4c9/oss-parent-7.pom]
Downloading http://nexus/repository/maven-group/com/oracle/database/jdbc/ojdbc-bom/19.8.0.0/ojdbc-bom-19.8.0.0.pom to /tmp/gradle_download7292248910204749183bin
Downloading http://nexus/repository/maven-group/io/r2dbc/r2dbc-bom/Arabba-SR8/r2dbc-bom-Arabba-SR8.pom to /tmp/gradle_download17394912187379632473bin
Downloading http://nexus/repository/maven-group/io/projectreactor/reactor-bom/2020.0.2/reactor-bom-2020.0.2.pom to /tmp/gradle_download8902194530447119343bin
Downloading http://nexus/repository/maven-group/io/rsocket/rsocket-bom/1.1.0/rsocket-bom-1.1.0.pom to /tmp/gradle_download2357241139257627570bin
Downloading http://nexus/repository/maven-group/org/springframework/data/spring-data-bom/2020.0.2/spring-data-bom-2020.0.2.pom to /tmp/gradle_download1690723833178914016bin
Downloading http://nexus/repository/maven-group/org/springframework/spring-framework-bom/5.3.2/spring-framework-bom-5.3.2.pom to /tmp/gradle_download3183328338889109220bin
Downloading http://nexus/repository/maven-group/org/springframework/spring-framework-bom/5.3.2/spring-framework-bom-5.3.2.module to /tmp/gradle_download14827266281461146343bin
Downloading http://nexus/repository/maven-group/org/springframework/integration/spring-integration-bom/5.4.2/spring-integration-bom-5.4.2.pom to /tmp/gradle_download14925177883662936817bin
Downloading http://nexus/repository/maven-group/org/springframework/integration/spring-integration-bom/5.4.2/spring-integration-bom-5.4.2.module to /tmp/gradle_download17501521092088546693bin
Downloading http://nexus/repository/maven-group/org/springframework/security/spring-security-bom/5.4.2/spring-security-bom-5.4.2.pom to /tmp/gradle_download8408019605684260786bin
Downloading http://nexus/repository/maven-group/org/springframework/session/spring-session-bom/2020.0.1/spring-session-bom-2020.0.1.pom to /tmp/gradle_download1856328210361148968bin
Found locally available resource with matching checksum: [http://nexus/repository/maven-group/org/jetbrains/kotlin/kotlin-compiler-embeddable/1.4.21/kotlin-compiler-embeddable-1.4.21.pom, /****/.gradle/caches/modules-2/files-2.1/org.jetbrains.kotlin/kotlin-compiler-embeddable/1.4.21/98415def7f0dd025e39172d7ecf2b9594980e5a2/kotlin-compiler-embeddable-1.4.21.pom]
Downloading http://nexus/repository/maven-group/org/jetbrains/kotlin/kotlin-stdlib/1.4.21/kotlin-stdlib-1.4.21.pom to /tmp/gradle_download302718393479627781bin
Downloading http://nexus/repository/maven-group/org/jetbrains/kotlin/kotlin-reflect/1.4.21/kotlin-reflect-1.4.21.pom to /tmp/gradle_download13024370459814349518bin
Found locally available resource with matching checksum: [http://nexus/repository/maven-group/org/jetbrains/kotlin/kotlin-daemon-embeddable/1.4.21/kotlin-daemon-embeddable-1.4.21.pom, /****/.gradle/caches/modules-2/files-2.1/org.jetbrains.kotlin/kotlin-daemon-embeddable/1.4.21/9c638d129c3879b265beef60cb0f9073b1ebbba9/kotlin-daemon-embeddable-1.4.21.pom]
Found locally available resource with matching checksum: [http://nexus/repository/maven-group/org/jetbrains/intellij/deps/trove4j/1.0.20181211/trove4j-1.0.20181211.pom, /****/.gradle/caches/modules-2/files-2.1/org.jetbrains.intellij.deps/trove4j/1.0.20181211/ad9cb821b804f05ed013ce89e3ec4d32d101bd79/trove4j-1.0.20181211.pom]
Found locally available resource with matching checksum: [http://nexus/repository/maven-group/org/jetbrains/kotlin/kotlin-script-runtime/1.4.21/kotlin-script-runtime-1.4.21.pom, /****/.gradle/caches/modules-2/files-2.1/org.jetbrains.kotlin/kotlin-script-runtime/1.4.21/3a45a64c975c8470c84901999cba61a1fe562d7e/kotlin-script-runtime-1.4.21.pom]
Downloading http://nexus/repository/maven-group/org/jetbrains/kotlin/kotlin-stdlib-common/1.4.21/kotlin-stdlib-common-1.4.21.pom to /tmp/gradle_download12922791757983704950bin
Found locally available resource with matching checksum: [http://nexus/repository/maven-group/org/jetbrains/annotations/13.0/annotations-13.0.pom, /****/.gradle/caches/modules-2/files-2.1/org.jetbrains/annotations/13.0/fa7d3d07cc80547e2d15bf4839d3267c637c642f/annotations-13.0.pom]
Excluding []
Found locally available resource with matching checksum: [http://nexus/repository/maven-group/org/jetbrains/kotlin/kotlin-compiler-embeddable/1.4.21/kotlin-compiler-embeddable-1.4.21.jar, /****/.gradle/caches/modules-2/files-2.1/org.jetbrains.kotlin/kotlin-compiler-embeddable/1.4.21/87db94500aaf883536ae8c8efdee76bdc839d582/kotlin-compiler-embeddable-1.4.21.jar]
Downloading http://nexus/repository/maven-group/org/jetbrains/kotlin/kotlin-reflect/1.4.21/kotlin-reflect-1.4.21.jar to /tmp/gradle_download9530467952778877288bin
Downloading http://nexus/repository/maven-group/org/jetbrains/kotlin/kotlin-stdlib/1.4.21/kotlin-stdlib-1.4.21.jar to /tmp/gradle_download14638822006533633689bin
Found locally available resource with matching checksum: [http://nexus/repository/maven-group/org/jetbrains/kotlin/kotlin-script-runtime/1.4.21/kotlin-script-runtime-1.4.21.jar, /****/.gradle/caches/modules-2/files-2.1/org.jetbrains.kotlin/kotlin-script-runtime/1.4.21/1247decba314790165b4fe94d09c45b09db6b07f/kotlin-script-runtime-1.4.21.jar]
Found locally available resource with matching checksum: [http://nexus/repository/maven-group/org/jetbrains/kotlin/kotlin-daemon-embeddable/1.4.21/kotlin-daemon-embeddable-1.4.21.jar, /****/.gradle/caches/modules-2/files-2.1/org.jetbrains.kotlin/kotlin-daemon-embeddable/1.4.21/bc95bcebdc871d45d9852b0c01abe9bec373bb52/kotlin-daemon-embeddable-1.4.21.jar]
Found locally available resource with matching checksum: [http://nexus/repository/maven-group/org/jetbrains/intellij/deps/trove4j/1.0.20181211/trove4j-1.0.20181211.jar, /****/.gradle/caches/modules-2/files-2.1/org.jetbrains.intellij.deps/trove4j/1.0.20181211/216c2e14b070f334479d800987affe4054cd563f/trove4j-1.0.20181211.jar]
Downloading http://nexus/repository/maven-group/org/jetbrains/kotlin/kotlin-stdlib-common/1.4.21/kotlin-stdlib-common-1.4.21.jar to /tmp/gradle_download5984095873277938969bin
Found locally available resource with matching checksum: [http://nexus/repository/maven-group/org/jetbrains/annotations/13.0/annotations-13.0.jar, /****/.gradle/caches/modules-2/files-2.1/org.jetbrains/annotations/13.0/919f0dfe192fb4e063e7dacadee7f8bb9a2672a9/annotations-13.0.jar]
Selected primary task 'publish' from project :
Tasks to be executed: [task ':clean', task ':compileKotlin', task ':compileJava', task ':processResources', task ':classes', task ':bootJarMainClassName', task ':bootJar', task ':inspectClassesForKotlinIC', task ':jar', task ':assemble', task ':compileTestKotlin', task ':compileTestJava', task ':processTestResources', task ':testClasses', task ':test', task ':check', task ':build', task ':generateMetadataFileForMavenPublication', task ':generatePomFileForMavenPublication', task ':publishMavenPublicationToMavenRepository', task ':publish']
Tasks that were excluded: []
:clean (Thread[Daemon worker,5,main]) started.

> Task :clean UP-TO-DATE
Caching disabled for task ':clean' because:
  Build cache is disabled
Task ':clean' is not up-to-date because:
  Task has not declared any outputs despite executing actions.
:clean (Thread[Daemon worker,5,main]) completed. Took 0.213 secs.
:compileKotlin (Thread[Daemon worker,5,main]) started.

> Task :compileKotlin
Found locally available resource with matching checksum: [http://nexus/repository/maven-group/org/jetbrains/kotlin/kotlin-scripting-compiler-embeddable/1.4.21/kotlin-scripting-compiler-embeddable-1.4.21.pom, /****/.gradle/caches/modules-2/files-2.1/org.jetbrains.kotlin/kotlin-scripting-compiler-embeddable/1.4.21/30b68e76cec6c51311c35f77c7a80caa919339ec/kotlin-scripting-compiler-embeddable-1.4.21.pom]
Downloading http://nexus/repository/maven-group/org/jetbrains/kotlin/kotlin-allopen/1.4.21/kotlin-allopen-1.4.21.pom to /tmp/gradle_download1617209947536514266bin
Found locally available resource with matching checksum: [http://nexus/repository/maven-group/org/jetbrains/kotlin/kotlin-scripting-compiler-impl-embeddable/1.4.21/kotlin-scripting-compiler-impl-embeddable-1.4.21.pom, /****/.gradle/caches/modules-2/files-2.1/org.jetbrains.kotlin/kotlin-scripting-compiler-impl-embeddable/1.4.21/f22a77380da9a776e9c8c6f6e1485fdb722224b4/kotlin-scripting-compiler-impl-embeddable-1.4.21.pom]
Found locally available resource with matching checksum: [http://nexus/repository/maven-group/org/jetbrains/kotlin/kotlin-gradle-plugin-api/1.4.21/kotlin-gradle-plugin-api-1.4.21.pom, /****/.gradle/caches/modules-2/files-2.1/org.jetbrains.kotlin/kotlin-gradle-plugin-api/1.4.21/c79278ae1dd84c4b319f6e6d79cbe2a1abf1a89a/kotlin-gradle-plugin-api-1.4.21.pom]
Found locally available resource with matching checksum: [http://nexus/repository/maven-group/org/jetbrains/kotlin/kotlin-gradle-plugin-model/1.4.21/kotlin-gradle-plugin-model-1.4.21.pom, /****/.gradle/caches/modules-2/files-2.1/org.jetbrains.kotlin/kotlin-gradle-plugin-model/1.4.21/355aae481f319baf64cfd8b3ab08557bce448ca6/kotlin-gradle-plugin-model-1.4.21.pom]
Found locally available resource with matching checksum: [http://nexus/repository/maven-group/org/jetbrains/kotlin/kotlin-scripting-common/1.4.21/kotlin-scripting-common-1.4.21.pom, /****/.gradle/caches/modules-2/files-2.1/org.jetbrains.kotlin/kotlin-scripting-common/1.4.21/3c51073a9f3fdda25f02767e808ae823f03c786/kotlin-scripting-common-1.4.21.pom]
Downloading http://nexus/repository/maven-group/org/jetbrains/kotlinx/kotlinx-coroutines-core/1.4.2/kotlinx-coroutines-core-1.4.2.pom to /tmp/gradle_download12195631118386275968bin
Downloading http://nexus/repository/maven-group/org/jetbrains/kotlinx/kotlinx-coroutines-core/1.4.2/kotlinx-coroutines-core-1.4.2.module to /tmp/gradle_download13665864379188682332bin
Found locally available resource with matching checksum: [http://nexus/repository/maven-group/org/jetbrains/kotlin/kotlin-scripting-jvm/1.4.21/kotlin-scripting-jvm-1.4.21.pom, /****/.gradle/caches/modules-2/files-2.1/org.jetbrains.kotlin/kotlin-scripting-jvm/1.4.21/95d428231db168e805b72c1384365633fedc6dba/kotlin-scripting-jvm-1.4.21.pom]
Downloading http://nexus/repository/maven-group/org/jetbrains/kotlinx/kotlinx-coroutines-core-jvm/1.4.2/kotlinx-coroutines-core-jvm-1.4.2.pom to /tmp/gradle_download1074691314446476062bin
Downloading http://nexus/repository/maven-group/org/jetbrains/kotlinx/kotlinx-coroutines-core-jvm/1.4.2/kotlinx-coroutines-core-jvm-1.4.2.module to /tmp/gradle_download10711447787229368380bin
Excluding []
Found locally available resource with matching checksum: [http://nexus/repository/maven-group/org/jetbrains/kotlin/kotlin-scripting-compiler-embeddable/1.4.21/kotlin-scripting-compiler-embeddable-1.4.21.jar, /****/.gradle/caches/modules-2/files-2.1/org.jetbrains.kotlin/kotlin-scripting-compiler-embeddable/1.4.21/18ea0b88e5cf079243ef416232ed3af5c20a9374/kotlin-scripting-compiler-embeddable-1.4.21.jar]
Found locally available resource with matching checksum: [http://nexus/repository/maven-group/org/jetbrains/kotlin/kotlin-allopen/1.4.21/kotlin-allopen-1.4.21.jar, /****/.gradle/caches/modules-2/files-2.1/org.jetbrains.kotlin/kotlin-allopen/1.4.21/48394bb11aac52745b099040dda1647f64170dee/kotlin-allopen-1.4.21.jar]
Found locally available resource with matching checksum: [http://nexus/repository/maven-group/org/jetbrains/kotlin/kotlin-scripting-compiler-impl-embeddable/1.4.21/kotlin-scripting-compiler-impl-embeddable-1.4.21.jar, /****/.gradle/caches/modules-2/files-2.1/org.jetbrains.kotlin/kotlin-scripting-compiler-impl-embeddable/1.4.21/64cb0627049ec5b8c5d029355b45174904ace2e7/kotlin-scripting-compiler-impl-embeddable-1.4.21.jar]
Found locally available resource with matching checksum: [http://nexus/repository/maven-group/org/jetbrains/kotlin/kotlin-gradle-plugin-api/1.4.21/kotlin-gradle-plugin-api-1.4.21.jar, /****/.gradle/caches/modules-2/files-2.1/org.jetbrains.kotlin/kotlin-gradle-plugin-api/1.4.21/7beb6a97e87d40bb577f12e6c13c325eef5c4d7b/kotlin-gradle-plugin-api-1.4.21.jar]
Found locally available resource with matching checksum: [http://nexus/repository/maven-group/org/jetbrains/kotlin/kotlin-gradle-plugin-model/1.4.21/kotlin-gradle-plugin-model-1.4.21.jar, /****/.gradle/caches/modules-2/files-2.1/org.jetbrains.kotlin/kotlin-gradle-plugin-model/1.4.21/f5ab13238de3ae2bf8d3343cdab3f9ea6fe24a76/kotlin-gradle-plugin-model-1.4.21.jar]
Found locally available resource with matching checksum: [http://nexus/repository/maven-group/org/jetbrains/kotlin/kotlin-scripting-jvm/1.4.21/kotlin-scripting-jvm-1.4.21.jar, /****/.gradle/caches/modules-2/files-2.1/org.jetbrains.kotlin/kotlin-scripting-jvm/1.4.21/59ecfba69264d8b2fa7687e0f1fa41e4a82301d2/kotlin-scripting-jvm-1.4.21.jar]
Found locally available resource with matching checksum: [http://nexus/repository/maven-group/org/jetbrains/kotlin/kotlin-scripting-common/1.4.21/kotlin-scripting-common-1.4.21.jar, /****/.gradle/caches/modules-2/files-2.1/org.jetbrains.kotlin/kotlin-scripting-common/1.4.21/eb47ff9717becf5bcd1bb7ef5cb92fc3c8aa97e1/kotlin-scripting-common-1.4.21.jar]
Downloading http://nexus/repository/maven-group/org/jetbrains/kotlinx/kotlinx-coroutines-core-jvm/1.4.2/kotlinx-coroutines-core-jvm-1.4.2.jar to /tmp/gradle_download7189163587927811373bin
Downloading http://nexus/repository/maven-group/org/springframework/boot/spring-boot-starter-json/2.4.1/spring-boot-starter-json-2.4.1.pom to /tmp/gradle_download12997681066564896671bin
Downloading http://nexus/repository/maven-group/org/springframework/boot/spring-boot-starter-json/2.4.1/spring-boot-starter-json-2.4.1.module to /tmp/gradle_download14508817021252335810bin
Downloading http://nexus/repository/maven-group/org/jetbrains/kotlin/kotlin-stdlib-jdk8/1.4.21/kotlin-stdlib-jdk8-1.4.21.pom to /tmp/gradle_download9550760320919410411bin
Downloading http://nexus/repository/maven-group/com/fasterxml/jackson/module/jackson-module-kotlin/2.11.3/jackson-module-kotlin-2.11.3.pom to /tmp/gradle_download14760197692581188308bin
Found locally available resource with matching checksum: [http://nexus/repository/maven-group/com/fasterxml/jackson/jackson-base/2.11.3/jackson-base-2.11.3.pom, /****/.gradle/caches/modules-2/files-2.1/com.fasterxml.jackson/jackson-base/2.11.3/c43569c2dd5e74036ca1bf965f0e8e79fce26653/jackson-base-2.11.3.pom]
Downloading http://nexus/repository/maven-group/org/springframework/boot/spring-boot-starter/2.4.1/spring-boot-starter-2.4.1.pom to /tmp/gradle_download15953193157900104730bin
Downloading http://nexus/repository/maven-group/org/springframework/boot/spring-boot-starter/2.4.1/spring-boot-starter-2.4.1.module to /tmp/gradle_download4069160758151278340bin
Found locally available resource with matching checksum: [http://nexus/repository/maven-group/com/fasterxml/jackson/core/jackson-databind/2.11.3/jackson-databind-2.11.3.pom, /****/.gradle/caches/modules-2/files-2.1/com.fasterxml.jackson.core/jackson-databind/2.11.3/3580c45b6e5f2400516c9f9cf65f008b2e882f1b/jackson-databind-2.11.3.pom]
Downloading http://nexus/repository/maven-group/com/fasterxml/jackson/datatype/jackson-datatype-jdk8/2.11.3/jackson-datatype-jdk8-2.11.3.pom to /tmp/gradle_download7629148611527990979bin
Found locally available resource with matching checksum: [http://nexus/repository/maven-group/com/fasterxml/jackson/module/jackson-modules-java8/2.11.3/jackson-modules-java8-2.11.3.pom, /****/.gradle/caches/modules-2/files-2.1/com.fasterxml.jackson.module/jackson-modules-java8/2.11.3/a6cb916ac351b40262ee08284ee6578a9ee942ef/jackson-modules-java8-2.11.3.pom]
Downloading http://nexus/repository/maven-group/com/fasterxml/jackson/datatype/jackson-datatype-jsr310/2.11.3/jackson-datatype-jsr310-2.11.3.pom to /tmp/gradle_download1915094630378479993bin
Found locally available resource with matching checksum: [http://nexus/repository/maven-group/com/fasterxml/jackson/module/jackson-module-parameter-names/2.11.3/jackson-module-parameter-names-2.11.3.pom, /****/.gradle/caches/modules-2/files-2.1/com.fasterxml.jackson.module/jackson-module-parameter-names/2.11.3/677ba5b4eeeef2cb5147b74144ee09e9db965a4a/jackson-module-parameter-names-2.11.3.pom]
Downloading http://nexus/repository/maven-group/org/springframework/spring-web/5.3.2/spring-web-5.3.2.pom to /tmp/gradle_download6323909644104425830bin
Downloading http://nexus/repository/maven-group/org/springframework/spring-web/5.3.2/spring-web-5.3.2.module to /tmp/gradle_download1546836449009604752bin
Found locally available resource with matching checksum: [http://nexus/repository/maven-group/com/fasterxml/jackson/core/jackson-annotations/2.11.3/jackson-annotations-2.11.3.pom, /****/.gradle/caches/modules-2/files-2.1/com.fasterxml.jackson.core/jackson-annotations/2.11.3/e9d6277a71b2d70d2f8bca72cb6379123ece8dda/jackson-annotations-2.11.3.pom]
Downloading http://nexus/repository/maven-group/org/jetbrains/kotlin/kotlin-stdlib-jdk7/1.4.21/kotlin-stdlib-jdk7-1.4.21.pom to /tmp/gradle_download14138425062273958834bin
Downloading http://nexus/repository/maven-group/org/springframework/boot/spring-boot/2.4.1/spring-boot-2.4.1.pom to /tmp/gradle_download203813598402355123bin
Downloading http://nexus/repository/maven-group/org/springframework/boot/spring-boot/2.4.1/spring-boot-2.4.1.module to /tmp/gradle_download17498168974433847356bin
Downloading http://nexus/repository/maven-group/org/springframework/boot/spring-boot-starter-logging/2.4.1/spring-boot-starter-logging-2.4.1.pom to /tmp/gradle_download17311437418092606573bin
Downloading http://nexus/repository/maven-group/org/springframework/boot/spring-boot-starter-logging/2.4.1/spring-boot-starter-logging-2.4.1.module to /tmp/gradle_download4734105536187169081bin
Downloading http://nexus/repository/maven-group/jakarta/annotation/jakarta.annotation-api/1.3.5/jakarta.annotation-api-1.3.5.pom to /tmp/gradle_download1887172211578358734bin
Downloading http://nexus/repository/maven-group/jakarta/annotation/ca-parent/1.3.5/ca-parent-1.3.5.pom to /tmp/gradle_download5212010484057448225bin
Downloading http://nexus/repository/maven-group/org/eclipse/ee4j/project/1.0.5/project-1.0.5.pom to /tmp/gradle_download13337768653969399656bin
Found locally available resource with matching checksum: [http://nexus/repository/maven-group/org/springframework/spring-core/5.3.2/spring-core-5.3.2.pom, /****/.gradle/caches/modules-2/files-2.1/org.springframework/spring-core/5.3.2/85f264de7415ef8c9c54f578b62f62eec8c64038/spring-core-5.3.2.pom]
Cache entries evicted. In-memory cache of /workspace/source/.gradle/checksums/sha1-checksums.bin: Size{321} MaxSize{400}, CacheStats{hitCount=175, missCount=321, loadSuccessCount=322, loadExceptionCount=0, totalLoadTime=312949071, evictionCount=1} 
Performance may suffer from in-memory cache misses. Increase max heap size of Gradle build process to reduce cache misses.
Found locally available resource with matching checksum: [http://nexus/repository/maven-group/org/springframework/spring-core/5.3.2/spring-core-5.3.2.module, /****/.gradle/caches/modules-2/files-2.1/org.springframework/spring-core/5.3.2/2887f8aa3238792f87e7cbcd05bfb55a3329a4f4/spring-core-5.3.2.module]
Downloading http://nexus/repository/maven-group/org/yaml/snakeyaml/1.27/snakeyaml-1.27.pom to /tmp/gradle_download3573415062488063129bin
Downloading http://nexus/repository/maven-group/org/springframework/boot/spring-boot-autoconfigure/2.4.1/spring-boot-autoconfigure-2.4.1.pom to /tmp/gradle_download16052434314805883588bin
Downloading http://nexus/repository/maven-group/org/springframework/boot/spring-boot-autoconfigure/2.4.1/spring-boot-autoconfigure-2.4.1.module to /tmp/gradle_download129801541573140332bin
Downloading http://nexus/repository/maven-group/org/springframework/spring-beans/5.3.2/spring-beans-5.3.2.pom to /tmp/gradle_download5881312341233174031bin
Downloading http://nexus/repository/maven-group/org/springframework/spring-beans/5.3.2/spring-beans-5.3.2.module to /tmp/gradle_download13334452980842310481bin
Found locally available resource with matching checksum: [http://nexus/repository/maven-group/com/fasterxml/jackson/core/jackson-core/2.11.3/jackson-core-2.11.3.pom, /****/.gradle/caches/modules-2/files-2.1/com.fasterxml.jackson.core/jackson-core/2.11.3/7cbce59647c9f408b01a0d7f9a266ab801dc8a6e/jackson-core-2.11.3.pom]
Downloading http://nexus/repository/maven-group/org/springframework/spring-context/5.3.2/spring-context-5.3.2.pom to /tmp/gradle_download18310921882478434476bin
Downloading http://nexus/repository/maven-group/org/springframework/spring-context/5.3.2/spring-context-5.3.2.module to /tmp/gradle_download13911320252315115818bin
Downloading http://nexus/repository/maven-group/ch/qos/logback/logback-classic/1.2.3/logback-classic-1.2.3.pom to /tmp/gradle_download1435366806074413370bin
Downloading http://nexus/repository/maven-group/ch/qos/logback/logback-parent/1.2.3/logback-parent-1.2.3.pom to /tmp/gradle_download15243395647242237711bin
Downloading http://nexus/repository/maven-group/org/slf4j/jul-to-slf4j/1.7.30/jul-to-slf4j-1.7.30.pom to /tmp/gradle_download8219206451062693173bin
Downloading http://nexus/repository/maven-group/org/slf4j/slf4j-parent/1.7.30/slf4j-parent-1.7.30.pom to /tmp/gradle_download3272564667814429286bin
Downloading http://nexus/repository/maven-group/org/apache/logging/log4j/log4j-to-slf4j/2.13.3/log4j-to-slf4j-2.13.3.pom to /tmp/gradle_download4249405993395173972bin
Downloading http://nexus/repository/maven-group/org/apache/logging/log4j/log4j/2.13.3/log4j-2.13.3.pom to /tmp/gradle_download6489569674231114785bin
Found locally available resource with matching checksum: [http://nexus/repository/maven-group/org/apache/apache/21/apache-21.pom, /****/.gradle/caches/modules-2/files-2.1/org.apache/apache/21/649b700a1b2b4a1d87e7ae8e3f47bfe101b2a4a5/apache-21.pom]
Found locally available resource with matching checksum: [http://nexus/repository/maven-group/org/springframework/spring-jcl/5.3.2/spring-jcl-5.3.2.pom, /****/.gradle/caches/modules-2/files-2.1/org.springframework/spring-jcl/5.3.2/b8d47cf2cd92a2c586a08edefddc1092cd16fe47/spring-jcl-5.3.2.pom]
Found locally available resource with matching checksum: [http://nexus/repository/maven-group/org/springframework/spring-jcl/5.3.2/spring-jcl-5.3.2.module, /****/.gradle/caches/modules-2/files-2.1/org.springframework/spring-jcl/5.3.2/877770a15f965829792a3f2f4e73be1619a0e295/spring-jcl-5.3.2.module]
Downloading http://nexus/repository/maven-group/org/springframework/spring-aop/5.3.2/spring-aop-5.3.2.pom to /tmp/gradle_download4454906838166990785bin
Downloading http://nexus/repository/maven-group/org/springframework/spring-aop/5.3.2/spring-aop-5.3.2.module to /tmp/gradle_download9359198082440494945bin
Downloading http://nexus/repository/maven-group/org/springframework/spring-expression/5.3.2/spring-expression-5.3.2.pom to /tmp/gradle_download5732976170087593712bin
Downloading http://nexus/repository/maven-group/org/springframework/spring-expression/5.3.2/spring-expression-5.3.2.module to /tmp/gradle_download16253113613652235107bin
Downloading http://nexus/repository/maven-group/ch/qos/logback/logback-core/1.2.3/logback-core-1.2.3.pom to /tmp/gradle_download6433501989382440661bin
Downloading http://nexus/repository/maven-group/org/slf4j/slf4j-api/1.7.30/slf4j-api-1.7.30.pom to /tmp/gradle_download13916991635151198736bin
Downloading http://nexus/repository/maven-group/org/apache/logging/log4j/log4j-api/2.13.3/log4j-api-2.13.3.pom to /tmp/gradle_download14763003505990301054bin
Excluding []
Downloading http://nexus/repository/maven-group/org/springframework/boot/spring-boot-starter-json/2.4.1/spring-boot-starter-json-2.4.1.jar to /tmp/gradle_download13383982127884285694bin
Downloading http://nexus/repository/maven-group/com/fasterxml/jackson/module/jackson-module-kotlin/2.11.3/jackson-module-kotlin-2.11.3.jar to /tmp/gradle_download397503929004156507bin
Downloading http://nexus/repository/maven-group/org/jetbrains/kotlin/kotlin-stdlib-jdk8/1.4.21/kotlin-stdlib-jdk8-1.4.21.jar to /tmp/gradle_download13075867441394856887bin
Downloading http://nexus/repository/maven-group/org/springframework/boot/spring-boot-starter/2.4.1/spring-boot-starter-2.4.1.jar to /tmp/gradle_download16461387914202913184bin
Downloading http://nexus/repository/maven-group/org/springframework/spring-web/5.3.2/spring-web-5.3.2.jar to /tmp/gradle_download4306759981142410352bin
Downloading http://nexus/repository/maven-group/com/fasterxml/jackson/datatype/jackson-datatype-jdk8/2.11.3/jackson-datatype-jdk8-2.11.3.jar to /tmp/gradle_download10320359137420172234bin
Downloading http://nexus/repository/maven-group/com/fasterxml/jackson/datatype/jackson-datatype-jsr310/2.11.3/jackson-datatype-jsr310-2.11.3.jar to /tmp/gradle_download15833966669409130088bin
Found locally available resource with matching checksum: [http://nexus/repository/maven-group/com/fasterxml/jackson/module/jackson-module-parameter-names/2.11.3/jackson-module-parameter-names-2.11.3.jar, /****/.gradle/caches/modules-2/files-2.1/com.fasterxml.jackson.module/jackson-module-parameter-names/2.11.3/ab66d5c5b8008161ae89be8a3d98efff9ef1b915/jackson-module-parameter-names-2.11.3.jar]
Found locally available resource with matching checksum: [http://nexus/repository/maven-group/com/fasterxml/jackson/core/jackson-databind/2.11.3/jackson-databind-2.11.3.jar, /****/.gradle/caches/modules-2/files-2.1/com.fasterxml.jackson.core/jackson-databind/2.11.3/4f7b27416934dc929bb6c2d2c5fe521829e6a4ec/jackson-databind-2.11.3.jar]
Found locally available resource with matching checksum: [http://nexus/repository/maven-group/com/fasterxml/jackson/core/jackson-annotations/2.11.3/jackson-annotations-2.11.3.jar, /****/.gradle/caches/modules-2/files-2.1/com.fasterxml.jackson.core/jackson-annotations/2.11.3/25d4e9c777e7a8805c4a000a8629d3009c779c9b/jackson-annotations-2.11.3.jar]
Downloading http://nexus/repository/maven-group/org/jetbrains/kotlin/kotlin-stdlib-jdk7/1.4.21/kotlin-stdlib-jdk7-1.4.21.jar to /tmp/gradle_download15702221091179054734bin
Downloading http://nexus/repository/maven-group/org/springframework/boot/spring-boot-autoconfigure/2.4.1/spring-boot-autoconfigure-2.4.1.jar to /tmp/gradle_download12767490908323057144bin
Downloading http://nexus/repository/maven-group/org/springframework/boot/spring-boot/2.4.1/spring-boot-2.4.1.jar to /tmp/gradle_download3383756320440390765bin
Downloading http://nexus/repository/maven-group/org/springframework/boot/spring-boot-starter-logging/2.4.1/spring-boot-starter-logging-2.4.1.jar to /tmp/gradle_download2355752744913048946bin
Downloading http://nexus/repository/maven-group/jakarta/annotation/jakarta.annotation-api/1.3.5/jakarta.annotation-api-1.3.5.jar to /tmp/gradle_download10901432164817917534bin
Downloading http://nexus/repository/maven-group/org/springframework/spring-context/5.3.2/spring-context-5.3.2.jar to /tmp/gradle_download5300955144887362529bin
Downloading http://nexus/repository/maven-group/org/springframework/spring-aop/5.3.2/spring-aop-5.3.2.jar to /tmp/gradle_download110729459880292916bin
Downloading http://nexus/repository/maven-group/org/springframework/spring-beans/5.3.2/spring-beans-5.3.2.jar to /tmp/gradle_download15786042809561036144bin
Downloading http://nexus/repository/maven-group/org/springframework/spring-expression/5.3.2/spring-expression-5.3.2.jar to /tmp/gradle_download12451428987978085341bin
Found locally available resource with matching checksum: [http://nexus/repository/maven-group/org/springframework/spring-core/5.3.2/spring-core-5.3.2.jar, /****/.gradle/caches/modules-2/files-2.1/org.springframework/spring-core/5.3.2/152489ed8223a6ad19065a3cd1ee6b9e20c0b82f/spring-core-5.3.2.jar]
Downloading http://nexus/repository/maven-group/org/yaml/snakeyaml/1.27/snakeyaml-1.27.jar to /tmp/gradle_download15882925921516180245bin
Found locally available resource with matching checksum: [http://nexus/repository/maven-group/com/fasterxml/jackson/core/jackson-core/2.11.3/jackson-core-2.11.3.jar, /****/.gradle/caches/modules-2/files-2.1/com.fasterxml.jackson.core/jackson-core/2.11.3/c2351800432bdbdd8284c3f5a7f0782a352aa84a/jackson-core-2.11.3.jar]
Downloading http://nexus/repository/maven-group/ch/qos/logback/logback-classic/1.2.3/logback-classic-1.2.3.jar to /tmp/gradle_download2565599997150296659bin
Downloading http://nexus/repository/maven-group/org/apache/logging/log4j/log4j-to-slf4j/2.13.3/log4j-to-slf4j-2.13.3.jar to /tmp/gradle_download12939245730722968252bin
Downloading http://nexus/repository/maven-group/org/slf4j/jul-to-slf4j/1.7.30/jul-to-slf4j-1.7.30.jar to /tmp/gradle_download14359301886388889298bin
Found locally available resource with matching checksum: [http://nexus/repository/maven-group/org/springframework/spring-jcl/5.3.2/spring-jcl-5.3.2.jar, /****/.gradle/caches/modules-2/files-2.1/org.springframework/spring-jcl/5.3.2/5a9fc63ea825fe0de40cefd6d4985490ceabefbb/spring-jcl-5.3.2.jar]
Downloading http://nexus/repository/maven-group/ch/qos/logback/logback-core/1.2.3/logback-core-1.2.3.jar to /tmp/gradle_download8072879337826612923bin
Downloading http://nexus/repository/maven-group/org/slf4j/slf4j-api/1.7.30/slf4j-api-1.7.30.jar to /tmp/gradle_download14232666863959634737bin
Downloading http://nexus/repository/maven-group/org/apache/logging/log4j/log4j-api/2.13.3/log4j-api-2.13.3.jar to /tmp/gradle_download17597720302342554238bin
Caching disabled for task ':compileKotlin' because:
  Build cache is disabled
Task ':compileKotlin' is not up-to-date because:
  No history is available.
The input changes require a full rebuild for incremental task ':compileKotlin'.
file or directory '/workspace/source/src/main/java', not found
file or directory '/workspace/source/src/main/java', not found
file or directory '/workspace/source/src/main/java', not found
file or directory '/workspace/source/src/main/java', not found
Using Kotlin/JVM incremental compilation
i: starting the daemon as: /usr/lib/jvm/java-11-openjdk-11.0.9.11-2.el7_9.x86_64/bin/java -cp /****/.gradle/caches/modules-2/files-2.1/org.jetbrains.kotlin/kotlin-compiler-embeddable/1.4.21/87db94500aaf883536ae8c8efdee76bdc839d582/kotlin-compiler-embeddable-1.4.21.jar:/****/.gradle/caches/modules-2/files-2.1/org.jetbrains.kotlin/kotlin-reflect/1.4.21/748f681f4e3edbe9285ff46710c79049c70f4dfa/kotlin-reflect-1.4.21.jar:/****/.gradle/caches/modules-2/files-2.1/org.jetbrains.kotlin/kotlin-stdlib/1.4.21/4a668382d7c38688d3490afde93b6a113ed46698/kotlin-stdlib-1.4.21.jar:/****/.gradle/caches/modules-2/files-2.1/org.jetbrains.kotlin/kotlin-script-runtime/1.4.21/1247decba314790165b4fe94d09c45b09db6b07f/kotlin-script-runtime-1.4.21.jar:/****/.gradle/caches/modules-2/files-2.1/org.jetbrains.kotlin/kotlin-daemon-embeddable/1.4.21/bc95bcebdc871d45d9852b0c01abe9bec373bb52/kotlin-daemon-embeddable-1.4.21.jar:/****/.gradle/caches/modules-2/files-2.1/org.jetbrains.intellij.deps/trove4j/1.0.20181211/216c2e14b070f334479d800987affe4054cd563f/trove4j-1.0.20181211.jar:/****/.gradle/caches/modules-2/files-2.1/org.jetbrains.kotlin/kotlin-stdlib-common/1.4.21/7f48a062aa4b53215998780f7c245a4276828e1d/kotlin-stdlib-common-1.4.21.jar:/****/.gradle/caches/modules-2/files-2.1/org.jetbrains/annotations/13.0/919f0dfe192fb4e063e7dacadee7f8bb9a2672a9/annotations-13.0.jar -Djava.awt.headless=true -Djava.rmi.server.hostname=127.0.0.1 -Xmx512m -XX:MaxMetaspaceSize=256m -Dkotlin.environment.keepalive -ea org.jetbrains.kotlin.daemon.KotlinCompileDaemon --daemon-runFilesPath /****/.kotlin/daemon --daemon-autoshutdownIdleSeconds=7200 --daemon-compilerClasspath /****/.gradle/caches/modules-2/files-2.1/org.jetbrains.kotlin/kotlin-compiler-embeddable/1.4.21/87db94500aaf883536ae8c8efdee76bdc839d582/kotlin-compiler-embeddable-1.4.21.jar:/****/.gradle/caches/modules-2/files-2.1/org.jetbrains.kotlin/kotlin-reflect/1.4.21/748f681f4e3edbe9285ff46710c79049c70f4dfa/kotlin-reflect-1.4.21.jar:/****/.gradle/caches/modules-2/files-2.1/org.jetbrains.kotlin/kotlin-stdlib/1.4.21/4a668382d7c38688d3490afde93b6a113ed46698/kotlin-stdlib-1.4.21.jar:/****/.gradle/caches/modules-2/files-2.1/org.jetbrains.kotlin/kotlin-script-runtime/1.4.21/1247decba314790165b4fe94d09c45b09db6b07f/kotlin-script-runtime-1.4.21.jar:/****/.gradle/caches/modules-2/files-2.1/org.jetbrains.kotlin/kotlin-daemon-embeddable/1.4.21/bc95bcebdc871d45d9852b0c01abe9bec373bb52/kotlin-daemon-embeddable-1.4.21.jar:/****/.gradle/caches/modules-2/files-2.1/org.jetbrains.intellij.deps/trove4j/1.0.20181211/216c2e14b070f334479d800987affe4054cd563f/trove4j-1.0.20181211.jar:/****/.gradle/caches/modules-2/files-2.1/org.jetbrains.kotlin/kotlin-stdlib-common/1.4.21/7f48a062aa4b53215998780f7c245a4276828e1d/kotlin-stdlib-common-1.4.21.jar:/****/.gradle/caches/modules-2/files-2.1/org.jetbrains/annotations/13.0/919f0dfe192fb4e063e7dacadee7f8bb9a2672a9/annotations-13.0.jar
i: Received the message signalling that the daemon is ready
i: new daemon started, trying to find it
i: found daemon on port 17070 (174 ms old), trying to connect
i: connected to the daemon
Options for KOTLIN DAEMON: IncrementalCompilationOptions(super=CompilationOptions(compilerMode=INCREMENTAL_COMPILER, targetPlatform=JVM, reportCategories=[0], reportSeverity=2, requestedCompilationResults=[0]kotlinScriptExtensions=[kt, kts, java]), areFileChangesKnown=false, modifiedFiles=null, deletedFiles=null, workingDir=/workspace/source/build/kotlin/compileKotlin, multiModuleICSettings=MultiModuleICSettings(buildHistoryFile=/workspace/source/build/kotlin/compileKotlin/build-history.bin, useModuleDetection=false), usePreciseJavaTracking=trueoutputFiles=[/workspace/source/build/classes/kotlin/main, /workspace/source/build/kotlin/compileKotlin])
:compileKotlin (Thread[Daemon worker,5,main]) completed. Took 16.917 secs.
:compileJava (Thread[Daemon worker,5,main]) started.

> Task :compileJava NO-SOURCE
file or directory '/workspace/source/src/main/java', not found
Skipping task ':compileJava' as it has no source files and no previous output files.
:compileJava (Thread[Daemon worker,5,main]) completed. Took 0.007 secs.
:processResources (Thread[Daemon worker,5,main]) started.

> Task :processResources
Caching disabled for task ':processResources' because:
  Build cache is disabled
Task ':processResources' is not up-to-date because:
  No history is available.
:processResources (Thread[Daemon worker,5,main]) completed. Took 0.075 secs.
:classes (Thread[Daemon worker,5,main]) started.

> Task :classes
Skipping task ':classes' as it has no actions.
:classes (Thread[Daemon worker,5,main]) completed. Took 0.001 secs.
:bootJarMainClassName (Thread[Daemon worker,5,main]) started.

> Task :bootJarMainClassName
Excluding []
Excluding []
Excluding []
Caching disabled for task ':bootJarMainClassName' because:
  Build cache is disabled
Task ':bootJarMainClassName' is not up-to-date because:
  No history is available.
:bootJarMainClassName (Thread[Daemon worker,5,main]) completed. Took 0.309 secs.
:bootJar (Thread[Daemon worker,5,main]) started.

> Task :bootJar SKIPPED
Skipping task ':bootJar' as task onlyIf is false.
:bootJar (Thread[Daemon worker,5,main]) completed. Took 0.06 secs.
:inspectClassesForKotlinIC (Thread[Daemon worker,5,main]) started.

> Task :inspectClassesForKotlinIC
Caching disabled for task ':inspectClassesForKotlinIC' because:
  Build cache is disabled
Task ':inspectClassesForKotlinIC' is not up-to-date because:
  No history is available.
file or directory '/workspace/source/build/classes/java/main', not found
:inspectClassesForKotlinIC (Thread[Daemon worker,5,main]) completed. Took 0.009 secs.
:jar (Thread[Daemon worker,5,main]) started.

> Task :jar
file or directory '/workspace/source/build/classes/java/main', not found
Caching disabled for task ':jar' because:
  Build cache is disabled
Task ':jar' is not up-to-date because:
  No history is available.
file or directory '/workspace/source/build/classes/java/main', not found
:jar (Thread[Daemon worker,5,main]) completed. Took 0.02 secs.
:assemble (Thread[Daemon worker,5,main]) started.

> Task :assemble
Skipping task ':assemble' as it has no actions.
:assemble (Thread[Daemon worker,5,main]) completed. Took 0.0 secs.
:compileTestKotlin (Thread[Daemon worker,5,main]) started.

> Task :compileTestKotlin NO-SOURCE
file or directory '/workspace/source/src/test/kotlin', not found
file or directory '/workspace/source/src/test/java', not found
Skipping task ':compileTestKotlin' as it has no source files and no previous output files.
:compileTestKotlin (Thread[Daemon worker,5,main]) completed. Took 0.001 secs.
:compileTestJava (Thread[Daemon worker,5,main]) started.

> Task :compileTestJava NO-SOURCE
file or directory '/workspace/source/src/test/java', not found
Skipping task ':compileTestJava' as it has no source files and no previous output files.
:compileTestJava (Thread[Daemon worker,5,main]) completed. Took 0.065 secs.
:processTestResources (Thread[Daemon worker,5,main]) started.

> Task :processTestResources NO-SOURCE
file or directory '/workspace/source/src/test/resources', not found
Skipping task ':processTestResources' as it has no source files and no previous output files.
:processTestResources (Thread[Daemon worker,5,main]) completed. Took 0.001 secs.
:testClasses (Thread[Daemon worker,5,main]) started.

> Task :testClasses UP-TO-DATE
Skipping task ':testClasses' as it has no actions.
:testClasses (Thread[Daemon worker,5,main]) completed. Took 0.0 secs.
:test (Thread[Daemon worker,5,main]) started.

> Task :test NO-SOURCE
file or directory '/workspace/source/build/classes/java/test', not found
file or directory '/workspace/source/build/classes/kotlin/test', not found
Skipping task ':test' as it has no source files and no previous output files.
:test (Thread[Daemon worker,5,main]) completed. Took 0.003 secs.
:check (Thread[Daemon worker,5,main]) started.

> Task :check UP-TO-DATE
Skipping task ':check' as it has no actions.
:check (Thread[Daemon worker,5,main]) completed. Took 0.001 secs.
:build (Thread[Daemon worker,5,main]) started.

> Task :build
Skipping task ':build' as it has no actions.
:build (Thread[Daemon worker,5,main]) completed. Took 0.0 secs.
:generateMetadataFileForMavenPublication (Thread[Daemon worker,5,main]) started.

> Task :generateMetadataFileForMavenPublication
Caching disabled for task ':generateMetadataFileForMavenPublication' because:
  Build cache is disabled
Task ':generateMetadataFileForMavenPublication' is not up-to-date because:
  Task.upToDateWhen is false.
:generateMetadataFileForMavenPublication (Thread[Daemon worker,5,main]) completed. Took 0.022 secs.
:generatePomFileForMavenPublication (Thread[Daemon worker,5,main]) started.

> Task :generatePomFileForMavenPublication
Caching disabled for task ':generatePomFileForMavenPublication' because:
  Build cache is disabled
Task ':generatePomFileForMavenPublication' is not up-to-date because:
  Task.upToDateWhen is false.
:generatePomFileForMavenPublication (Thread[Daemon worker,5,main]) completed. Took 0.916 secs.
:publishMavenPublicationToMavenRepository (Thread[Daemon worker,5,main]) started.

> Task :publishMavenPublicationToMavenRepository
Caching disabled for task ':publishMavenPublicationToMavenRepository' because:
  Build cache is disabled
Task ':publishMavenPublicationToMavenRepository' is not up-to-date because:
  Task has not declared any outputs despite executing actions.
Publishing to repository 'maven' (http://nexus/repository/maven-releases/)
Uploading model-0.0.4.jar to /repository/maven-releases/com/simonjamesrowe/model/0.0.4/model-0.0.4.jar
Uploading model-0.0.4.pom to /repository/maven-releases/com/simonjamesrowe/model/0.0.4/model-0.0.4.pom
Uploading model-0.0.4.module to /repository/maven-releases/com/simonjamesrowe/model/0.0.4/model-0.0.4.module
Uploading maven-metadata.xml to /repository/maven-releases/com/simonjamesrowe/model/maven-metadata.xml
Cannot upload checksum for module-maven-metadata.xml. Remote repository doesn't support sha-256. Error: Could not PUT 'http://nexus/repository/maven-releases/com/simonjamesrowe/model/maven-metadata.xml.sha256'. Received status code 400 from server: Bad Request
Cannot upload checksum for module-maven-metadata.xml. Remote repository doesn't support sha-512. Error: Could not PUT 'http://nexus/repository/maven-releases/com/simonjamesrowe/model/maven-metadata.xml.sha512'. Received status code 400 from server: Bad Request
:publishMavenPublicationToMavenRepository (Thread[Daemon worker,5,main]) completed. Took 0.327 secs.
:publish (Thread[Daemon worker,5,main]) started.

> Task :publish
Skipping task ':publish' as it has no actions.
:publish (Thread[Daemon worker,5,main]) completed. Took 0.0 secs.

Deprecated Gradle features were used in this build, making it incompatible with Gradle 7.0.
Use '--warning-mode all' to show the individual deprecation warnings.
See https://docs.gradle.org/6.5.1/userguide/command_line_interface.html#sec:command_line_warnings

BUILD SUCCESSFUL in 2m 13s
9 actionable tasks: 8 executed, 1 up-to-date
